<?xml version="1.0" encoding="utf-8"?>
<CoverageSession xmlns:xsd="http://www.w3.org/2001/XMLSchema" xmlns:xsi="http://www.w3.org/2001/XMLSchema-instance" Version="0.0.0.0">
  <Summary numSequencePoints="1943" visitedSequencePoints="1752" numBranchPoints="0" visitedBranchPoints="0" sequenceCoverage="90.17" branchCoverage="0.0" maxCyclomaticComplexity="13" minCyclomaticComplexity="1" maxCrapScore="31.32" minCrapScore="1" visitedClasses="34" numClasses="34" visitedMethods="231" numMethods="231" />
  <Modules>
    <Module>
      <Summary numSequencePoints="1943" visitedSequencePoints="1752" numBranchPoints="0" visitedBranchPoints="0" sequenceCoverage="90.17" branchCoverage="0.0" maxCyclomaticComplexity="13" minCyclomaticComplexity="1" maxCrapScore="31.32" minCrapScore="1" visitedClasses="34" numClasses="34" visitedMethods="231" numMethods="231" />
      <ModuleTime>0001-01-01T00:00:00</ModuleTime>
      <ModuleName>Scripts</ModuleName>
      <Files>
        <File uid="1" fullPath="E:/CWUT/2024-S-GROUP8-CW/Crypto Wars/Assets/Scripts/Battles.cs" />
        <File uid="2" fullPath="E:/CWUT/2024-S-GROUP8-CW/Crypto Wars/Assets/Scripts/Building.cs" />
        <File uid="3" fullPath="E:/CWUT/2024-S-GROUP8-CW/Crypto Wars/Assets/Scripts/buildingRegistry.cs" />
        <File uid="4" fullPath="E:/CWUT/2024-S-GROUP8-CW/Crypto Wars/Assets/Scripts/CameraScript.cs" />
        <File uid="5" fullPath="E:/CWUT/2024-S-GROUP8-CW/Crypto Wars/Assets/Scripts/cardRegistry.cs" />
        <File uid="6" fullPath="E:/CWUT/2024-S-GROUP8-CW/Crypto Wars/Assets/Scripts/CardStack.cs" />
        <File uid="7" fullPath="E:/CWUT/2024-S-GROUP8-CW/Crypto Wars/Assets/Scripts/Card_Abstract.cs" />
        <File uid="8" fullPath="E:/CWUT/2024-S-GROUP8-CW/Crypto Wars/Assets/Scripts/CreateDefenseSystem.cs" />
        <File uid="9" fullPath="E:/CWUT/2024-S-GROUP8-CW/Crypto Wars/Assets/Scripts/EndTurn.cs" />
        <File uid="10" fullPath="E:/CWUT/2024-S-GROUP8-CW/Crypto Wars/Assets/Scripts/GameManager.cs" />
        <File uid="11" fullPath="E:/CWUT/2024-S-GROUP8-CW/Crypto Wars/Assets/Scripts/GUI/AttackButtonScript.cs" />
        <File uid="12" fullPath="E:/CWUT/2024-S-GROUP8-CW/Crypto Wars/Assets/Scripts/GUI/BuildButtonScript.cs" />
        <File uid="13" fullPath="E:/CWUT/2024-S-GROUP8-CW/Crypto Wars/Assets/Scripts/GUI/CancelButton.cs" />
        <File uid="14" fullPath="E:/CWUT/2024-S-GROUP8-CW/Crypto Wars/Assets/Scripts/GUI/EscapeMenu.cs" />
        <File uid="15" fullPath="E:/CWUT/2024-S-GROUP8-CW/Crypto Wars/Assets/Scripts/GUI/HandManager.cs" />
        <File uid="16" fullPath="E:/CWUT/2024-S-GROUP8-CW/Crypto Wars/Assets/Scripts/GUI/InventoryManager.cs" />
        <File uid="17" fullPath="E:/CWUT/2024-S-GROUP8-CW/Crypto Wars/Assets/Scripts/GUI/InventorySelection.cs" />
        <File uid="18" fullPath="E:/CWUT/2024-S-GROUP8-CW/Crypto Wars/Assets/Scripts/GUI/MainMenu.cs" />
        <File uid="19" fullPath="E:/CWUT/2024-S-GROUP8-CW/Crypto Wars/Assets/Scripts/GUI/PlayerList.cs" />
        <File uid="20" fullPath="E:/CWUT/2024-S-GROUP8-CW/Crypto Wars/Assets/Scripts/GUI/SettingsMenu.cs" />
        <File uid="21" fullPath="E:/CWUT/2024-S-GROUP8-CW/Crypto Wars/Assets/Scripts/GUI/Stash.cs" />
        <File uid="22" fullPath="E:/CWUT/2024-S-GROUP8-CW/Crypto Wars/Assets/Scripts/GUI/VictoryScreen.cs" />
        <File uid="23" fullPath="E:/CWUT/2024-S-GROUP8-CW/Crypto Wars/Assets/Scripts/Hand.cs" />
        <File uid="24" fullPath="E:/CWUT/2024-S-GROUP8-CW/Crypto Wars/Assets/Scripts/Inventory.cs" />
        <File uid="25" fullPath="E:/CWUT/2024-S-GROUP8-CW/Crypto Wars/Assets/Scripts/MapGenerator.cs" />
        <File uid="26" fullPath="E:/CWUT/2024-S-GROUP8-CW/Crypto Wars/Assets/Scripts/PlayerController.cs" />
        <File uid="27" fullPath="E:/CWUT/2024-S-GROUP8-CW/Crypto Wars/Assets/Scripts/PlayerScript.cs" />
        <File uid="28" fullPath="E:/CWUT/2024-S-GROUP8-CW/Crypto Wars/Assets/Scripts/TileScript.cs" />
        <File uid="29" fullPath="E:/CWUT/2024-S-GROUP8-CW/Crypto Wars/Assets/Scripts/TurnMaster.cs" />
        <File uid="30" fullPath="E:/CWUT/2024-S-GROUP8-CW/Crypto Wars/Assets/Scripts/WinConditions.cs" />
      </Files>
      <Classes>
        <Class>
          <Summary numSequencePoints="111" visitedSequencePoints="84" numBranchPoints="0" visitedBranchPoints="0" sequenceCoverage="75.68" branchCoverage="0.0" maxCyclomaticComplexity="9" minCyclomaticComplexity="1" maxCrapScore="12.51" minCrapScore="1" visitedClasses="1" numClasses="1" visitedMethods="6" numMethods="6" />
          <FullName>Battles</FullName>
          <Methods>
            <Method visited="true" cyclomaticComplexity="9" nPathComplexity="0" sequenceCoverage="64.86" branchCoverage="0" crapScore="12.51" isConstructor="false" isStatic="false" isGetter="false" isSetter="false">
              <Summary numSequencePoints="37" visitedSequencePoints="24" numBranchPoints="0" visitedBranchPoints="0" sequenceCoverage="64.86" branchCoverage="0" maxCyclomaticComplexity="9" minCyclomaticComplexity="9" maxCrapScore="12.51" minCrapScore="12.51" visitedClasses="0" numClasses="0" visitedMethods="1" numMethods="1" />
              <MetadataToken>100663298</MetadataToken>
              <Name>Player Battles::CalculateWinner(System.Collections.Generic.List[Card], System.Collections.Generic.List[Card], Player, Player)</Name>
              <FileRef uid="1" />
              <SequencePoints>
                <SequencePoint vc="2" uspid="2404" ordinal="0" offset="0" sl="109" sc="124" el="109" ec="124" bec="0" bev="0" fileid="1" />
                <SequencePoint vc="2" uspid="2405" ordinal="0" offset="1" sl="119" sc="9" el="119" ec="9" bec="0" bev="0" fileid="1" />
                <SequencePoint vc="2" uspid="2406" ordinal="0" offset="3" sl="120" sc="9" el="120" ec="9" bec="0" bev="0" fileid="1" />
                <SequencePoint vc="2" uspid="2407" ordinal="0" offset="6" sl="124" sc="9" el="124" ec="9" bec="0" bev="0" fileid="1" />
                <SequencePoint vc="0" uspid="2408" ordinal="0" offset="19" sl="124" sc="33" el="124" ec="33" bec="0" bev="0" fileid="1" />
                <SequencePoint vc="0" uspid="2409" ordinal="0" offset="20" sl="125" sc="13" el="125" ec="13" bec="0" bev="0" fileid="1" />
                <SequencePoint vc="0" uspid="2410" ordinal="0" offset="80" sl="126" sc="13" el="126" ec="13" bec="0" bev="0" fileid="1" />
                <SequencePoint vc="2" uspid="2411" ordinal="0" offset="87" sl="128" sc="14" el="128" ec="14" bec="0" bev="0" fileid="1" />
                <SequencePoint vc="1" uspid="2412" ordinal="0" offset="107" sl="128" sc="50" el="128" ec="50" bec="0" bev="0" fileid="1" />
                <SequencePoint vc="1" uspid="2413" ordinal="0" offset="108" sl="129" sc="13" el="129" ec="13" bec="0" bev="0" fileid="1" />
                <SequencePoint vc="1" uspid="2414" ordinal="0" offset="135" sl="130" sc="13" el="130" ec="13" bec="0" bev="0" fileid="1" />
                <SequencePoint vc="1" uspid="2415" ordinal="0" offset="144" sl="131" sc="9" el="131" ec="9" bec="0" bev="0" fileid="1" />
                <SequencePoint vc="1" uspid="2416" ordinal="0" offset="147" sl="132" sc="14" el="132" ec="14" bec="0" bev="0" fileid="1" />
                <SequencePoint vc="1" uspid="2417" ordinal="0" offset="167" sl="132" sc="50" el="132" ec="50" bec="0" bev="0" fileid="1" />
                <SequencePoint vc="1" uspid="2418" ordinal="0" offset="168" sl="133" sc="13" el="133" ec="13" bec="0" bev="0" fileid="1" />
                <SequencePoint vc="1" uspid="2419" ordinal="0" offset="196" sl="134" sc="13" el="134" ec="13" bec="0" bev="0" fileid="1" />
                <SequencePoint vc="1" uspid="2420" ordinal="0" offset="205" sl="135" sc="9" el="135" ec="9" bec="0" bev="0" fileid="1" />
                <SequencePoint vc="0" uspid="2421" ordinal="0" offset="208" sl="136" sc="14" el="136" ec="14" bec="0" bev="0" fileid="1" />
                <SequencePoint vc="0" uspid="2422" ordinal="0" offset="228" sl="136" sc="51" el="136" ec="51" bec="0" bev="0" fileid="1" />
                <SequencePoint vc="0" uspid="2423" ordinal="0" offset="229" sl="137" sc="13" el="137" ec="13" bec="0" bev="0" fileid="1" />
                <SequencePoint vc="0" uspid="2424" ordinal="0" offset="256" sl="138" sc="14" el="138" ec="14" bec="0" bev="0" fileid="1" />
                <SequencePoint vc="0" uspid="2425" ordinal="0" offset="265" sl="139" sc="9" el="139" ec="9" bec="0" bev="0" fileid="1" />
                <SequencePoint vc="19" uspid="2426" ordinal="0" offset="268" sl="143" sc="59" el="143" ec="59" bec="0" bev="0" fileid="1" />
                <SequencePoint vc="19" uspid="2427" ordinal="0" offset="269" sl="144" sc="13" el="144" ec="13" bec="0" bev="0" fileid="1" />
                <SequencePoint vc="19" uspid="2428" ordinal="0" offset="284" sl="145" sc="13" el="145" ec="13" bec="0" bev="0" fileid="1" />
                <SequencePoint vc="19" uspid="2429" ordinal="0" offset="293" sl="146" sc="9" el="146" ec="9" bec="0" bev="0" fileid="1" />
                <SequencePoint vc="21" uspid="2430" ordinal="0" offset="294" sl="143" sc="9" el="143" ec="9" bec="0" bev="0" fileid="1" />
                <SequencePoint vc="2" uspid="2431" ordinal="0" offset="320" sl="149" sc="9" el="149" ec="9" bec="0" bev="0" fileid="1" />
                <SequencePoint vc="2" uspid="2432" ordinal="0" offset="335" sl="149" sc="33" el="149" ec="33" bec="0" bev="0" fileid="1" />
                <SequencePoint vc="2" uspid="2433" ordinal="0" offset="336" sl="150" sc="13" el="150" ec="13" bec="0" bev="0" fileid="1" />
                <SequencePoint vc="2" uspid="2434" ordinal="0" offset="363" sl="151" sc="13" el="151" ec="13" bec="0" bev="0" fileid="1" />
                <SequencePoint vc="0" uspid="2435" ordinal="0" offset="367" sl="153" sc="14" el="153" ec="14" bec="0" bev="0" fileid="1" />
                <SequencePoint vc="0" uspid="2436" ordinal="0" offset="382" sl="153" sc="39" el="153" ec="39" bec="0" bev="0" fileid="1" />
                <SequencePoint vc="0" uspid="2437" ordinal="0" offset="383" sl="154" sc="13" el="154" ec="13" bec="0" bev="0" fileid="1" />
                <SequencePoint vc="0" uspid="2438" ordinal="0" offset="411" sl="155" sc="13" el="155" ec="13" bec="0" bev="0" fileid="1" />
                <SequencePoint vc="0" uspid="2439" ordinal="0" offset="416" sl="158" sc="9" el="158" ec="9" bec="0" bev="0" fileid="1" />
                <SequencePoint vc="2" uspid="2440" ordinal="0" offset="420" sl="159" sc="5" el="159" ec="5" bec="0" bev="0" fileid="1" />
              </SequencePoints>
              <BranchPoints />
            </Method>
            <Method visited="true" cyclomaticComplexity="8" nPathComplexity="0" sequenceCoverage="72.55" branchCoverage="0" crapScore="9.32" isConstructor="false" isStatic="false" isGetter="false" isSetter="false">
              <Summary numSequencePoints="51" visitedSequencePoints="37" numBranchPoints="0" visitedBranchPoints="0" sequenceCoverage="72.55" branchCoverage="0" maxCyclomaticComplexity="8" minCyclomaticComplexity="8" maxCrapScore="9.32" minCrapScore="9.32" visitedClasses="0" numClasses="0" visitedMethods="1" numMethods="1" />
              <MetadataToken>100663299</MetadataToken>
              <Name>System.Void Battles::Attack(System.Collections.Generic.List[Card], System.Collections.Generic.List[Card])</Name>
              <FileRef uid="1" />
              <SequencePoints>
                <SequencePoint vc="21" uspid="2441" ordinal="0" offset="0" sl="163" sc="65" el="163" ec="65" bec="0" bev="0" fileid="1" />
                <SequencePoint vc="21" uspid="2442" ordinal="0" offset="1" sl="164" sc="10" el="164" ec="10" bec="0" bev="0" fileid="1" />
                <SequencePoint vc="21" uspid="2443" ordinal="0" offset="19" sl="165" sc="10" el="165" ec="10" bec="0" bev="0" fileid="1" />
                <SequencePoint vc="32" uspid="2444" ordinal="0" offset="26" sl="168" sc="30" el="168" ec="30" bec="0" bev="0" fileid="1" />
                <SequencePoint vc="32" uspid="2445" ordinal="0" offset="27" sl="169" sc="13" el="169" ec="13" bec="0" bev="0" fileid="1" />
                <SequencePoint vc="32" uspid="2446" ordinal="0" offset="35" sl="170" sc="13" el="170" ec="13" bec="0" bev="0" fileid="1" />
                <SequencePoint vc="32" uspid="2447" ordinal="0" offset="43" sl="172" sc="13" el="172" ec="13" bec="0" bev="0" fileid="1" />
                <SequencePoint vc="0" uspid="2448" ordinal="0" offset="59" sl="172" sc="43" el="172" ec="43" bec="0" bev="0" fileid="1" />
                <SequencePoint vc="0" uspid="2449" ordinal="0" offset="60" sl="173" sc="17" el="173" ec="17" bec="0" bev="0" fileid="1" />
                <SequencePoint vc="0" uspid="2450" ordinal="0" offset="75" sl="174" sc="17" el="174" ec="17" bec="0" bev="0" fileid="1" />
                <SequencePoint vc="0" uspid="2451" ordinal="0" offset="143" sl="175" sc="17" el="175" ec="17" bec="0" bev="0" fileid="1" />
                <SequencePoint vc="0" uspid="2452" ordinal="0" offset="170" sl="176" sc="17" el="176" ec="17" bec="0" bev="0" fileid="1" />
                <SequencePoint vc="0" uspid="2453" ordinal="0" offset="185" sl="176" sc="52" el="176" ec="52" bec="0" bev="0" fileid="1" />
                <SequencePoint vc="0" uspid="2454" ordinal="0" offset="186" sl="177" sc="21" el="177" ec="21" bec="0" bev="0" fileid="1" />
                <SequencePoint vc="0" uspid="2455" ordinal="0" offset="194" sl="178" sc="21" el="178" ec="21" bec="0" bev="0" fileid="1" />
                <SequencePoint vc="0" uspid="2456" ordinal="0" offset="221" sl="179" sc="21" el="179" ec="21" bec="0" bev="0" fileid="1" />
                <SequencePoint vc="0" uspid="2457" ordinal="0" offset="225" sl="180" sc="21" el="180" ec="21" bec="0" bev="0" fileid="1" />
                <SequencePoint vc="0" uspid="2458" ordinal="0" offset="230" sl="182" sc="13" el="182" ec="13" bec="0" bev="0" fileid="1" />
                <SequencePoint vc="32" uspid="2459" ordinal="0" offset="236" sl="183" sc="18" el="183" ec="18" bec="0" bev="0" fileid="1" />
                <SequencePoint vc="32" uspid="2460" ordinal="0" offset="237" sl="184" sc="17" el="184" ec="17" bec="0" bev="0" fileid="1" />
                <SequencePoint vc="3" uspid="2461" ordinal="0" offset="263" sl="184" sc="76" el="184" ec="76" bec="0" bev="0" fileid="1" />
                <SequencePoint vc="3" uspid="2462" ordinal="0" offset="264" sl="185" sc="21" el="185" ec="21" bec="0" bev="0" fileid="1" />
                <SequencePoint vc="3" uspid="2463" ordinal="0" offset="272" sl="186" sc="21" el="186" ec="21" bec="0" bev="0" fileid="1" />
                <SequencePoint vc="3" uspid="2464" ordinal="0" offset="299" sl="187" sc="21" el="187" ec="21" bec="0" bev="0" fileid="1" />
                <SequencePoint vc="3" uspid="2465" ordinal="0" offset="303" sl="193" sc="21" el="193" ec="21" bec="0" bev="0" fileid="1" />
                <SequencePoint vc="3" uspid="2466" ordinal="0" offset="318" sl="194" sc="21" el="194" ec="21" bec="0" bev="0" fileid="1" />
                <SequencePoint vc="3" uspid="2467" ordinal="0" offset="386" sl="195" sc="17" el="195" ec="17" bec="0" bev="0" fileid="1" />
                <SequencePoint vc="29" uspid="2468" ordinal="0" offset="392" sl="196" sc="22" el="196" ec="22" bec="0" bev="0" fileid="1" />
                <SequencePoint vc="29" uspid="2469" ordinal="0" offset="415" sl="196" sc="80" el="196" ec="80" bec="0" bev="0" fileid="1" />
                <SequencePoint vc="29" uspid="2470" ordinal="0" offset="416" sl="197" sc="21" el="197" ec="21" bec="0" bev="0" fileid="1" />
                <SequencePoint vc="29" uspid="2471" ordinal="0" offset="436" sl="198" sc="21" el="198" ec="21" bec="0" bev="0" fileid="1" />
                <SequencePoint vc="29" uspid="2472" ordinal="0" offset="504" sl="199" sc="21" el="199" ec="21" bec="0" bev="0" fileid="1" />
                <SequencePoint vc="29" uspid="2473" ordinal="0" offset="523" sl="199" sc="51" el="199" ec="51" bec="0" bev="0" fileid="1" />
                <SequencePoint vc="29" uspid="2474" ordinal="0" offset="524" sl="200" sc="25" el="200" ec="25" bec="0" bev="0" fileid="1" />
                <SequencePoint vc="29" uspid="2475" ordinal="0" offset="539" sl="201" sc="25" el="201" ec="25" bec="0" bev="0" fileid="1" />
                <SequencePoint vc="29" uspid="2476" ordinal="0" offset="607" sl="202" sc="25" el="202" ec="25" bec="0" bev="0" fileid="1" />
                <SequencePoint vc="1" uspid="2477" ordinal="0" offset="622" sl="202" sc="60" el="202" ec="60" bec="0" bev="0" fileid="1" />
                <SequencePoint vc="1" uspid="2478" ordinal="0" offset="623" sl="203" sc="29" el="203" ec="29" bec="0" bev="0" fileid="1" />
                <SequencePoint vc="1" uspid="2479" ordinal="0" offset="631" sl="204" sc="29" el="204" ec="29" bec="0" bev="0" fileid="1" />
                <SequencePoint vc="1" uspid="2480" ordinal="0" offset="658" sl="205" sc="29" el="205" ec="29" bec="0" bev="0" fileid="1" />
                <SequencePoint vc="1" uspid="2481" ordinal="0" offset="662" sl="206" sc="29" el="206" ec="29" bec="0" bev="0" fileid="1" />
                <SequencePoint vc="28" uspid="2482" ordinal="0" offset="664" sl="208" sc="21" el="208" ec="21" bec="0" bev="0" fileid="1" />
                <SequencePoint vc="0" uspid="2483" ordinal="0" offset="667" sl="209" sc="26" el="209" ec="26" bec="0" bev="0" fileid="1" />
                <SequencePoint vc="0" uspid="2484" ordinal="0" offset="668" sl="210" sc="25" el="210" ec="25" bec="0" bev="0" fileid="1" />
                <SequencePoint vc="0" uspid="2485" ordinal="0" offset="736" sl="211" sc="21" el="211" ec="21" bec="0" bev="0" fileid="1" />
                <SequencePoint vc="28" uspid="2486" ordinal="0" offset="737" sl="212" sc="17" el="212" ec="17" bec="0" bev="0" fileid="1" />
                <SequencePoint vc="31" uspid="2487" ordinal="0" offset="738" sl="213" sc="13" el="213" ec="13" bec="0" bev="0" fileid="1" />
                <SequencePoint vc="31" uspid="2488" ordinal="0" offset="739" sl="214" sc="13" el="214" ec="13" bec="0" bev="0" fileid="1" />
                <SequencePoint vc="31" uspid="2489" ordinal="0" offset="743" sl="215" sc="9" el="215" ec="9" bec="0" bev="0" fileid="1" />
                <SequencePoint vc="53" uspid="2490" ordinal="0" offset="744" sl="168" sc="10" el="168" ec="10" bec="0" bev="0" fileid="1" />
                <SequencePoint vc="21" uspid="2491" ordinal="0" offset="757" sl="217" sc="5" el="217" ec="5" bec="0" bev="0" fileid="1" />
              </SequencePoints>
              <BranchPoints />
            </Method>
            <Method visited="true" cyclomaticComplexity="3" nPathComplexity="0" sequenceCoverage="100.0" branchCoverage="0" crapScore="3" isConstructor="false" isStatic="false" isGetter="false" isSetter="false">
              <Summary numSequencePoints="10" visitedSequencePoints="10" numBranchPoints="0" visitedBranchPoints="0" sequenceCoverage="100.0" branchCoverage="0" maxCyclomaticComplexity="3" minCyclomaticComplexity="3" maxCrapScore="3" minCrapScore="3" visitedClasses="0" numClasses="0" visitedMethods="1" numMethods="1" />
              <MetadataToken>100663300</MetadataToken>
              <Name>System.Void Battles::Swap(System.Collections.Generic.List`1[[Card, Scripts, Version=0.0.0.0, Culture=neutral, PublicKeyToken=null]]&amp;, System.Collections.Generic.List`1[[Card, Scripts, Version=0.0.0.0, Culture=neutral, PublicKeyToken=null]]&amp;, Player&amp;, Player&amp;)</Name>
              <FileRef uid="1" />
              <SequencePoints>
                <SequencePoint vc="19" uspid="2492" ordinal="0" offset="0" sl="221" sc="97" el="221" ec="97" bec="0" bev="0" fileid="1" />
                <SequencePoint vc="19" uspid="2493" ordinal="0" offset="1" sl="222" sc="9" el="222" ec="9" bec="0" bev="0" fileid="1" />
                <SequencePoint vc="19" uspid="2494" ordinal="0" offset="4" sl="223" sc="9" el="223" ec="9" bec="0" bev="0" fileid="1" />
                <SequencePoint vc="19" uspid="2495" ordinal="0" offset="8" sl="224" sc="9" el="224" ec="9" bec="0" bev="0" fileid="1" />
                <SequencePoint vc="19" uspid="2496" ordinal="0" offset="11" sl="226" sc="9" el="226" ec="9" bec="0" bev="0" fileid="1" />
                <SequencePoint vc="19" uspid="2497" ordinal="0" offset="56" sl="228" sc="9" el="228" ec="9" bec="0" bev="0" fileid="1" />
                <SequencePoint vc="19" uspid="2498" ordinal="0" offset="101" sl="231" sc="9" el="231" ec="9" bec="0" bev="0" fileid="1" />
                <SequencePoint vc="19" uspid="2499" ordinal="0" offset="104" sl="232" sc="9" el="232" ec="9" bec="0" bev="0" fileid="1" />
                <SequencePoint vc="19" uspid="2500" ordinal="0" offset="109" sl="233" sc="9" el="233" ec="9" bec="0" bev="0" fileid="1" />
                <SequencePoint vc="19" uspid="2501" ordinal="0" offset="113" sl="234" sc="5" el="234" ec="5" bec="0" bev="0" fileid="1" />
              </SequencePoints>
              <BranchPoints />
            </Method>
            <Method visited="true" cyclomaticComplexity="1" nPathComplexity="0" sequenceCoverage="100.0" branchCoverage="0" crapScore="1" isConstructor="false" isStatic="false" isGetter="false" isSetter="false">
              <Summary numSequencePoints="4" visitedSequencePoints="4" numBranchPoints="0" visitedBranchPoints="0" sequenceCoverage="100.0" branchCoverage="0" maxCyclomaticComplexity="1" minCyclomaticComplexity="1" maxCrapScore="1" minCrapScore="1" visitedClasses="0" numClasses="0" visitedMethods="1" numMethods="1" />
              <MetadataToken>100663301</MetadataToken>
              <Name>System.Boolean Battles::DodgeAttack(Card)</Name>
              <FileRef uid="1" />
              <SequencePoints>
                <SequencePoint vc="32" uspid="2502" ordinal="0" offset="0" sl="270" sc="47" el="270" ec="47" bec="0" bev="0" fileid="1" />
                <SequencePoint vc="32" uspid="2503" ordinal="0" offset="1" sl="271" sc="12" el="271" ec="12" bec="0" bev="0" fileid="1" />
                <SequencePoint vc="32" uspid="2504" ordinal="0" offset="17" sl="273" sc="12" el="273" ec="12" bec="0" bev="0" fileid="1" />
                <SequencePoint vc="32" uspid="2505" ordinal="0" offset="32" sl="274" sc="5" el="274" ec="5" bec="0" bev="0" fileid="1" />
              </SequencePoints>
              <BranchPoints />
            </Method>
            <Method visited="true" cyclomaticComplexity="1" nPathComplexity="0" sequenceCoverage="100.0" branchCoverage="0" crapScore="1" isConstructor="false" isStatic="false" isGetter="false" isSetter="false">
              <Summary numSequencePoints="4" visitedSequencePoints="4" numBranchPoints="0" visitedBranchPoints="0" sequenceCoverage="100.0" branchCoverage="0" maxCyclomaticComplexity="1" minCyclomaticComplexity="1" maxCrapScore="1" minCrapScore="1" visitedClasses="0" numClasses="0" visitedMethods="1" numMethods="1" />
              <MetadataToken>100663302</MetadataToken>
              <Name>System.Boolean Battles::KeepAttack(Card)</Name>
              <FileRef uid="1" />
              <SequencePoints>
                <SequencePoint vc="29" uspid="2506" ordinal="0" offset="0" sl="277" sc="46" el="277" ec="46" bec="0" bev="0" fileid="1" />
                <SequencePoint vc="29" uspid="2507" ordinal="0" offset="1" sl="278" sc="12" el="278" ec="12" bec="0" bev="0" fileid="1" />
                <SequencePoint vc="29" uspid="2508" ordinal="0" offset="17" sl="280" sc="12" el="280" ec="12" bec="0" bev="0" fileid="1" />
                <SequencePoint vc="29" uspid="2509" ordinal="0" offset="32" sl="281" sc="5" el="281" ec="5" bec="0" bev="0" fileid="1" />
              </SequencePoints>
              <BranchPoints />
            </Method>
            <Method visited="true" cyclomaticComplexity="1" nPathComplexity="0" sequenceCoverage="100.0" branchCoverage="0" crapScore="1" isConstructor="true" isStatic="false" isGetter="false" isSetter="false">
              <Summary numSequencePoints="5" visitedSequencePoints="5" numBranchPoints="0" visitedBranchPoints="0" sequenceCoverage="100.0" branchCoverage="0" maxCyclomaticComplexity="1" minCyclomaticComplexity="1" maxCrapScore="1" minCrapScore="1" visitedClasses="0" numClasses="0" visitedMethods="1" numMethods="1" />
              <MetadataToken>100663297</MetadataToken>
              <Name>Battles::Battles()</Name>
              <FileRef uid="1" />
              <SequencePoints>
                <SequencePoint vc="43" uspid="2510" ordinal="0" offset="0" sl="10" sc="5" el="10" ec="5" bec="0" bev="0" fileid="1" />
                <SequencePoint vc="43" uspid="2511" ordinal="0" offset="11" sl="11" sc="5" el="11" ec="5" bec="0" bev="0" fileid="1" />
                <SequencePoint vc="43" uspid="2512" ordinal="0" offset="22" sl="37" sc="5" el="37" ec="5" bec="0" bev="0" fileid="1" />
                <SequencePoint vc="43" uspid="2513" ordinal="0" offset="29" sl="37" sc="21" el="37" ec="21" bec="0" bev="0" fileid="1" />
                <SequencePoint vc="43" uspid="2514" ordinal="0" offset="30" sl="40" sc="5" el="40" ec="5" bec="0" bev="0" fileid="1" />
              </SequencePoints>
              <BranchPoints />
            </Method>
          </Methods>
        </Class>
        <Class>
          <Summary numSequencePoints="34" visitedSequencePoints="34" numBranchPoints="0" visitedBranchPoints="0" sequenceCoverage="100.0" branchCoverage="0.0" maxCyclomaticComplexity="1" minCyclomaticComplexity="1" maxCrapScore="1" minCrapScore="1" visitedClasses="1" numClasses="1" visitedMethods="10" numMethods="10" />
          <FullName>Building</FullName>
          <Methods>
            <Method visited="true" cyclomaticComplexity="1" nPathComplexity="0" sequenceCoverage="100.0" branchCoverage="0" crapScore="1" isConstructor="false" isStatic="false" isGetter="false" isSetter="false">
              <Summary numSequencePoints="3" visitedSequencePoints="3" numBranchPoints="0" visitedBranchPoints="0" sequenceCoverage="100.0" branchCoverage="0" maxCyclomaticComplexity="1" minCyclomaticComplexity="1" maxCrapScore="1" minCrapScore="1" visitedClasses="0" numClasses="0" visitedMethods="1" numMethods="1" />
              <MetadataToken>100663304</MetadataToken>
              <Name>Player Building::GetOwner()</Name>
              <FileRef uid="2" />
              <SequencePoints>
                <SequencePoint vc="2" uspid="2515" ordinal="0" offset="0" sl="27" sc="5" el="27" ec="5" bec="0" bev="0" fileid="2" />
                <SequencePoint vc="2" uspid="2516" ordinal="0" offset="1" sl="28" sc="9" el="28" ec="9" bec="0" bev="0" fileid="2" />
                <SequencePoint vc="2" uspid="2517" ordinal="0" offset="10" sl="29" sc="5" el="29" ec="5" bec="0" bev="0" fileid="2" />
              </SequencePoints>
              <BranchPoints />
            </Method>
            <Method visited="true" cyclomaticComplexity="1" nPathComplexity="0" sequenceCoverage="100.0" branchCoverage="0" crapScore="1" isConstructor="false" isStatic="false" isGetter="false" isSetter="false">
              <Summary numSequencePoints="3" visitedSequencePoints="3" numBranchPoints="0" visitedBranchPoints="0" sequenceCoverage="100.0" branchCoverage="0" maxCyclomaticComplexity="1" minCyclomaticComplexity="1" maxCrapScore="1" minCrapScore="1" visitedClasses="0" numClasses="0" visitedMethods="1" numMethods="1" />
              <MetadataToken>100663305</MetadataToken>
              <Name>System.Void Building::SetOwner(Player)</Name>
              <FileRef uid="2" />
              <SequencePoints>
                <SequencePoint vc="1" uspid="2518" ordinal="0" offset="0" sl="32" sc="5" el="32" ec="5" bec="0" bev="0" fileid="2" />
                <SequencePoint vc="1" uspid="2519" ordinal="0" offset="1" sl="33" sc="9" el="33" ec="9" bec="0" bev="0" fileid="2" />
                <SequencePoint vc="1" uspid="2520" ordinal="0" offset="8" sl="34" sc="5" el="34" ec="5" bec="0" bev="0" fileid="2" />
              </SequencePoints>
              <BranchPoints />
            </Method>
            <Method visited="true" cyclomaticComplexity="1" nPathComplexity="0" sequenceCoverage="100.0" branchCoverage="0" crapScore="1" isConstructor="false" isStatic="false" isGetter="false" isSetter="false">
              <Summary numSequencePoints="3" visitedSequencePoints="3" numBranchPoints="0" visitedBranchPoints="0" sequenceCoverage="100.0" branchCoverage="0" maxCyclomaticComplexity="1" minCyclomaticComplexity="1" maxCrapScore="1" minCrapScore="1" visitedClasses="0" numClasses="0" visitedMethods="1" numMethods="1" />
              <MetadataToken>100663309</MetadataToken>
              <Name>System.Single Building::GetPercentageFilled()</Name>
              <FileRef uid="2" />
              <SequencePoints>
                <SequencePoint vc="1" uspid="2530" ordinal="0" offset="0" sl="52" sc="5" el="52" ec="5" bec="0" bev="0" fileid="2" />
                <SequencePoint vc="1" uspid="2531" ordinal="0" offset="1" sl="53" sc="9" el="53" ec="9" bec="0" bev="0" fileid="2" />
                <SequencePoint vc="1" uspid="2532" ordinal="0" offset="19" sl="54" sc="5" el="54" ec="5" bec="0" bev="0" fileid="2" />
              </SequencePoints>
              <BranchPoints />
            </Method>
            <Method visited="true" cyclomaticComplexity="1" nPathComplexity="0" sequenceCoverage="100.0" branchCoverage="0" crapScore="1" isConstructor="false" isStatic="false" isGetter="false" isSetter="false">
              <Summary numSequencePoints="3" visitedSequencePoints="3" numBranchPoints="0" visitedBranchPoints="0" sequenceCoverage="100.0" branchCoverage="0" maxCyclomaticComplexity="1" minCyclomaticComplexity="1" maxCrapScore="1" minCrapScore="1" visitedClasses="0" numClasses="0" visitedMethods="1" numMethods="1" />
              <MetadataToken>100663310</MetadataToken>
              <Name>System.Int32 Building::GetTimeToProduce()</Name>
              <FileRef uid="2" />
              <SequencePoints>
                <SequencePoint vc="112" uspid="2533" ordinal="0" offset="0" sl="57" sc="5" el="57" ec="5" bec="0" bev="0" fileid="2" />
                <SequencePoint vc="112" uspid="2534" ordinal="0" offset="1" sl="58" sc="9" el="58" ec="9" bec="0" bev="0" fileid="2" />
                <SequencePoint vc="112" uspid="2535" ordinal="0" offset="10" sl="59" sc="5" el="59" ec="5" bec="0" bev="0" fileid="2" />
              </SequencePoints>
              <BranchPoints />
            </Method>
            <Method visited="true" cyclomaticComplexity="1" nPathComplexity="0" sequenceCoverage="100.0" branchCoverage="0" crapScore="1" isConstructor="false" isStatic="false" isGetter="false" isSetter="false">
              <Summary numSequencePoints="3" visitedSequencePoints="3" numBranchPoints="0" visitedBranchPoints="0" sequenceCoverage="100.0" branchCoverage="0" maxCyclomaticComplexity="1" minCyclomaticComplexity="1" maxCrapScore="1" minCrapScore="1" visitedClasses="0" numClasses="0" visitedMethods="1" numMethods="1" />
              <MetadataToken>100663311</MetadataToken>
              <Name>System.Int32 Building::GetAmount()</Name>
              <FileRef uid="2" />
              <SequencePoints>
                <SequencePoint vc="112" uspid="2536" ordinal="0" offset="0" sl="62" sc="5" el="62" ec="5" bec="0" bev="0" fileid="2" />
                <SequencePoint vc="112" uspid="2537" ordinal="0" offset="1" sl="63" sc="9" el="63" ec="9" bec="0" bev="0" fileid="2" />
                <SequencePoint vc="112" uspid="2538" ordinal="0" offset="10" sl="64" sc="5" el="64" ec="5" bec="0" bev="0" fileid="2" />
              </SequencePoints>
              <BranchPoints />
            </Method>
            <Method visited="true" cyclomaticComplexity="1" nPathComplexity="0" sequenceCoverage="100.0" branchCoverage="0" crapScore="1" isConstructor="false" isStatic="false" isGetter="false" isSetter="false">
              <Summary numSequencePoints="3" visitedSequencePoints="3" numBranchPoints="0" visitedBranchPoints="0" sequenceCoverage="100.0" branchCoverage="0" maxCyclomaticComplexity="1" minCyclomaticComplexity="1" maxCrapScore="1" minCrapScore="1" visitedClasses="0" numClasses="0" visitedMethods="1" numMethods="1" />
              <MetadataToken>100663313</MetadataToken>
              <Name>System.Void Building::SetCard(Card)</Name>
              <FileRef uid="2" />
              <SequencePoints>
                <SequencePoint vc="235" uspid="2542" ordinal="0" offset="0" sl="72" sc="5" el="72" ec="5" bec="0" bev="0" fileid="2" />
                <SequencePoint vc="235" uspid="2543" ordinal="0" offset="1" sl="73" sc="9" el="73" ec="9" bec="0" bev="0" fileid="2" />
                <SequencePoint vc="235" uspid="2544" ordinal="0" offset="8" sl="74" sc="5" el="74" ec="5" bec="0" bev="0" fileid="2" />
              </SequencePoints>
              <BranchPoints />
            </Method>
            <Method visited="true" cyclomaticComplexity="1" nPathComplexity="0" sequenceCoverage="100.0" branchCoverage="0" crapScore="1" isConstructor="false" isStatic="false" isGetter="false" isSetter="false">
              <Summary numSequencePoints="3" visitedSequencePoints="3" numBranchPoints="0" visitedBranchPoints="0" sequenceCoverage="100.0" branchCoverage="0" maxCyclomaticComplexity="1" minCyclomaticComplexity="1" maxCrapScore="1" minCrapScore="1" visitedClasses="0" numClasses="0" visitedMethods="1" numMethods="1" />
              <MetadataToken>100663314</MetadataToken>
              <Name>Card Building::GetCard()</Name>
              <FileRef uid="2" />
              <SequencePoints>
                <SequencePoint vc="112" uspid="2545" ordinal="0" offset="0" sl="77" sc="5" el="77" ec="5" bec="0" bev="0" fileid="2" />
                <SequencePoint vc="112" uspid="2546" ordinal="0" offset="1" sl="78" sc="9" el="78" ec="9" bec="0" bev="0" fileid="2" />
                <SequencePoint vc="112" uspid="2547" ordinal="0" offset="10" sl="79" sc="5" el="79" ec="5" bec="0" bev="0" fileid="2" />
              </SequencePoints>
              <BranchPoints />
            </Method>
            <Method visited="true" cyclomaticComplexity="1" nPathComplexity="0" sequenceCoverage="100.0" branchCoverage="0" crapScore="1" isConstructor="false" isStatic="false" isGetter="false" isSetter="false">
              <Summary numSequencePoints="3" visitedSequencePoints="3" numBranchPoints="0" visitedBranchPoints="0" sequenceCoverage="100.0" branchCoverage="0" maxCyclomaticComplexity="1" minCyclomaticComplexity="1" maxCrapScore="1" minCrapScore="1" visitedClasses="0" numClasses="0" visitedMethods="1" numMethods="1" />
              <MetadataToken>100663315</MetadataToken>
              <Name>System.String Building::GetName()</Name>
              <FileRef uid="2" />
              <SequencePoints>
                <SequencePoint vc="274" uspid="2548" ordinal="0" offset="0" sl="82" sc="5" el="82" ec="5" bec="0" bev="0" fileid="2" />
                <SequencePoint vc="274" uspid="2549" ordinal="0" offset="1" sl="83" sc="9" el="83" ec="9" bec="0" bev="0" fileid="2" />
                <SequencePoint vc="274" uspid="2550" ordinal="0" offset="10" sl="84" sc="5" el="84" ec="5" bec="0" bev="0" fileid="2" />
              </SequencePoints>
              <BranchPoints />
            </Method>
            <Method visited="true" cyclomaticComplexity="1" nPathComplexity="0" sequenceCoverage="100.0" branchCoverage="0" crapScore="1" isConstructor="false" isStatic="false" isGetter="false" isSetter="false">
              <Summary numSequencePoints="3" visitedSequencePoints="3" numBranchPoints="0" visitedBranchPoints="0" sequenceCoverage="100.0" branchCoverage="0" maxCyclomaticComplexity="1" minCyclomaticComplexity="1" maxCrapScore="1" minCrapScore="1" visitedClasses="0" numClasses="0" visitedMethods="1" numMethods="1" />
              <MetadataToken>100663317</MetadataToken>
              <Name>UnityEngine.Vector2 Building::GetPosition()</Name>
              <FileRef uid="2" />
              <SequencePoints>
                <SequencePoint vc="2" uspid="2554" ordinal="0" offset="0" sl="92" sc="5" el="92" ec="5" bec="0" bev="0" fileid="2" />
                <SequencePoint vc="2" uspid="2555" ordinal="0" offset="1" sl="93" sc="9" el="93" ec="9" bec="0" bev="0" fileid="2" />
                <SequencePoint vc="2" uspid="2556" ordinal="0" offset="10" sl="94" sc="5" el="94" ec="5" bec="0" bev="0" fileid="2" />
              </SequencePoints>
              <BranchPoints />
            </Method>
            <Method visited="true" cyclomaticComplexity="1" nPathComplexity="0" sequenceCoverage="100.0" branchCoverage="0" crapScore="1" isConstructor="true" isStatic="false" isGetter="false" isSetter="false">
              <Summary numSequencePoints="7" visitedSequencePoints="7" numBranchPoints="0" visitedBranchPoints="0" sequenceCoverage="100.0" branchCoverage="0" maxCyclomaticComplexity="1" minCyclomaticComplexity="1" maxCrapScore="1" minCrapScore="1" visitedClasses="0" numClasses="0" visitedMethods="1" numMethods="1" />
              <MetadataToken>100663303</MetadataToken>
              <Name>Building::Building(System.String, System.Int32, System.Int32)</Name>
              <FileRef uid="2" />
              <SequencePoints>
                <SequencePoint vc="1760" uspid="2578" ordinal="0" offset="0" sl="17" sc="5" el="17" ec="5" bec="0" bev="0" fileid="2" />
                <SequencePoint vc="1760" uspid="2579" ordinal="0" offset="7" sl="18" sc="5" el="18" ec="5" bec="0" bev="0" fileid="2" />
                <SequencePoint vc="1760" uspid="2580" ordinal="0" offset="8" sl="19" sc="9" el="19" ec="9" bec="0" bev="0" fileid="2" />
                <SequencePoint vc="1760" uspid="2581" ordinal="0" offset="15" sl="20" sc="9" el="20" ec="9" bec="0" bev="0" fileid="2" />
                <SequencePoint vc="1760" uspid="2582" ordinal="0" offset="22" sl="21" sc="9" el="21" ec="9" bec="0" bev="0" fileid="2" />
                <SequencePoint vc="1760" uspid="2583" ordinal="0" offset="29" sl="22" sc="9" el="22" ec="9" bec="0" bev="0" fileid="2" />
                <SequencePoint vc="1760" uspid="2584" ordinal="0" offset="36" sl="24" sc="5" el="24" ec="5" bec="0" bev="0" fileid="2" />
              </SequencePoints>
              <BranchPoints />
            </Method>
          </Methods>
        </Class>
        <Class>
          <Summary numSequencePoints="17" visitedSequencePoints="17" numBranchPoints="0" visitedBranchPoints="0" sequenceCoverage="100.0" branchCoverage="0.0" maxCyclomaticComplexity="1" minCyclomaticComplexity="1" maxCrapScore="1" minCrapScore="1" visitedClasses="1" numClasses="1" visitedMethods="4" numMethods="4" />
          <FullName>BuildingRegistry</FullName>
          <Methods>
            <Method visited="true" cyclomaticComplexity="1" nPathComplexity="0" sequenceCoverage="100.0" branchCoverage="0" crapScore="1" isConstructor="false" isStatic="true" isGetter="false" isSetter="false">
              <Summary numSequencePoints="5" visitedSequencePoints="5" numBranchPoints="0" visitedBranchPoints="0" sequenceCoverage="100.0" branchCoverage="0" maxCyclomaticComplexity="1" minCyclomaticComplexity="1" maxCrapScore="1" minCrapScore="1" visitedClasses="0" numClasses="0" visitedMethods="1" numMethods="1" />
              <MetadataToken>100663321</MetadataToken>
              <Name>static System.Void BuildingRegistry::Load()</Name>
              <FileRef uid="3" />
              <SequencePoints>
                <SequencePoint vc="41" uspid="2585" ordinal="0" offset="0" sl="13" sc="5" el="13" ec="5" bec="0" bev="0" fileid="3" />
                <SequencePoint vc="41" uspid="2586" ordinal="0" offset="1" sl="15" sc="9" el="15" ec="9" bec="0" bev="0" fileid="3" />
                <SequencePoint vc="41" uspid="2587" ordinal="0" offset="19" sl="16" sc="9" el="16" ec="9" bec="0" bev="0" fileid="3" />
                <SequencePoint vc="41" uspid="2588" ordinal="0" offset="37" sl="17" sc="9" el="17" ec="9" bec="0" bev="0" fileid="3" />
                <SequencePoint vc="41" uspid="2589" ordinal="0" offset="55" sl="18" sc="5" el="18" ec="5" bec="0" bev="0" fileid="3" />
              </SequencePoints>
              <BranchPoints />
            </Method>
            <Method visited="true" cyclomaticComplexity="1" nPathComplexity="0" sequenceCoverage="100.0" branchCoverage="0" crapScore="1" isConstructor="false" isStatic="true" isGetter="false" isSetter="false">
              <Summary numSequencePoints="6" visitedSequencePoints="6" numBranchPoints="0" visitedBranchPoints="0" sequenceCoverage="100.0" branchCoverage="0" maxCyclomaticComplexity="1" minCyclomaticComplexity="1" maxCrapScore="1" minCrapScore="1" visitedClasses="0" numClasses="0" visitedMethods="1" numMethods="1" />
              <MetadataToken>100663322</MetadataToken>
              <Name>static System.Void BuildingRegistry::CreateBuilding(System.String, System.String, System.Int32, System.Int32)</Name>
              <FileRef uid="3" />
              <SequencePoints>
                <SequencePoint vc="123" uspid="2590" ordinal="0" offset="0" sl="22" sc="5" el="22" ec="5" bec="0" bev="0" fileid="3" />
                <SequencePoint vc="123" uspid="2591" ordinal="0" offset="1" sl="23" sc="9" el="23" ec="9" bec="0" bev="0" fileid="3" />
                <SequencePoint vc="123" uspid="2592" ordinal="0" offset="10" sl="24" sc="9" el="24" ec="9" bec="0" bev="0" fileid="3" />
                <SequencePoint vc="123" uspid="2593" ordinal="0" offset="17" sl="25" sc="9" el="25" ec="9" bec="0" bev="0" fileid="3" />
                <SequencePoint vc="123" uspid="2594" ordinal="0" offset="25" sl="26" sc="9" el="26" ec="9" bec="0" bev="0" fileid="3" />
                <SequencePoint vc="123" uspid="2595" ordinal="0" offset="37" sl="27" sc="5" el="27" ec="5" bec="0" bev="0" fileid="3" />
              </SequencePoints>
              <BranchPoints />
            </Method>
            <Method visited="true" cyclomaticComplexity="1" nPathComplexity="0" sequenceCoverage="100.0" branchCoverage="0" crapScore="1" isConstructor="false" isStatic="true" isGetter="false" isSetter="false">
              <Summary numSequencePoints="5" visitedSequencePoints="5" numBranchPoints="0" visitedBranchPoints="0" sequenceCoverage="100.0" branchCoverage="0" maxCyclomaticComplexity="1" minCyclomaticComplexity="1" maxCrapScore="1" minCrapScore="1" visitedClasses="0" numClasses="0" visitedMethods="1" numMethods="1" />
              <MetadataToken>100663324</MetadataToken>
              <Name>static Building BuildingRegistry::GetBuildingByIndex(System.Int32)</Name>
              <FileRef uid="3" />
              <SequencePoints>
                <SequencePoint vc="112" uspid="2602" ordinal="0" offset="0" sl="40" sc="5" el="40" ec="5" bec="0" bev="0" fileid="3" />
                <SequencePoint vc="112" uspid="2603" ordinal="0" offset="1" sl="41" sc="9" el="41" ec="9" bec="0" bev="0" fileid="3" />
                <SequencePoint vc="112" uspid="2604" ordinal="0" offset="55" sl="42" sc="9" el="42" ec="9" bec="0" bev="0" fileid="3" />
                <SequencePoint vc="112" uspid="2605" ordinal="0" offset="78" sl="43" sc="9" el="43" ec="9" bec="0" bev="0" fileid="3" />
                <SequencePoint vc="112" uspid="2606" ordinal="0" offset="82" sl="44" sc="5" el="44" ec="5" bec="0" bev="0" fileid="3" />
              </SequencePoints>
              <BranchPoints />
            </Method>
            <Method visited="true" cyclomaticComplexity="1" nPathComplexity="0" sequenceCoverage="100.0" branchCoverage="0" crapScore="1" isConstructor="true" isStatic="true" isGetter="false" isSetter="false">
              <Summary numSequencePoints="1" visitedSequencePoints="1" numBranchPoints="0" visitedBranchPoints="0" sequenceCoverage="100.0" branchCoverage="0" maxCyclomaticComplexity="1" minCyclomaticComplexity="1" maxCrapScore="1" minCrapScore="1" visitedClasses="0" numClasses="0" visitedMethods="1" numMethods="1" />
              <MetadataToken>100663326</MetadataToken>
              <Name>static BuildingRegistry::BuildingRegistry()</Name>
              <FileRef uid="3" />
              <SequencePoints>
                <SequencePoint vc="1" uspid="2607" ordinal="0" offset="0" sl="9" sc="5" el="9" ec="5" bec="0" bev="0" fileid="3" />
              </SequencePoints>
              <BranchPoints />
            </Method>
          </Methods>
        </Class>
        <Class>
          <Summary numSequencePoints="53" visitedSequencePoints="33" numBranchPoints="0" visitedBranchPoints="0" sequenceCoverage="62.26" branchCoverage="0.0" maxCyclomaticComplexity="5" minCyclomaticComplexity="1" maxCrapScore="12.41" minCrapScore="1" visitedClasses="1" numClasses="1" visitedMethods="6" numMethods="6" />
          <FullName>CameraScript</FullName>
          <Methods>
            <Method visited="true" cyclomaticComplexity="1" nPathComplexity="0" sequenceCoverage="100.0" branchCoverage="0" crapScore="1" isConstructor="false" isStatic="false" isGetter="false" isSetter="false">
              <Summary numSequencePoints="4" visitedSequencePoints="4" numBranchPoints="0" visitedBranchPoints="0" sequenceCoverage="100.0" branchCoverage="0" maxCyclomaticComplexity="1" minCyclomaticComplexity="1" maxCrapScore="1" minCrapScore="1" visitedClasses="0" numClasses="0" visitedMethods="1" numMethods="1" />
              <MetadataToken>100663327</MetadataToken>
              <Name>System.Void CameraScript::Start()</Name>
              <FileRef uid="4" />
              <SequencePoints>
                <SequencePoint vc="37" uspid="2608" ordinal="0" offset="0" sl="30" sc="5" el="30" ec="5" bec="0" bev="0" fileid="4" />
                <SequencePoint vc="37" uspid="2609" ordinal="0" offset="1" sl="32" sc="9" el="32" ec="9" bec="0" bev="0" fileid="4" />
                <SequencePoint vc="37" uspid="2610" ordinal="0" offset="17" sl="33" sc="9" el="33" ec="9" bec="0" bev="0" fileid="4" />
                <SequencePoint vc="37" uspid="2611" ordinal="0" offset="26" sl="35" sc="5" el="35" ec="5" bec="0" bev="0" fileid="4" />
              </SequencePoints>
              <BranchPoints />
            </Method>
            <Method visited="true" cyclomaticComplexity="1" nPathComplexity="0" sequenceCoverage="100.0" branchCoverage="0" crapScore="1" isConstructor="false" isStatic="false" isGetter="false" isSetter="false">
              <Summary numSequencePoints="8" visitedSequencePoints="8" numBranchPoints="0" visitedBranchPoints="0" sequenceCoverage="100.0" branchCoverage="0" maxCyclomaticComplexity="1" minCyclomaticComplexity="1" maxCrapScore="1" minCrapScore="1" visitedClasses="0" numClasses="0" visitedMethods="1" numMethods="1" />
              <MetadataToken>100663328</MetadataToken>
              <Name>System.Void CameraScript::Update()</Name>
              <FileRef uid="4" />
              <SequencePoints>
                <SequencePoint vc="7284" uspid="2612" ordinal="0" offset="0" sl="39" sc="5" el="39" ec="5" bec="0" bev="0" fileid="4" />
                <SequencePoint vc="7284" uspid="2613" ordinal="0" offset="1" sl="42" sc="9" el="42" ec="9" bec="0" bev="0" fileid="4" />
                <SequencePoint vc="7284" uspid="2614" ordinal="0" offset="12" sl="43" sc="9" el="43" ec="9" bec="0" bev="0" fileid="4" />
                <SequencePoint vc="7284" uspid="2615" ordinal="0" offset="23" sl="47" sc="9" el="47" ec="9" bec="0" bev="0" fileid="4" />
                <SequencePoint vc="7284" uspid="2616" ordinal="0" offset="38" sl="48" sc="9" el="48" ec="9" bec="0" bev="0" fileid="4" />
                <SequencePoint vc="7284" uspid="2617" ordinal="0" offset="49" sl="49" sc="9" el="49" ec="9" bec="0" bev="0" fileid="4" />
                <SequencePoint vc="7284" uspid="2618" ordinal="0" offset="57" sl="50" sc="9" el="50" ec="9" bec="0" bev="0" fileid="4" />
                <SequencePoint vc="7284" uspid="2619" ordinal="0" offset="66" sl="52" sc="5" el="52" ec="5" bec="0" bev="0" fileid="4" />
              </SequencePoints>
              <BranchPoints />
            </Method>
            <Method visited="true" cyclomaticComplexity="5" nPathComplexity="0" sequenceCoverage="33.33" branchCoverage="0" crapScore="12.41" isConstructor="false" isStatic="false" isGetter="false" isSetter="false">
              <Summary numSequencePoints="18" visitedSequencePoints="6" numBranchPoints="0" visitedBranchPoints="0" sequenceCoverage="33.33" branchCoverage="0" maxCyclomaticComplexity="5" minCyclomaticComplexity="5" maxCrapScore="12.41" minCrapScore="12.41" visitedClasses="0" numClasses="0" visitedMethods="1" numMethods="1" />
              <MetadataToken>100663329</MetadataToken>
              <Name>System.Void CameraScript::moveCamera(UnityEngine.KeyCode, UnityEngine.KeyCode, UnityEngine.KeyCode, UnityEngine.KeyCode)</Name>
              <FileRef uid="4" />
              <SequencePoints>
                <SequencePoint vc="7284" uspid="2620" ordinal="0" offset="0" sl="56" sc="5" el="56" ec="5" bec="0" bev="0" fileid="4" />
                <SequencePoint vc="7284" uspid="2621" ordinal="0" offset="1" sl="57" sc="9" el="57" ec="9" bec="0" bev="0" fileid="4" />
                <SequencePoint vc="0" uspid="2622" ordinal="0" offset="11" sl="58" sc="9" el="58" ec="9" bec="0" bev="0" fileid="4" />
                <SequencePoint vc="0" uspid="2623" ordinal="0" offset="12" sl="59" sc="13" el="59" ec="13" bec="0" bev="0" fileid="4" />
                <SequencePoint vc="0" uspid="2624" ordinal="0" offset="50" sl="60" sc="9" el="60" ec="9" bec="0" bev="0" fileid="4" />
                <SequencePoint vc="7284" uspid="2625" ordinal="0" offset="53" sl="61" sc="14" el="61" ec="14" bec="0" bev="0" fileid="4" />
                <SequencePoint vc="0" uspid="2626" ordinal="0" offset="63" sl="62" sc="9" el="62" ec="9" bec="0" bev="0" fileid="4" />
                <SequencePoint vc="0" uspid="2627" ordinal="0" offset="64" sl="63" sc="13" el="63" ec="13" bec="0" bev="0" fileid="4" />
                <SequencePoint vc="0" uspid="2628" ordinal="0" offset="102" sl="64" sc="9" el="64" ec="9" bec="0" bev="0" fileid="4" />
                <SequencePoint vc="7284" uspid="2629" ordinal="0" offset="103" sl="65" sc="9" el="65" ec="9" bec="0" bev="0" fileid="4" />
                <SequencePoint vc="0" uspid="2630" ordinal="0" offset="113" sl="66" sc="9" el="66" ec="9" bec="0" bev="0" fileid="4" />
                <SequencePoint vc="0" uspid="2631" ordinal="0" offset="114" sl="67" sc="13" el="67" ec="13" bec="0" bev="0" fileid="4" />
                <SequencePoint vc="0" uspid="2632" ordinal="0" offset="152" sl="68" sc="9" el="68" ec="9" bec="0" bev="0" fileid="4" />
                <SequencePoint vc="7284" uspid="2633" ordinal="0" offset="155" sl="69" sc="14" el="69" ec="14" bec="0" bev="0" fileid="4" />
                <SequencePoint vc="0" uspid="2634" ordinal="0" offset="166" sl="70" sc="9" el="70" ec="9" bec="0" bev="0" fileid="4" />
                <SequencePoint vc="0" uspid="2635" ordinal="0" offset="167" sl="71" sc="13" el="71" ec="13" bec="0" bev="0" fileid="4" />
                <SequencePoint vc="0" uspid="2636" ordinal="0" offset="205" sl="72" sc="9" el="72" ec="9" bec="0" bev="0" fileid="4" />
                <SequencePoint vc="7284" uspid="2637" ordinal="0" offset="206" sl="73" sc="5" el="73" ec="5" bec="0" bev="0" fileid="4" />
              </SequencePoints>
              <BranchPoints />
            </Method>
            <Method visited="true" cyclomaticComplexity="2" nPathComplexity="0" sequenceCoverage="37.50" branchCoverage="0" crapScore="2.98" isConstructor="false" isStatic="false" isGetter="false" isSetter="false">
              <Summary numSequencePoints="8" visitedSequencePoints="3" numBranchPoints="0" visitedBranchPoints="0" sequenceCoverage="37.50" branchCoverage="0" maxCyclomaticComplexity="2" minCyclomaticComplexity="2" maxCrapScore="2.98" minCrapScore="2.98" visitedClasses="0" numClasses="0" visitedMethods="1" numMethods="1" />
              <MetadataToken>100663330</MetadataToken>
              <Name>System.Void CameraScript::zoomCamera(System.Single)</Name>
              <FileRef uid="4" />
              <SequencePoints>
                <SequencePoint vc="7284" uspid="2638" ordinal="0" offset="0" sl="77" sc="5" el="77" ec="5" bec="0" bev="0" fileid="4" />
                <SequencePoint vc="7284" uspid="2639" ordinal="0" offset="1" sl="79" sc="9" el="79" ec="9" bec="0" bev="0" fileid="4" />
                <SequencePoint vc="0" uspid="2640" ordinal="0" offset="16" sl="80" sc="9" el="80" ec="9" bec="0" bev="0" fileid="4" />
                <SequencePoint vc="0" uspid="2641" ordinal="0" offset="17" sl="82" sc="13" el="82" ec="13" bec="0" bev="0" fileid="4" />
                <SequencePoint vc="0" uspid="2642" ordinal="0" offset="32" sl="83" sc="13" el="83" ec="13" bec="0" bev="0" fileid="4" />
                <SequencePoint vc="0" uspid="2643" ordinal="0" offset="78" sl="84" sc="13" el="84" ec="13" bec="0" bev="0" fileid="4" />
                <SequencePoint vc="0" uspid="2644" ordinal="0" offset="133" sl="85" sc="9" el="85" ec="9" bec="0" bev="0" fileid="4" />
                <SequencePoint vc="7284" uspid="2645" ordinal="0" offset="134" sl="86" sc="5" el="86" ec="5" bec="0" bev="0" fileid="4" />
              </SequencePoints>
              <BranchPoints />
            </Method>
            <Method visited="true" cyclomaticComplexity="2" nPathComplexity="0" sequenceCoverage="50.00" branchCoverage="0" crapScore="2.50" isConstructor="false" isStatic="false" isGetter="false" isSetter="false">
              <Summary numSequencePoints="6" visitedSequencePoints="3" numBranchPoints="0" visitedBranchPoints="0" sequenceCoverage="50.00" branchCoverage="0" maxCyclomaticComplexity="2" minCyclomaticComplexity="2" maxCrapScore="2.50" minCrapScore="2.50" visitedClasses="0" numClasses="0" visitedMethods="1" numMethods="1" />
              <MetadataToken>100663331</MetadataToken>
              <Name>System.Void CameraScript::resetCamera(UnityEngine.KeyCode)</Name>
              <FileRef uid="4" />
              <SequencePoints>
                <SequencePoint vc="7321" uspid="2646" ordinal="0" offset="0" sl="90" sc="5" el="90" ec="5" bec="0" bev="0" fileid="4" />
                <SequencePoint vc="7321" uspid="2647" ordinal="0" offset="1" sl="92" sc="9" el="92" ec="9" bec="0" bev="0" fileid="4" />
                <SequencePoint vc="0" uspid="2648" ordinal="0" offset="11" sl="93" sc="9" el="93" ec="9" bec="0" bev="0" fileid="4" />
                <SequencePoint vc="0" uspid="2649" ordinal="0" offset="12" sl="95" sc="13" el="95" ec="13" bec="0" bev="0" fileid="4" />
                <SequencePoint vc="0" uspid="2650" ordinal="0" offset="47" sl="96" sc="9" el="96" ec="9" bec="0" bev="0" fileid="4" />
                <SequencePoint vc="7321" uspid="2651" ordinal="0" offset="48" sl="97" sc="5" el="97" ec="5" bec="0" bev="0" fileid="4" />
              </SequencePoints>
              <BranchPoints />
            </Method>
            <Method visited="true" cyclomaticComplexity="1" nPathComplexity="0" sequenceCoverage="100.0" branchCoverage="0" crapScore="1" isConstructor="true" isStatic="false" isGetter="false" isSetter="false">
              <Summary numSequencePoints="9" visitedSequencePoints="9" numBranchPoints="0" visitedBranchPoints="0" sequenceCoverage="100.0" branchCoverage="0" maxCyclomaticComplexity="1" minCyclomaticComplexity="1" maxCrapScore="1" minCrapScore="1" visitedClasses="0" numClasses="0" visitedMethods="1" numMethods="1" />
              <MetadataToken>100663333</MetadataToken>
              <Name>CameraScript::CameraScript()</Name>
              <FileRef uid="4" />
              <SequencePoints>
                <SequencePoint vc="40" uspid="2656" ordinal="0" offset="0" sl="13" sc="5" el="13" ec="5" bec="0" bev="0" fileid="4" />
                <SequencePoint vc="40" uspid="2657" ordinal="0" offset="11" sl="14" sc="5" el="14" ec="5" bec="0" bev="0" fileid="4" />
                <SequencePoint vc="40" uspid="2658" ordinal="0" offset="22" sl="15" sc="5" el="15" ec="5" bec="0" bev="0" fileid="4" />
                <SequencePoint vc="40" uspid="2659" ordinal="0" offset="33" sl="16" sc="5" el="16" ec="5" bec="0" bev="0" fileid="4" />
                <SequencePoint vc="40" uspid="2660" ordinal="0" offset="44" sl="19" sc="5" el="19" ec="5" bec="0" bev="0" fileid="4" />
                <SequencePoint vc="40" uspid="2661" ordinal="0" offset="55" sl="20" sc="5" el="20" ec="5" bec="0" bev="0" fileid="4" />
                <SequencePoint vc="40" uspid="2662" ordinal="0" offset="66" sl="21" sc="5" el="21" ec="5" bec="0" bev="0" fileid="4" />
                <SequencePoint vc="40" uspid="2663" ordinal="0" offset="77" sl="24" sc="5" el="24" ec="5" bec="0" bev="0" fileid="4" />
                <SequencePoint vc="40" uspid="2664" ordinal="0" offset="88" sl="25" sc="5" el="25" ec="5" bec="0" bev="0" fileid="4" />
              </SequencePoints>
              <BranchPoints />
            </Method>
          </Methods>
        </Class>
        <Class>
          <Summary numSequencePoints="37" visitedSequencePoints="37" numBranchPoints="0" visitedBranchPoints="0" sequenceCoverage="100.0" branchCoverage="0.0" maxCyclomaticComplexity="2" minCyclomaticComplexity="1" maxCrapScore="2" minCrapScore="1" visitedClasses="1" numClasses="1" visitedMethods="5" numMethods="5" />
          <FullName>CardRegistry</FullName>
          <Methods>
            <Method visited="true" cyclomaticComplexity="2" nPathComplexity="0" sequenceCoverage="100.0" branchCoverage="0" crapScore="2" isConstructor="false" isStatic="true" isGetter="false" isSetter="false">
              <Summary numSequencePoints="12" visitedSequencePoints="12" numBranchPoints="0" visitedBranchPoints="0" sequenceCoverage="100.0" branchCoverage="0" maxCyclomaticComplexity="2" minCyclomaticComplexity="2" maxCrapScore="2" minCrapScore="2" visitedClasses="0" numClasses="0" visitedMethods="1" numMethods="1" />
              <MetadataToken>100663334</MetadataToken>
              <Name>static System.Void CardRegistry::Load()</Name>
              <FileRef uid="5" />
              <SequencePoints>
                <SequencePoint vc="41" uspid="2665" ordinal="0" offset="0" sl="11" sc="5" el="11" ec="5" bec="0" bev="0" fileid="5" />
                <SequencePoint vc="41" uspid="2666" ordinal="0" offset="1" sl="13" sc="9" el="13" ec="9" bec="0" bev="0" fileid="5" />
                <SequencePoint vc="41" uspid="2667" ordinal="0" offset="17" sl="14" sc="9" el="14" ec="9" bec="0" bev="0" fileid="5" />
                <SequencePoint vc="41" uspid="2668" ordinal="0" offset="33" sl="15" sc="9" el="15" ec="9" bec="0" bev="0" fileid="5" />
                <SequencePoint vc="41" uspid="2669" ordinal="0" offset="49" sl="18" sc="9" el="18" ec="9" bec="0" bev="0" fileid="5" />
                <SequencePoint vc="41" uspid="2670" ordinal="0" offset="50" sl="18" sc="30" el="18" ec="30" bec="0" bev="0" fileid="5" />
                <SequencePoint vc="2583" uspid="2671" ordinal="0" offset="63" sl="18" sc="18" el="18" ec="18" bec="0" bev="0" fileid="5" />
                <SequencePoint vc="2583" uspid="2672" ordinal="0" offset="71" sl="19" sc="9" el="19" ec="9" bec="0" bev="0" fileid="5" />
                <SequencePoint vc="2583" uspid="2673" ordinal="0" offset="72" sl="20" sc="13" el="20" ec="13" bec="0" bev="0" fileid="5" />
                <SequencePoint vc="2583" uspid="2674" ordinal="0" offset="94" sl="21" sc="9" el="21" ec="9" bec="0" bev="0" fileid="5" />
                <SequencePoint vc="2624" uspid="2675" ordinal="0" offset="95" sl="18" sc="27" el="18" ec="27" bec="0" bev="0" fileid="5" />
                <SequencePoint vc="41" uspid="2676" ordinal="0" offset="121" sl="22" sc="5" el="22" ec="5" bec="0" bev="0" fileid="5" />
              </SequencePoints>
              <BranchPoints />
            </Method>
            <Method visited="true" cyclomaticComplexity="1" nPathComplexity="0" sequenceCoverage="100.0" branchCoverage="0" crapScore="1" isConstructor="false" isStatic="true" isGetter="false" isSetter="false">
              <Summary numSequencePoints="8" visitedSequencePoints="8" numBranchPoints="0" visitedBranchPoints="0" sequenceCoverage="100.0" branchCoverage="0" maxCyclomaticComplexity="1" minCyclomaticComplexity="1" maxCrapScore="1" minCrapScore="1" visitedClasses="0" numClasses="0" visitedMethods="1" numMethods="1" />
              <MetadataToken>100663335</MetadataToken>
              <Name>static System.Void CardRegistry::CreateCard(System.String, System.Int32, System.Int32, System.Int32)</Name>
              <FileRef uid="5" />
              <SequencePoints>
                <SequencePoint vc="123" uspid="2677" ordinal="0" offset="0" sl="26" sc="5" el="26" ec="5" bec="0" bev="0" fileid="5" />
                <SequencePoint vc="123" uspid="2678" ordinal="0" offset="1" sl="28" sc="9" el="28" ec="9" bec="0" bev="0" fileid="5" />
                <SequencePoint vc="123" uspid="2679" ordinal="0" offset="3" sl="30" sc="9" el="30" ec="9" bec="0" bev="0" fileid="5" />
                <SequencePoint vc="123" uspid="2680" ordinal="0" offset="11" sl="31" sc="9" el="31" ec="9" bec="0" bev="0" fileid="5" />
                <SequencePoint vc="123" uspid="2681" ordinal="0" offset="19" sl="32" sc="9" el="32" ec="9" bec="0" bev="0" fileid="5" />
                <SequencePoint vc="123" uspid="2682" ordinal="0" offset="27" sl="33" sc="9" el="33" ec="9" bec="0" bev="0" fileid="5" />
                <SequencePoint vc="123" uspid="2683" ordinal="0" offset="35" sl="35" sc="9" el="35" ec="9" bec="0" bev="0" fileid="5" />
                <SequencePoint vc="123" uspid="2684" ordinal="0" offset="47" sl="36" sc="5" el="36" ec="5" bec="0" bev="0" fileid="5" />
              </SequencePoints>
              <BranchPoints />
            </Method>
            <Method visited="true" cyclomaticComplexity="1" nPathComplexity="0" sequenceCoverage="100.0" branchCoverage="0" crapScore="1" isConstructor="false" isStatic="true" isGetter="false" isSetter="false">
              <Summary numSequencePoints="8" visitedSequencePoints="8" numBranchPoints="0" visitedBranchPoints="0" sequenceCoverage="100.0" branchCoverage="0" maxCyclomaticComplexity="1" minCyclomaticComplexity="1" maxCrapScore="1" minCrapScore="1" visitedClasses="0" numClasses="0" visitedMethods="1" numMethods="1" />
              <MetadataToken>100663336</MetadataToken>
              <Name>static Card CardRegistry::GetCardByName(System.String)</Name>
              <FileRef uid="5" />
              <SequencePoints>
                <SequencePoint vc="197" uspid="2685" ordinal="0" offset="13" sl="41" sc="5" el="41" ec="5" bec="0" bev="0" fileid="5" />
                <SequencePoint vc="197" uspid="2686" ordinal="0" offset="14" sl="42" sc="9" el="42" ec="9" bec="0" bev="0" fileid="5" />
                <SequencePoint vc="197" uspid="2687" ordinal="0" offset="37" sl="43" sc="9" el="43" ec="9" bec="0" bev="0" fileid="5" />
                <SequencePoint vc="197" uspid="2688" ordinal="0" offset="55" sl="44" sc="9" el="44" ec="9" bec="0" bev="0" fileid="5" />
                <SequencePoint vc="197" uspid="2689" ordinal="0" offset="68" sl="45" sc="9" el="45" ec="9" bec="0" bev="0" fileid="5" />
                <SequencePoint vc="197" uspid="2690" ordinal="0" offset="81" sl="46" sc="9" el="46" ec="9" bec="0" bev="0" fileid="5" />
                <SequencePoint vc="197" uspid="2691" ordinal="0" offset="94" sl="47" sc="9" el="47" ec="9" bec="0" bev="0" fileid="5" />
                <SequencePoint vc="197" uspid="2692" ordinal="0" offset="98" sl="48" sc="5" el="48" ec="5" bec="0" bev="0" fileid="5" />
              </SequencePoints>
              <BranchPoints />
            </Method>
            <Method visited="true" cyclomaticComplexity="1" nPathComplexity="0" sequenceCoverage="100.0" branchCoverage="0" crapScore="1" isConstructor="false" isStatic="true" isGetter="false" isSetter="false">
              <Summary numSequencePoints="8" visitedSequencePoints="8" numBranchPoints="0" visitedBranchPoints="0" sequenceCoverage="100.0" branchCoverage="0" maxCyclomaticComplexity="1" minCyclomaticComplexity="1" maxCrapScore="1" minCrapScore="1" visitedClasses="0" numClasses="0" visitedMethods="1" numMethods="1" />
              <MetadataToken>100663337</MetadataToken>
              <Name>static Card CardRegistry::GetCardByIndex(System.Int32)</Name>
              <FileRef uid="5" />
              <SequencePoints>
                <SequencePoint vc="592" uspid="2693" ordinal="0" offset="0" sl="51" sc="5" el="51" ec="5" bec="0" bev="0" fileid="5" />
                <SequencePoint vc="592" uspid="2694" ordinal="0" offset="1" sl="52" sc="9" el="52" ec="9" bec="0" bev="0" fileid="5" />
                <SequencePoint vc="592" uspid="2695" ordinal="0" offset="13" sl="53" sc="9" el="53" ec="9" bec="0" bev="0" fileid="5" />
                <SequencePoint vc="592" uspid="2696" ordinal="0" offset="31" sl="54" sc="9" el="54" ec="9" bec="0" bev="0" fileid="5" />
                <SequencePoint vc="592" uspid="2697" ordinal="0" offset="44" sl="55" sc="9" el="55" ec="9" bec="0" bev="0" fileid="5" />
                <SequencePoint vc="592" uspid="2698" ordinal="0" offset="57" sl="56" sc="9" el="56" ec="9" bec="0" bev="0" fileid="5" />
                <SequencePoint vc="592" uspid="2699" ordinal="0" offset="70" sl="57" sc="9" el="57" ec="9" bec="0" bev="0" fileid="5" />
                <SequencePoint vc="592" uspid="2700" ordinal="0" offset="74" sl="58" sc="5" el="58" ec="5" bec="0" bev="0" fileid="5" />
              </SequencePoints>
              <BranchPoints />
            </Method>
            <Method visited="true" cyclomaticComplexity="1" nPathComplexity="0" sequenceCoverage="100.0" branchCoverage="0" crapScore="1" isConstructor="true" isStatic="true" isGetter="false" isSetter="false">
              <Summary numSequencePoints="1" visitedSequencePoints="1" numBranchPoints="0" visitedBranchPoints="0" sequenceCoverage="100.0" branchCoverage="0" maxCyclomaticComplexity="1" minCyclomaticComplexity="1" maxCrapScore="1" minCrapScore="1" visitedClasses="0" numClasses="0" visitedMethods="1" numMethods="1" />
              <MetadataToken>100663339</MetadataToken>
              <Name>static CardRegistry::CardRegistry()</Name>
              <FileRef uid="5" />
              <SequencePoints>
                <SequencePoint vc="1" uspid="2701" ordinal="0" offset="0" sl="7" sc="5" el="7" ec="5" bec="0" bev="0" fileid="5" />
              </SequencePoints>
              <BranchPoints />
            </Method>
          </Methods>
        </Class>
        <Class>
          <Summary numSequencePoints="39" visitedSequencePoints="36" numBranchPoints="0" visitedBranchPoints="0" sequenceCoverage="92.31" branchCoverage="0.0" maxCyclomaticComplexity="3" minCyclomaticComplexity="1" maxCrapScore="3" minCrapScore="1" visitedClasses="1" numClasses="1" visitedMethods="7" numMethods="7" />
          <FullName>CardStack</FullName>
          <Methods>
            <Method visited="true" cyclomaticComplexity="1" nPathComplexity="0" sequenceCoverage="100.0" branchCoverage="0" crapScore="1" isConstructor="false" isStatic="false" isGetter="false" isSetter="false">
              <Summary numSequencePoints="3" visitedSequencePoints="3" numBranchPoints="0" visitedBranchPoints="0" sequenceCoverage="100.0" branchCoverage="0" maxCyclomaticComplexity="1" minCyclomaticComplexity="1" maxCrapScore="1" minCrapScore="1" visitedClasses="0" numClasses="0" visitedMethods="1" numMethods="1" />
              <MetadataToken>100663341</MetadataToken>
              <Name>Card CardStack::GetCardinStack()</Name>
              <FileRef uid="6" />
              <SequencePoints>
                <SequencePoint vc="440" uspid="2702" ordinal="0" offset="0" sl="18" sc="34" el="18" ec="34" bec="0" bev="0" fileid="6" />
                <SequencePoint vc="440" uspid="2703" ordinal="0" offset="1" sl="19" sc="9" el="19" ec="9" bec="0" bev="0" fileid="6" />
                <SequencePoint vc="440" uspid="2704" ordinal="0" offset="10" sl="20" sc="5" el="20" ec="5" bec="0" bev="0" fileid="6" />
              </SequencePoints>
              <BranchPoints />
            </Method>
            <Method visited="true" cyclomaticComplexity="2" nPathComplexity="0" sequenceCoverage="100.0" branchCoverage="0" crapScore="2" isConstructor="false" isStatic="false" isGetter="false" isSetter="false">
              <Summary numSequencePoints="6" visitedSequencePoints="6" numBranchPoints="0" visitedBranchPoints="0" sequenceCoverage="100.0" branchCoverage="0" maxCyclomaticComplexity="2" minCyclomaticComplexity="2" maxCrapScore="2" minCrapScore="2" visitedClasses="0" numClasses="0" visitedMethods="1" numMethods="1" />
              <MetadataToken>100663342</MetadataToken>
              <Name>System.Boolean CardStack::CanAddtoStack(Card)</Name>
              <FileRef uid="6" />
              <SequencePoints>
                <SequencePoint vc="977" uspid="2705" ordinal="0" offset="0" sl="22" sc="42" el="22" ec="42" bec="0" bev="0" fileid="6" />
                <SequencePoint vc="977" uspid="2706" ordinal="0" offset="1" sl="23" sc="9" el="23" ec="9" bec="0" bev="0" fileid="6" />
                <SequencePoint vc="370" uspid="2707" ordinal="0" offset="27" sl="24" sc="9" el="24" ec="9" bec="0" bev="0" fileid="6" />
                <SequencePoint vc="370" uspid="2708" ordinal="0" offset="28" sl="25" sc="13" el="25" ec="13" bec="0" bev="0" fileid="6" />
                <SequencePoint vc="607" uspid="2709" ordinal="0" offset="32" sl="27" sc="9" el="27" ec="9" bec="0" bev="0" fileid="6" />
                <SequencePoint vc="977" uspid="2710" ordinal="0" offset="36" sl="28" sc="5" el="28" ec="5" bec="0" bev="0" fileid="6" />
              </SequencePoints>
              <BranchPoints />
            </Method>
            <Method visited="true" cyclomaticComplexity="3" nPathComplexity="0" sequenceCoverage="100.0" branchCoverage="0" crapScore="3" isConstructor="false" isStatic="false" isGetter="false" isSetter="false">
              <Summary numSequencePoints="9" visitedSequencePoints="9" numBranchPoints="0" visitedBranchPoints="0" sequenceCoverage="100.0" branchCoverage="0" maxCyclomaticComplexity="3" minCyclomaticComplexity="3" maxCrapScore="3" minCrapScore="3" visitedClasses="0" numClasses="0" visitedMethods="1" numMethods="1" />
              <MetadataToken>100663343</MetadataToken>
              <Name>System.Boolean CardStack::AddCardtoStack(Card)</Name>
              <FileRef uid="6" />
              <SequencePoints>
                <SequencePoint vc="977" uspid="2711" ordinal="0" offset="0" sl="30" sc="43" el="30" ec="43" bec="0" bev="0" fileid="6" />
                <SequencePoint vc="977" uspid="2712" ordinal="0" offset="1" sl="31" sc="9" el="31" ec="9" bec="0" bev="0" fileid="6" />
                <SequencePoint vc="607" uspid="2713" ordinal="0" offset="15" sl="31" sc="33" el="31" ec="33" bec="0" bev="0" fileid="6" />
                <SequencePoint vc="607" uspid="2714" ordinal="0" offset="16" sl="32" sc="13" el="32" ec="13" bec="0" bev="0" fileid="6" />
                <SequencePoint vc="370" uspid="2715" ordinal="0" offset="20" sl="34" sc="9" el="34" ec="9" bec="0" bev="0" fileid="6" />
                <SequencePoint vc="370" uspid="2716" ordinal="0" offset="38" sl="35" sc="13" el="35" ec="13" bec="0" bev="0" fileid="6" />
                <SequencePoint vc="370" uspid="2717" ordinal="0" offset="52" sl="36" sc="9" el="36" ec="9" bec="0" bev="0" fileid="6" />
                <SequencePoint vc="370" uspid="2718" ordinal="0" offset="59" sl="37" sc="9" el="37" ec="9" bec="0" bev="0" fileid="6" />
                <SequencePoint vc="977" uspid="2719" ordinal="0" offset="63" sl="38" sc="5" el="38" ec="5" bec="0" bev="0" fileid="6" />
              </SequencePoints>
              <BranchPoints />
            </Method>
            <Method visited="true" cyclomaticComplexity="2" nPathComplexity="0" sequenceCoverage="66.67" branchCoverage="0" crapScore="2.15" isConstructor="false" isStatic="false" isGetter="false" isSetter="false">
              <Summary numSequencePoints="9" visitedSequencePoints="6" numBranchPoints="0" visitedBranchPoints="0" sequenceCoverage="66.67" branchCoverage="0" maxCyclomaticComplexity="2" minCyclomaticComplexity="2" maxCrapScore="2.15" minCrapScore="2.15" visitedClasses="0" numClasses="0" visitedMethods="1" numMethods="1" />
              <MetadataToken>100663345</MetadataToken>
              <Name>System.Void CardStack::CheckFullness()</Name>
              <FileRef uid="6" />
              <SequencePoints>
                <SequencePoint vc="370" uspid="2729" ordinal="0" offset="0" sl="50" sc="33" el="50" ec="33" bec="0" bev="0" fileid="6" />
                <SequencePoint vc="370" uspid="2730" ordinal="0" offset="1" sl="51" sc="9" el="51" ec="9" bec="0" bev="0" fileid="6" />
                <SequencePoint vc="0" uspid="2731" ordinal="0" offset="21" sl="52" sc="9" el="52" ec="9" bec="0" bev="0" fileid="6" />
                <SequencePoint vc="0" uspid="2732" ordinal="0" offset="22" sl="53" sc="13" el="53" ec="13" bec="0" bev="0" fileid="6" />
                <SequencePoint vc="0" uspid="2733" ordinal="0" offset="29" sl="54" sc="9" el="54" ec="9" bec="0" bev="0" fileid="6" />
                <SequencePoint vc="370" uspid="2734" ordinal="0" offset="32" sl="55" sc="14" el="55" ec="14" bec="0" bev="0" fileid="6" />
                <SequencePoint vc="370" uspid="2735" ordinal="0" offset="33" sl="56" sc="13" el="56" ec="13" bec="0" bev="0" fileid="6" />
                <SequencePoint vc="370" uspid="2736" ordinal="0" offset="40" sl="57" sc="9" el="57" ec="9" bec="0" bev="0" fileid="6" />
                <SequencePoint vc="370" uspid="2737" ordinal="0" offset="41" sl="58" sc="5" el="58" ec="5" bec="0" bev="0" fileid="6" />
              </SequencePoints>
              <BranchPoints />
            </Method>
            <Method visited="true" cyclomaticComplexity="1" nPathComplexity="0" sequenceCoverage="100.0" branchCoverage="0" crapScore="1" isConstructor="false" isStatic="false" isGetter="false" isSetter="false">
              <Summary numSequencePoints="3" visitedSequencePoints="3" numBranchPoints="0" visitedBranchPoints="0" sequenceCoverage="100.0" branchCoverage="0" maxCyclomaticComplexity="1" minCyclomaticComplexity="1" maxCrapScore="1" minCrapScore="1" visitedClasses="0" numClasses="0" visitedMethods="1" numMethods="1" />
              <MetadataToken>100663346</MetadataToken>
              <Name>System.Boolean CardStack::IsFull()</Name>
              <FileRef uid="6" />
              <SequencePoints>
                <SequencePoint vc="977" uspid="2738" ordinal="0" offset="0" sl="60" sc="26" el="60" ec="26" bec="0" bev="0" fileid="6" />
                <SequencePoint vc="977" uspid="2739" ordinal="0" offset="1" sl="61" sc="9" el="61" ec="9" bec="0" bev="0" fileid="6" />
                <SequencePoint vc="977" uspid="2740" ordinal="0" offset="10" sl="62" sc="5" el="62" ec="5" bec="0" bev="0" fileid="6" />
              </SequencePoints>
              <BranchPoints />
            </Method>
            <Method visited="true" cyclomaticComplexity="1" nPathComplexity="0" sequenceCoverage="100.0" branchCoverage="0" crapScore="1" isConstructor="false" isStatic="false" isGetter="false" isSetter="false">
              <Summary numSequencePoints="3" visitedSequencePoints="3" numBranchPoints="0" visitedBranchPoints="0" sequenceCoverage="100.0" branchCoverage="0" maxCyclomaticComplexity="1" minCyclomaticComplexity="1" maxCrapScore="1" minCrapScore="1" visitedClasses="0" numClasses="0" visitedMethods="1" numMethods="1" />
              <MetadataToken>100663347</MetadataToken>
              <Name>System.Int32 CardStack::GetSize()</Name>
              <FileRef uid="6" />
              <SequencePoints>
                <SequencePoint vc="652" uspid="2741" ordinal="0" offset="0" sl="65" sc="5" el="65" ec="5" bec="0" bev="0" fileid="6" />
                <SequencePoint vc="652" uspid="2742" ordinal="0" offset="1" sl="66" sc="9" el="66" ec="9" bec="0" bev="0" fileid="6" />
                <SequencePoint vc="652" uspid="2743" ordinal="0" offset="10" sl="67" sc="5" el="67" ec="5" bec="0" bev="0" fileid="6" />
              </SequencePoints>
              <BranchPoints />
            </Method>
            <Method visited="true" cyclomaticComplexity="1" nPathComplexity="0" sequenceCoverage="100.0" branchCoverage="0" crapScore="1" isConstructor="true" isStatic="false" isGetter="false" isSetter="false">
              <Summary numSequencePoints="6" visitedSequencePoints="6" numBranchPoints="0" visitedBranchPoints="0" sequenceCoverage="100.0" branchCoverage="0" maxCyclomaticComplexity="1" minCyclomaticComplexity="1" maxCrapScore="1" minCrapScore="1" visitedClasses="0" numClasses="0" visitedMethods="1" numMethods="1" />
              <MetadataToken>100663340</MetadataToken>
              <Name>CardStack::CardStack(Card, System.Int32)</Name>
              <FileRef uid="6" />
              <SequencePoints>
                <SequencePoint vc="234" uspid="2744" ordinal="0" offset="0" sl="12" sc="5" el="12" ec="5" bec="0" bev="0" fileid="6" />
                <SequencePoint vc="234" uspid="2745" ordinal="0" offset="7" sl="12" sc="46" el="12" ec="46" bec="0" bev="0" fileid="6" />
                <SequencePoint vc="234" uspid="2746" ordinal="0" offset="8" sl="13" sc="9" el="13" ec="9" bec="0" bev="0" fileid="6" />
                <SequencePoint vc="234" uspid="2747" ordinal="0" offset="15" sl="14" sc="9" el="14" ec="9" bec="0" bev="0" fileid="6" />
                <SequencePoint vc="234" uspid="2748" ordinal="0" offset="22" sl="15" sc="9" el="15" ec="9" bec="0" bev="0" fileid="6" />
                <SequencePoint vc="234" uspid="2749" ordinal="0" offset="29" sl="16" sc="5" el="16" ec="5" bec="0" bev="0" fileid="6" />
              </SequencePoints>
              <BranchPoints />
            </Method>
          </Methods>
        </Class>
        <Class>
          <Summary numSequencePoints="56" visitedSequencePoints="51" numBranchPoints="0" visitedBranchPoints="0" sequenceCoverage="91.07" branchCoverage="0.0" maxCyclomaticComplexity="3" minCyclomaticComplexity="1" maxCrapScore="3.04" minCrapScore="1" visitedClasses="1" numClasses="1" visitedMethods="13" numMethods="13" />
          <FullName>Card</FullName>
          <Methods>
            <Method visited="true" cyclomaticComplexity="1" nPathComplexity="0" sequenceCoverage="100.0" branchCoverage="0" crapScore="1" isConstructor="false" isStatic="false" isGetter="false" isSetter="false">
              <Summary numSequencePoints="3" visitedSequencePoints="3" numBranchPoints="0" visitedBranchPoints="0" sequenceCoverage="100.0" branchCoverage="0" maxCyclomaticComplexity="1" minCyclomaticComplexity="1" maxCrapScore="1" minCrapScore="1" visitedClasses="0" numClasses="0" visitedMethods="1" numMethods="1" />
              <MetadataToken>100663349</MetadataToken>
              <Name>System.String Card::GetName()</Name>
              <FileRef uid="7" />
              <SequencePoints>
                <SequencePoint vc="6330" uspid="2750" ordinal="0" offset="0" sl="27" sc="29" el="27" ec="29" bec="0" bev="0" fileid="7" />
                <SequencePoint vc="6330" uspid="2751" ordinal="0" offset="1" sl="28" sc="9" el="28" ec="9" bec="0" bev="0" fileid="7" />
                <SequencePoint vc="6330" uspid="2752" ordinal="0" offset="10" sl="29" sc="5" el="29" ec="5" bec="0" bev="0" fileid="7" />
              </SequencePoints>
              <BranchPoints />
            </Method>
            <Method visited="true" cyclomaticComplexity="1" nPathComplexity="0" sequenceCoverage="100.0" branchCoverage="0" crapScore="1" isConstructor="false" isStatic="false" isGetter="false" isSetter="false">
[...]
              <Summary numSequencePoints="1" visitedSequencePoints="1" numBranchPoints="0" visitedBranchPoints="0" sequenceCoverage="100.0" branchCoverage="0" maxCyclomaticComplexity="1" minCyclomaticComplexity="1" maxCrapScore="1" minCrapScore="1" visitedClasses="0" numClasses="0" visitedMethods="1" numMethods="1" />
              <MetadataToken>100663596</MetadataToken>
              <Name>System.Void WinConditions::set_winningPlayer(Player)</Name>
              <FileRef uid="30" />
              <SequencePoints>
                <SequencePoint vc="4" uspid="4709" ordinal="0" offset="0" sl="13" sc="40" el="13" ec="40" bec="0" bev="0" fileid="30" />
              </SequencePoints>
              <BranchPoints />
            </Method>
            <Method visited="true" cyclomaticComplexity="1" nPathComplexity="0" sequenceCoverage="100.0" branchCoverage="0" crapScore="1" isConstructor="false" isStatic="false" isGetter="false" isSetter="false">
              <Summary numSequencePoints="7" visitedSequencePoints="7" numBranchPoints="0" visitedBranchPoints="0" sequenceCoverage="100.0" branchCoverage="0" maxCyclomaticComplexity="1" minCyclomaticComplexity="1" maxCrapScore="1" minCrapScore="1" visitedClasses="0" numClasses="0" visitedMethods="1" numMethods="1" />
              <MetadataToken>100663600</MetadataToken>
              <Name>System.Void WinConditions::gameIsOver(Player)</Name>
              <FileRef uid="30" />
              <SequencePoints>
                <SequencePoint vc="3" uspid="4725" ordinal="0" offset="0" sl="51" sc="5" el="51" ec="5" bec="0" bev="0" fileid="30" />
                <SequencePoint vc="3" uspid="4726" ordinal="0" offset="1" sl="52" sc="9" el="52" ec="9" bec="0" bev="0" fileid="30" />
                <SequencePoint vc="3" uspid="4727" ordinal="0" offset="20" sl="53" sc="9" el="53" ec="9" bec="0" bev="0" fileid="30" />
                <SequencePoint vc="3" uspid="4728" ordinal="0" offset="31" sl="56" sc="9" el="56" ec="9" bec="0" bev="0" fileid="30" />
                <SequencePoint vc="3" uspid="4729" ordinal="0" offset="60" sl="59" sc="9" el="59" ec="9" bec="0" bev="0" fileid="30" />
                <SequencePoint vc="3" uspid="4730" ordinal="0" offset="73" sl="62" sc="9" el="62" ec="9" bec="0" bev="0" fileid="30" />
                <SequencePoint vc="3" uspid="4731" ordinal="0" offset="85" sl="63" sc="5" el="63" ec="5" bec="0" bev="0" fileid="30" />
              </SequencePoints>
              <BranchPoints />
            </Method>
            <Method visited="true" cyclomaticComplexity="7" nPathComplexity="0" sequenceCoverage="54.84" branchCoverage="0" crapScore="11.51" isConstructor="false" isStatic="false" isGetter="false" isSetter="false">
              <Summary numSequencePoints="31" visitedSequencePoints="17" numBranchPoints="0" visitedBranchPoints="0" sequenceCoverage="54.84" branchCoverage="0" maxCyclomaticComplexity="7" minCyclomaticComplexity="7" maxCrapScore="11.51" minCrapScore="11.51" visitedClasses="0" numClasses="0" visitedMethods="1" numMethods="1" />
              <MetadataToken>100663601</MetadataToken>
              <Name>System.Void WinConditions::findWinner(PlayerController)</Name>
              <FileRef uid="30" />
              <SequencePoints>
                <SequencePoint vc="2" uspid="4732" ordinal="0" offset="0" sl="76" sc="5" el="76" ec="5" bec="0" bev="0" fileid="30" />
                <SequencePoint vc="2" uspid="4733" ordinal="0" offset="1" sl="79" sc="9" el="79" ec="9" bec="0" bev="0" fileid="30" />
                <SequencePoint vc="2" uspid="4734" ordinal="0" offset="9" sl="82" sc="9" el="82" ec="9" bec="0" bev="0" fileid="30" />
                <SequencePoint vc="0" uspid="4735" ordinal="0" offset="27" sl="83" sc="9" el="83" ec="9" bec="0" bev="0" fileid="30" />
                <SequencePoint vc="0" uspid="4736" ordinal="0" offset="28" sl="85" sc="18" el="85" ec="18" bec="0" bev="0" fileid="30" />
                <SequencePoint vc="0" uspid="4737" ordinal="0" offset="32" sl="86" sc="13" el="86" ec="13" bec="0" bev="0" fileid="30" />
                <SequencePoint vc="0" uspid="4738" ordinal="0" offset="33" sl="87" sc="17" el="87" ec="17" bec="0" bev="0" fileid="30" />
                <SequencePoint vc="0" uspid="4739" ordinal="0" offset="39" sl="90" sc="17" el="90" ec="17" bec="0" bev="0" fileid="30" />
                <SequencePoint vc="0" uspid="4740" ordinal="0" offset="63" sl="91" sc="21" el="91" ec="21" bec="0" bev="0" fileid="30" />
                <SequencePoint vc="0" uspid="4741" ordinal="0" offset="71" sl="93" sc="17" el="93" ec="17" bec="0" bev="0" fileid="30" />
                <SequencePoint vc="0" uspid="4742" ordinal="0" offset="77" sl="94" sc="13" el="94" ec="13" bec="0" bev="0" fileid="30" />
                <SequencePoint vc="0" uspid="4743" ordinal="0" offset="78" sl="85" sc="65" el="85" ec="65" bec="0" bev="0" fileid="30" />
                <SequencePoint vc="0" uspid="4744" ordinal="0" offset="82" sl="85" sc="29" el="85" ec="29" bec="0" bev="0" fileid="30" />
                <SequencePoint vc="0" uspid="4745" ordinal="0" offset="101" sl="97" sc="13" el="97" ec="13" bec="0" bev="0" fileid="30" />
                <SequencePoint vc="0" uspid="4746" ordinal="0" offset="116" sl="98" sc="17" el="98" ec="17" bec="0" bev="0" fileid="30" />
                <SequencePoint vc="0" uspid="4747" ordinal="0" offset="129" sl="99" sc="9" el="99" ec="9" bec="0" bev="0" fileid="30" />
                <SequencePoint vc="2" uspid="4748" ordinal="0" offset="132" sl="101" sc="9" el="101" ec="9" bec="0" bev="0" fileid="30" />
                <SequencePoint vc="2" uspid="4749" ordinal="0" offset="133" sl="103" sc="13" el="103" ec="13" bec="0" bev="0" fileid="30" />
                <SequencePoint vc="2" uspid="4750" ordinal="0" offset="144" sl="106" sc="13" el="106" ec="13" bec="0" bev="0" fileid="30" />
                <SequencePoint vc="2" uspid="4751" ordinal="0" offset="156" sl="109" sc="18" el="109" ec="18" bec="0" bev="0" fileid="30" />
                <SequencePoint vc="2" uspid="4752" ordinal="0" offset="161" sl="110" sc="13" el="110" ec="13" bec="0" bev="0" fileid="30" />
                <SequencePoint vc="2" uspid="4753" ordinal="0" offset="162" sl="111" sc="17" el="111" ec="17" bec="0" bev="0" fileid="30" />
                <SequencePoint vc="2" uspid="4754" ordinal="0" offset="168" sl="112" sc="17" el="112" ec="17" bec="0" bev="0" fileid="30" />
                <SequencePoint vc="2" uspid="4755" ordinal="0" offset="174" sl="114" sc="17" el="114" ec="17" bec="0" bev="0" fileid="30" />
                <SequencePoint vc="0" uspid="4756" ordinal="0" offset="199" sl="115" sc="21" el="115" ec="21" bec="0" bev="0" fileid="30" />
                <SequencePoint vc="2" uspid="4757" ordinal="0" offset="207" sl="116" sc="13" el="116" ec="13" bec="0" bev="0" fileid="30" />
                <SequencePoint vc="2" uspid="4758" ordinal="0" offset="208" sl="109" sc="65" el="109" ec="65" bec="0" bev="0" fileid="30" />
                <SequencePoint vc="4" uspid="4759" ordinal="0" offset="214" sl="109" sc="29" el="109" ec="29" bec="0" bev="0" fileid="30" />
                <SequencePoint vc="2" uspid="4760" ordinal="0" offset="234" sl="119" sc="13" el="119" ec="13" bec="0" bev="0" fileid="30" />
                <SequencePoint vc="2" uspid="4761" ordinal="0" offset="247" sl="120" sc="9" el="120" ec="9" bec="0" bev="0" fileid="30" />
                <SequencePoint vc="2" uspid="4762" ordinal="0" offset="248" sl="121" sc="5" el="121" ec="5" bec="0" bev="0" fileid="30" />
              </SequencePoints>
              <BranchPoints />
            </Method>
          </Methods>
        </Class>
        <Class>
          <Summary numSequencePoints="6" visitedSequencePoints="6" numBranchPoints="0" visitedBranchPoints="0" sequenceCoverage="100.0" branchCoverage="0.0" maxCyclomaticComplexity="1" minCyclomaticComplexity="1" maxCrapScore="1" minCrapScore="1" visitedClasses="1" numClasses="1" visitedMethods="1" numMethods="1" />
          <FullName>Battles/AttackObject</FullName>
          <Methods>
            <Method visited="true" cyclomaticComplexity="1" nPathComplexity="0" sequenceCoverage="100.0" branchCoverage="0" crapScore="1" isConstructor="true" isStatic="false" isGetter="false" isSetter="false">
              <Summary numSequencePoints="6" visitedSequencePoints="6" numBranchPoints="0" visitedBranchPoints="0" sequenceCoverage="100.0" branchCoverage="0" maxCyclomaticComplexity="1" minCyclomaticComplexity="1" maxCrapScore="1" minCrapScore="1" visitedClasses="0" numClasses="0" visitedMethods="1" numMethods="1" />
              <MetadataToken>100663605</MetadataToken>
              <Name>Battles/AttackObject::AttackObject(System.Collections.Generic.List[Card], UnityEngine.Vector2, UnityEngine.Vector2)</Name>
              <FileRef uid="1" />
              <SequencePoints>
                <SequencePoint vc="4" uspid="4763" ordinal="0" offset="0" sl="18" sc="9" el="18" ec="9" bec="0" bev="0" fileid="1" />
                <SequencePoint vc="4" uspid="4764" ordinal="0" offset="7" sl="18" sc="82" el="18" ec="82" bec="0" bev="0" fileid="1" />
                <SequencePoint vc="4" uspid="4765" ordinal="0" offset="8" sl="19" sc="13" el="19" ec="13" bec="0" bev="0" fileid="1" />
                <SequencePoint vc="4" uspid="4766" ordinal="0" offset="15" sl="20" sc="13" el="20" ec="13" bec="0" bev="0" fileid="1" />
                <SequencePoint vc="4" uspid="4767" ordinal="0" offset="22" sl="21" sc="13" el="21" ec="13" bec="0" bev="0" fileid="1" />
                <SequencePoint vc="4" uspid="4768" ordinal="0" offset="29" sl="22" sc="9" el="22" ec="9" bec="0" bev="0" fileid="1" />
              </SequencePoints>
              <BranchPoints />
            </Method>
          </Methods>
        </Class>
        <Class>
          <Summary numSequencePoints="5" visitedSequencePoints="5" numBranchPoints="0" visitedBranchPoints="0" sequenceCoverage="100.0" branchCoverage="0.0" maxCyclomaticComplexity="1" minCyclomaticComplexity="1" maxCrapScore="1" minCrapScore="1" visitedClasses="1" numClasses="1" visitedMethods="1" numMethods="1" />
          <FullName>Battles/DefendObject</FullName>
          <Methods>
            <Method visited="true" cyclomaticComplexity="1" nPathComplexity="0" sequenceCoverage="100.0" branchCoverage="0" crapScore="1" isConstructor="true" isStatic="false" isGetter="false" isSetter="false">
              <Summary numSequencePoints="5" visitedSequencePoints="5" numBranchPoints="0" visitedBranchPoints="0" sequenceCoverage="100.0" branchCoverage="0" maxCyclomaticComplexity="1" minCyclomaticComplexity="1" maxCrapScore="1" minCrapScore="1" visitedClasses="0" numClasses="0" visitedMethods="1" numMethods="1" />
              <MetadataToken>100663606</MetadataToken>
              <Name>Battles/DefendObject::DefendObject(System.Collections.Generic.List[Card], UnityEngine.Vector2)</Name>
              <FileRef uid="1" />
              <SequencePoints>
                <SequencePoint vc="3" uspid="4769" ordinal="0" offset="0" sl="31" sc="9" el="31" ec="9" bec="0" bev="0" fileid="1" />
                <SequencePoint vc="3" uspid="4770" ordinal="0" offset="7" sl="31" sc="62" el="31" ec="62" bec="0" bev="0" fileid="1" />
                <SequencePoint vc="3" uspid="4771" ordinal="0" offset="8" sl="32" sc="13" el="32" ec="13" bec="0" bev="0" fileid="1" />
                <SequencePoint vc="3" uspid="4772" ordinal="0" offset="15" sl="33" sc="13" el="33" ec="13" bec="0" bev="0" fileid="1" />
                <SequencePoint vc="3" uspid="4773" ordinal="0" offset="22" sl="34" sc="9" el="34" ec="9" bec="0" bev="0" fileid="1" />
              </SequencePoints>
              <BranchPoints />
            </Method>
          </Methods>
        </Class>
        <Class>
          <Summary numSequencePoints="2" visitedSequencePoints="2" numBranchPoints="0" visitedBranchPoints="0" sequenceCoverage="100.0" branchCoverage="0.0" maxCyclomaticComplexity="1" minCyclomaticComplexity="1" maxCrapScore="1" minCrapScore="1" visitedClasses="1" numClasses="1" visitedMethods="2" numMethods="2" />
          <FullName>Battles/&lt;&gt;c</FullName>
          <Methods>
            <Method visited="true" cyclomaticComplexity="1" nPathComplexity="0" sequenceCoverage="100.0" branchCoverage="0" crapScore="1" isConstructor="false" isStatic="false" isGetter="false" isSetter="false">
              <Summary numSequencePoints="1" visitedSequencePoints="1" numBranchPoints="0" visitedBranchPoints="0" sequenceCoverage="100.0" branchCoverage="0" maxCyclomaticComplexity="1" minCyclomaticComplexity="1" maxCrapScore="1" minCrapScore="1" visitedClasses="0" numClasses="0" visitedMethods="1" numMethods="1" />
              <MetadataToken>100663609</MetadataToken>
              <Name>System.Int16 Battles/&lt;&gt;c::&lt;Swap&gt;b__9_0(Card)</Name>
              <FileRef uid="1" />
              <SequencePoints>
                <SequencePoint vc="44" uspid="4774" ordinal="0" offset="0" sl="226" sc="49" el="226" ec="49" bec="0" bev="0" fileid="1" />
              </SequencePoints>
              <BranchPoints />
            </Method>
            <Method visited="true" cyclomaticComplexity="1" nPathComplexity="0" sequenceCoverage="100.0" branchCoverage="0" crapScore="1" isConstructor="false" isStatic="false" isGetter="false" isSetter="false">
              <Summary numSequencePoints="1" visitedSequencePoints="1" numBranchPoints="0" visitedBranchPoints="0" sequenceCoverage="100.0" branchCoverage="0" maxCyclomaticComplexity="1" minCyclomaticComplexity="1" maxCrapScore="1" minCrapScore="1" visitedClasses="0" numClasses="0" visitedMethods="1" numMethods="1" />
              <MetadataToken>100663610</MetadataToken>
              <Name>System.Int16 Battles/&lt;&gt;c::&lt;Swap&gt;b__9_1(Card)</Name>
              <FileRef uid="1" />
              <SequencePoints>
                <SequencePoint vc="42" uspid="4775" ordinal="0" offset="0" sl="228" sc="49" el="228" ec="49" bec="0" bev="0" fileid="1" />
              </SequencePoints>
              <BranchPoints />
            </Method>
          </Methods>
        </Class>
        <Class>
          <Summary numSequencePoints="1" visitedSequencePoints="1" numBranchPoints="0" visitedBranchPoints="0" sequenceCoverage="100.0" branchCoverage="0.0" maxCyclomaticComplexity="1" minCyclomaticComplexity="1" maxCrapScore="1" minCrapScore="1" visitedClasses="1" numClasses="1" visitedMethods="1" numMethods="1" />
          <FullName>CardRegistry/&lt;&gt;c__DisplayClass3_0</FullName>
          <Methods>
            <Method visited="true" cyclomaticComplexity="1" nPathComplexity="0" sequenceCoverage="100.0" branchCoverage="0" crapScore="1" isConstructor="false" isStatic="false" isGetter="false" isSetter="false">
              <Summary numSequencePoints="1" visitedSequencePoints="1" numBranchPoints="0" visitedBranchPoints="0" sequenceCoverage="100.0" branchCoverage="0" maxCyclomaticComplexity="1" minCyclomaticComplexity="1" maxCrapScore="1" minCrapScore="1" visitedClasses="0" numClasses="0" visitedMethods="1" numMethods="1" />
              <MetadataToken>100663614</MetadataToken>
              <Name>System.Boolean CardRegistry/&lt;&gt;c__DisplayClass3_0::&lt;GetCardByName&gt;b__0(Card)</Name>
              <FileRef uid="5" />
              <SequencePoints>
                <SequencePoint vc="357" uspid="4777" ordinal="0" offset="0" sl="42" sc="43" el="42" ec="43" bec="0" bev="0" fileid="5" />
              </SequencePoints>
              <BranchPoints />
            </Method>
          </Methods>
        </Class>
        <Class>
          <Summary numSequencePoints="9" visitedSequencePoints="9" numBranchPoints="0" visitedBranchPoints="0" sequenceCoverage="100.0" branchCoverage="0.0" maxCyclomaticComplexity="1" minCyclomaticComplexity="1" maxCrapScore="1" minCrapScore="1" visitedClasses="1" numClasses="1" visitedMethods="1" numMethods="1" />
          <FullName>GameManager/Battle</FullName>
          <Methods>
            <Method visited="true" cyclomaticComplexity="1" nPathComplexity="0" sequenceCoverage="100.0" branchCoverage="0" crapScore="1" isConstructor="true" isStatic="false" isGetter="false" isSetter="false">
              <Summary numSequencePoints="9" visitedSequencePoints="9" numBranchPoints="0" visitedBranchPoints="0" sequenceCoverage="100.0" branchCoverage="0" maxCyclomaticComplexity="1" minCyclomaticComplexity="1" maxCrapScore="1" minCrapScore="1" visitedClasses="0" numClasses="0" visitedMethods="1" numMethods="1" />
              <MetadataToken>100663615</MetadataToken>
              <Name>GameManager/Battle::Battle(Player, Player, Battles/AttackObject, Tile)</Name>
              <FileRef uid="10" />
              <SequencePoints>
                <SequencePoint vc="7" uspid="4778" ordinal="0" offset="0" sl="19" sc="9" el="19" ec="9" bec="0" bev="0" fileid="10" />
                <SequencePoint vc="7" uspid="4779" ordinal="0" offset="7" sl="19" sc="96" el="19" ec="96" bec="0" bev="0" fileid="10" />
                <SequencePoint vc="7" uspid="4780" ordinal="0" offset="8" sl="20" sc="13" el="20" ec="13" bec="0" bev="0" fileid="10" />
                <SequencePoint vc="7" uspid="4781" ordinal="0" offset="15" sl="21" sc="13" el="21" ec="13" bec="0" bev="0" fileid="10" />
                <SequencePoint vc="7" uspid="4782" ordinal="0" offset="22" sl="22" sc="13" el="22" ec="13" bec="0" bev="0" fileid="10" />
                <SequencePoint vc="7" uspid="4783" ordinal="0" offset="29" sl="23" sc="13" el="23" ec="13" bec="0" bev="0" fileid="10" />
                <SequencePoint vc="7" uspid="4784" ordinal="0" offset="36" sl="24" sc="13" el="24" ec="13" bec="0" bev="0" fileid="10" />
                <SequencePoint vc="7" uspid="4785" ordinal="0" offset="43" sl="25" sc="13" el="25" ec="13" bec="0" bev="0" fileid="10" />
                <SequencePoint vc="7" uspid="4786" ordinal="0" offset="51" sl="26" sc="9" el="26" ec="9" bec="0" bev="0" fileid="10" />
              </SequencePoints>
              <BranchPoints />
            </Method>
          </Methods>
        </Class>
        <Class>
          <Summary numSequencePoints="3" visitedSequencePoints="3" numBranchPoints="0" visitedBranchPoints="0" sequenceCoverage="100.0" branchCoverage="0.0" maxCyclomaticComplexity="1" minCyclomaticComplexity="1" maxCrapScore="1" minCrapScore="1" visitedClasses="1" numClasses="1" visitedMethods="1" numMethods="1" />
          <FullName>Tile/TileReference</FullName>
          <Methods>
            <Method visited="true" cyclomaticComplexity="1" nPathComplexity="0" sequenceCoverage="100.0" branchCoverage="0" crapScore="1" isConstructor="true" isStatic="false" isGetter="false" isSetter="false">
              <Summary numSequencePoints="3" visitedSequencePoints="3" numBranchPoints="0" visitedBranchPoints="0" sequenceCoverage="100.0" branchCoverage="0" maxCyclomaticComplexity="1" minCyclomaticComplexity="1" maxCrapScore="1" minCrapScore="1" visitedClasses="0" numClasses="0" visitedMethods="1" numMethods="1" />
              <MetadataToken>100663630</MetadataToken>
              <Name>Tile/TileReference::TileReference()</Name>
              <FileRef uid="28" />
              <SequencePoints>
                <SequencePoint vc="1521" uspid="4804" ordinal="0" offset="0" sl="15" sc="9" el="15" ec="9" bec="0" bev="0" fileid="28" />
                <SequencePoint vc="1521" uspid="4805" ordinal="0" offset="21" sl="16" sc="9" el="16" ec="9" bec="0" bev="0" fileid="28" />
                <SequencePoint vc="1521" uspid="4806" ordinal="0" offset="32" sl="17" sc="9" el="17" ec="9" bec="0" bev="0" fileid="28" />
              </SequencePoints>
              <BranchPoints />
            </Method>
          </Methods>
        </Class>
      </Classes>
    </Module>
  </Modules>
</CoverageSession>