<?xml version="1.0" encoding="utf-8"?>
<CoverageSession xmlns:xsd="http://www.w3.org/2001/XMLSchema" xmlns:xsi="http://www.w3.org/2001/XMLSchema-instance" Version="0.0.0.0">
  <Summary numSequencePoints="583" visitedSequencePoints="404" numBranchPoints="0" visitedBranchPoints="0" sequenceCoverage="69.30" branchCoverage="0.0" maxCyclomaticComplexity="15" minCyclomaticComplexity="1" maxCrapScore="202.60" minCrapScore="1" visitedClasses="17" numClasses="17" visitedMethods="79" numMethods="79" />
  <Modules>
    <Module>
      <Summary numSequencePoints="583" visitedSequencePoints="404" numBranchPoints="0" visitedBranchPoints="0" sequenceCoverage="69.30" branchCoverage="0.0" maxCyclomaticComplexity="15" minCyclomaticComplexity="1" maxCrapScore="202.60" minCrapScore="1" visitedClasses="17" numClasses="17" visitedMethods="79" numMethods="79" />
      <ModuleTime>0001-01-01T00:00:00</ModuleTime>
      <ModuleName>Scripts</ModuleName>
      <Files>
        <File uid="1" fullPath="C:/Users/ajbun/Desktop/472/Crypto-Wars/Crypto Wars/Assets/Scripts/Battles.cs" />
        <File uid="2" fullPath="C:/Users/ajbun/Desktop/472/Crypto-Wars/Crypto Wars/Assets/Scripts/Building.cs" />
        <File uid="3" fullPath="C:/Users/ajbun/Desktop/472/Crypto-Wars/Crypto Wars/Assets/Scripts/buildingRegistry.cs" />
        <File uid="4" fullPath="C:/Users/ajbun/Desktop/472/Crypto-Wars/Crypto Wars/Assets/Scripts/CameraScript.cs" />
        <File uid="5" fullPath="C:/Users/ajbun/Desktop/472/Crypto-Wars/Crypto Wars/Assets/Scripts/cardRegistry.cs" />
        <File uid="6" fullPath="C:/Users/ajbun/Desktop/472/Crypto-Wars/Crypto Wars/Assets/Scripts/CardStack.cs" />
        <File uid="7" fullPath="C:/Users/ajbun/Desktop/472/Crypto-Wars/Crypto Wars/Assets/Scripts/Card_Abstract.cs" />
        <File uid="8" fullPath="C:/Users/ajbun/Desktop/472/Crypto-Wars/Crypto Wars/Assets/Scripts/EndTurn.cs" />
        <File uid="9" fullPath="C:/Users/ajbun/Desktop/472/Crypto-Wars/Crypto Wars/Assets/Scripts/GameManager.cs" />
        <File uid="10" fullPath="C:/Users/ajbun/Desktop/472/Crypto-Wars/Crypto Wars/Assets/Scripts/GUI/AttackButtonScript.cs" />
        <File uid="11" fullPath="C:/Users/ajbun/Desktop/472/Crypto-Wars/Crypto Wars/Assets/Scripts/GUI/BuildButtonScript.cs" />
        <File uid="12" fullPath="C:/Users/ajbun/Desktop/472/Crypto-Wars/Crypto Wars/Assets/Scripts/GUI/CancelButton.cs" />
        <File uid="13" fullPath="C:/Users/ajbun/Desktop/472/Crypto-Wars/Crypto Wars/Assets/Scripts/GUI/EscapeMenu.cs" />
        <File uid="14" fullPath="C:/Users/ajbun/Desktop/472/Crypto-Wars/Crypto Wars/Assets/Scripts/GUI/InventoryManager.cs" />
        <File uid="15" fullPath="C:/Users/ajbun/Desktop/472/Crypto-Wars/Crypto Wars/Assets/Scripts/GUI/InventorySelection.cs" />
        <File uid="16" fullPath="C:/Users/ajbun/Desktop/472/Crypto-Wars/Crypto Wars/Assets/Scripts/GUI/MainMenu.cs" />
        <File uid="17" fullPath="C:/Users/ajbun/Desktop/472/Crypto-Wars/Crypto Wars/Assets/Scripts/GUI/PlayerList.cs" />
        <File uid="18" fullPath="C:/Users/ajbun/Desktop/472/Crypto-Wars/Crypto Wars/Assets/Scripts/GUI/Stash.cs" />
        <File uid="19" fullPath="C:/Users/ajbun/Desktop/472/Crypto-Wars/Crypto Wars/Assets/Scripts/Hand.cs" />
        <File uid="20" fullPath="C:/Users/ajbun/Desktop/472/Crypto-Wars/Crypto Wars/Assets/Scripts/Inventory.cs" />
        <File uid="21" fullPath="C:/Users/ajbun/Desktop/472/Crypto-Wars/Crypto Wars/Assets/Scripts/PlayerController.cs" />
        <File uid="22" fullPath="C:/Users/ajbun/Desktop/472/Crypto-Wars/Crypto Wars/Assets/Scripts/PlayerScript.cs" />
        <File uid="23" fullPath="C:/Users/ajbun/Desktop/472/Crypto-Wars/Crypto Wars/Assets/Scripts/TileScript.cs" />
        <File uid="24" fullPath="C:/Users/ajbun/Desktop/472/Crypto-Wars/Crypto Wars/Assets/Scripts/TurnMaster.cs" />
        <File uid="25" fullPath="C:/Users/ajbun/Desktop/472/Crypto-Wars/Crypto Wars/Assets/Scripts/WinConditions.cs" />
      </Files>
      <Classes>
        <Class>
          <Summary numSequencePoints="7" visitedSequencePoints="7" numBranchPoints="0" visitedBranchPoints="0" sequenceCoverage="100.0" branchCoverage="0.0" maxCyclomaticComplexity="1" minCyclomaticComplexity="1" maxCrapScore="1" minCrapScore="1" visitedClasses="1" numClasses="1" visitedMethods="1" numMethods="1" />
          <FullName>Building</FullName>
          <Methods>
            <Method visited="true" cyclomaticComplexity="1" nPathComplexity="0" sequenceCoverage="100.0" branchCoverage="0" crapScore="1" isConstructor="true" isStatic="false" isGetter="false" isSetter="false">
              <Summary numSequencePoints="7" visitedSequencePoints="7" numBranchPoints="0" visitedBranchPoints="0" sequenceCoverage="100.0" branchCoverage="0" maxCyclomaticComplexity="1" minCyclomaticComplexity="1" maxCrapScore="1" minCrapScore="1" visitedClasses="0" numClasses="0" visitedMethods="1" numMethods="1" />
              <MetadataToken>100663305</MetadataToken>
              <Name>Building::Building(System.String, System.Int32, System.Int32)</Name>
              <FileRef uid="2" />
              <SequencePoints>
                <SequencePoint vc="11" uspid="1437" ordinal="0" offset="0" sl="16" sc="5" el="16" ec="5" bec="0" bev="0" fileid="2" />
                <SequencePoint vc="11" uspid="1438" ordinal="0" offset="7" sl="17" sc="5" el="17" ec="5" bec="0" bev="0" fileid="2" />
                <SequencePoint vc="11" uspid="1439" ordinal="0" offset="8" sl="18" sc="9" el="18" ec="9" bec="0" bev="0" fileid="2" />
                <SequencePoint vc="11" uspid="1440" ordinal="0" offset="15" sl="19" sc="9" el="19" ec="9" bec="0" bev="0" fileid="2" />
                <SequencePoint vc="11" uspid="1441" ordinal="0" offset="22" sl="20" sc="9" el="20" ec="9" bec="0" bev="0" fileid="2" />
                <SequencePoint vc="11" uspid="1442" ordinal="0" offset="29" sl="21" sc="9" el="21" ec="9" bec="0" bev="0" fileid="2" />
                <SequencePoint vc="11" uspid="1443" ordinal="0" offset="36" sl="22" sc="5" el="22" ec="5" bec="0" bev="0" fileid="2" />
              </SequencePoints>
              <BranchPoints />
            </Method>
          </Methods>
        </Class>
        <Class>
          <Summary numSequencePoints="53" visitedSequencePoints="33" numBranchPoints="0" visitedBranchPoints="0" sequenceCoverage="62.26" branchCoverage="0.0" maxCyclomaticComplexity="5" minCyclomaticComplexity="1" maxCrapScore="12.41" minCrapScore="1" visitedClasses="1" numClasses="1" visitedMethods="6" numMethods="6" />
          <FullName>CameraScript</FullName>
          <Methods>
            <Method visited="true" cyclomaticComplexity="1" nPathComplexity="0" sequenceCoverage="100.0" branchCoverage="0" crapScore="1" isConstructor="false" isStatic="false" isGetter="false" isSetter="false">
              <Summary numSequencePoints="4" visitedSequencePoints="4" numBranchPoints="0" visitedBranchPoints="0" sequenceCoverage="100.0" branchCoverage="0" maxCyclomaticComplexity="1" minCyclomaticComplexity="1" maxCrapScore="1" minCrapScore="1" visitedClasses="0" numClasses="0" visitedMethods="1" numMethods="1" />
              <MetadataToken>100663324</MetadataToken>
              <Name>System.Void CameraScript::Start()</Name>
              <FileRef uid="4" />
              <SequencePoints>
                <SequencePoint vc="11" uspid="1466" ordinal="0" offset="0" sl="30" sc="5" el="30" ec="5" bec="0" bev="0" fileid="4" />
                <SequencePoint vc="11" uspid="1467" ordinal="0" offset="1" sl="32" sc="9" el="32" ec="9" bec="0" bev="0" fileid="4" />
                <SequencePoint vc="11" uspid="1468" ordinal="0" offset="17" sl="33" sc="9" el="33" ec="9" bec="0" bev="0" fileid="4" />
                <SequencePoint vc="11" uspid="1469" ordinal="0" offset="26" sl="35" sc="5" el="35" ec="5" bec="0" bev="0" fileid="4" />
              </SequencePoints>
              <BranchPoints />
            </Method>
            <Method visited="true" cyclomaticComplexity="1" nPathComplexity="0" sequenceCoverage="100.0" branchCoverage="0" crapScore="1" isConstructor="false" isStatic="false" isGetter="false" isSetter="false">
              <Summary numSequencePoints="8" visitedSequencePoints="8" numBranchPoints="0" visitedBranchPoints="0" sequenceCoverage="100.0" branchCoverage="0" maxCyclomaticComplexity="1" minCyclomaticComplexity="1" maxCrapScore="1" minCrapScore="1" visitedClasses="0" numClasses="0" visitedMethods="1" numMethods="1" />
              <MetadataToken>100663325</MetadataToken>
              <Name>System.Void CameraScript::Update()</Name>
              <FileRef uid="4" />
              <SequencePoints>
                <SequencePoint vc="3590" uspid="1470" ordinal="0" offset="0" sl="39" sc="5" el="39" ec="5" bec="0" bev="0" fileid="4" />
                <SequencePoint vc="3590" uspid="1471" ordinal="0" offset="1" sl="42" sc="9" el="42" ec="9" bec="0" bev="0" fileid="4" />
                <SequencePoint vc="3590" uspid="1472" ordinal="0" offset="12" sl="43" sc="9" el="43" ec="9" bec="0" bev="0" fileid="4" />
                <SequencePoint vc="3590" uspid="1473" ordinal="0" offset="23" sl="47" sc="9" el="47" ec="9" bec="0" bev="0" fileid="4" />
                <SequencePoint vc="3590" uspid="1474" ordinal="0" offset="38" sl="48" sc="9" el="48" ec="9" bec="0" bev="0" fileid="4" />
                <SequencePoint vc="3590" uspid="1475" ordinal="0" offset="49" sl="49" sc="9" el="49" ec="9" bec="0" bev="0" fileid="4" />
                <SequencePoint vc="3590" uspid="1476" ordinal="0" offset="57" sl="50" sc="9" el="50" ec="9" bec="0" bev="0" fileid="4" />
                <SequencePoint vc="3590" uspid="1477" ordinal="0" offset="66" sl="52" sc="5" el="52" ec="5" bec="0" bev="0" fileid="4" />
              </SequencePoints>
              <BranchPoints />
            </Method>
            <Method visited="true" cyclomaticComplexity="5" nPathComplexity="0" sequenceCoverage="33.33" branchCoverage="0" crapScore="12.41" isConstructor="false" isStatic="false" isGetter="false" isSetter="false">
              <Summary numSequencePoints="18" visitedSequencePoints="6" numBranchPoints="0" visitedBranchPoints="0" sequenceCoverage="33.33" branchCoverage="0" maxCyclomaticComplexity="5" minCyclomaticComplexity="5" maxCrapScore="12.41" minCrapScore="12.41" visitedClasses="0" numClasses="0" visitedMethods="1" numMethods="1" />
              <MetadataToken>100663326</MetadataToken>
              <Name>System.Void CameraScript::moveCamera(UnityEngine.KeyCode, UnityEngine.KeyCode, UnityEngine.KeyCode, UnityEngine.KeyCode)</Name>
              <FileRef uid="4" />
              <SequencePoints>
                <SequencePoint vc="3590" uspid="1478" ordinal="0" offset="0" sl="56" sc="5" el="56" ec="5" bec="0" bev="0" fileid="4" />
                <SequencePoint vc="3590" uspid="1479" ordinal="0" offset="1" sl="57" sc="9" el="57" ec="9" bec="0" bev="0" fileid="4" />
                <SequencePoint vc="0" uspid="1480" ordinal="0" offset="11" sl="58" sc="9" el="58" ec="9" bec="0" bev="0" fileid="4" />
                <SequencePoint vc="0" uspid="1481" ordinal="0" offset="12" sl="59" sc="13" el="59" ec="13" bec="0" bev="0" fileid="4" />
                <SequencePoint vc="0" uspid="1482" ordinal="0" offset="50" sl="60" sc="9" el="60" ec="9" bec="0" bev="0" fileid="4" />
                <SequencePoint vc="3590" uspid="1483" ordinal="0" offset="53" sl="61" sc="14" el="61" ec="14" bec="0" bev="0" fileid="4" />
                <SequencePoint vc="0" uspid="1484" ordinal="0" offset="63" sl="62" sc="9" el="62" ec="9" bec="0" bev="0" fileid="4" />
                <SequencePoint vc="0" uspid="1485" ordinal="0" offset="64" sl="63" sc="13" el="63" ec="13" bec="0" bev="0" fileid="4" />
                <SequencePoint vc="0" uspid="1486" ordinal="0" offset="102" sl="64" sc="9" el="64" ec="9" bec="0" bev="0" fileid="4" />
                <SequencePoint vc="3590" uspid="1487" ordinal="0" offset="103" sl="65" sc="9" el="65" ec="9" bec="0" bev="0" fileid="4" />
                <SequencePoint vc="0" uspid="1488" ordinal="0" offset="113" sl="66" sc="9" el="66" ec="9" bec="0" bev="0" fileid="4" />
                <SequencePoint vc="0" uspid="1489" ordinal="0" offset="114" sl="67" sc="13" el="67" ec="13" bec="0" bev="0" fileid="4" />
                <SequencePoint vc="0" uspid="1490" ordinal="0" offset="152" sl="68" sc="9" el="68" ec="9" bec="0" bev="0" fileid="4" />
                <SequencePoint vc="3590" uspid="1491" ordinal="0" offset="155" sl="69" sc="14" el="69" ec="14" bec="0" bev="0" fileid="4" />
                <SequencePoint vc="0" uspid="1492" ordinal="0" offset="166" sl="70" sc="9" el="70" ec="9" bec="0" bev="0" fileid="4" />
                <SequencePoint vc="0" uspid="1493" ordinal="0" offset="167" sl="71" sc="13" el="71" ec="13" bec="0" bev="0" fileid="4" />
                <SequencePoint vc="0" uspid="1494" ordinal="0" offset="205" sl="72" sc="9" el="72" ec="9" bec="0" bev="0" fileid="4" />
                <SequencePoint vc="3590" uspid="1495" ordinal="0" offset="206" sl="73" sc="5" el="73" ec="5" bec="0" bev="0" fileid="4" />
              </SequencePoints>
              <BranchPoints />
            </Method>
            <Method visited="true" cyclomaticComplexity="2" nPathComplexity="0" sequenceCoverage="37.50" branchCoverage="0" crapScore="2.98" isConstructor="false" isStatic="false" isGetter="false" isSetter="false">
              <Summary numSequencePoints="8" visitedSequencePoints="3" numBranchPoints="0" visitedBranchPoints="0" sequenceCoverage="37.50" branchCoverage="0" maxCyclomaticComplexity="2" minCyclomaticComplexity="2" maxCrapScore="2.98" minCrapScore="2.98" visitedClasses="0" numClasses="0" visitedMethods="1" numMethods="1" />
              <MetadataToken>100663327</MetadataToken>
              <Name>System.Void CameraScript::zoomCamera(System.Single)</Name>
              <FileRef uid="4" />
              <SequencePoints>
                <SequencePoint vc="3590" uspid="1496" ordinal="0" offset="0" sl="77" sc="5" el="77" ec="5" bec="0" bev="0" fileid="4" />
                <SequencePoint vc="3590" uspid="1497" ordinal="0" offset="1" sl="79" sc="9" el="79" ec="9" bec="0" bev="0" fileid="4" />
                <SequencePoint vc="0" uspid="1498" ordinal="0" offset="16" sl="80" sc="9" el="80" ec="9" bec="0" bev="0" fileid="4" />
                <SequencePoint vc="0" uspid="1499" ordinal="0" offset="17" sl="82" sc="13" el="82" ec="13" bec="0" bev="0" fileid="4" />
                <SequencePoint vc="0" uspid="1500" ordinal="0" offset="32" sl="83" sc="13" el="83" ec="13" bec="0" bev="0" fileid="4" />
                <SequencePoint vc="0" uspid="1501" ordinal="0" offset="78" sl="84" sc="13" el="84" ec="13" bec="0" bev="0" fileid="4" />
                <SequencePoint vc="0" uspid="1502" ordinal="0" offset="133" sl="85" sc="9" el="85" ec="9" bec="0" bev="0" fileid="4" />
                <SequencePoint vc="3590" uspid="1503" ordinal="0" offset="134" sl="86" sc="5" el="86" ec="5" bec="0" bev="0" fileid="4" />
              </SequencePoints>
              <BranchPoints />
            </Method>
            <Method visited="true" cyclomaticComplexity="2" nPathComplexity="0" sequenceCoverage="50.00" branchCoverage="0" crapScore="2.50" isConstructor="false" isStatic="false" isGetter="false" isSetter="false">
              <Summary numSequencePoints="6" visitedSequencePoints="3" numBranchPoints="0" visitedBranchPoints="0" sequenceCoverage="50.00" branchCoverage="0" maxCyclomaticComplexity="2" minCyclomaticComplexity="2" maxCrapScore="2.50" minCrapScore="2.50" visitedClasses="0" numClasses="0" visitedMethods="1" numMethods="1" />
              <MetadataToken>100663328</MetadataToken>
              <Name>System.Void CameraScript::resetCamera(UnityEngine.KeyCode)</Name>
              <FileRef uid="4" />
              <SequencePoints>
                <SequencePoint vc="3601" uspid="1504" ordinal="0" offset="0" sl="90" sc="5" el="90" ec="5" bec="0" bev="0" fileid="4" />
                <SequencePoint vc="3601" uspid="1505" ordinal="0" offset="1" sl="92" sc="9" el="92" ec="9" bec="0" bev="0" fileid="4" />
                <SequencePoint vc="0" uspid="1506" ordinal="0" offset="11" sl="93" sc="9" el="93" ec="9" bec="0" bev="0" fileid="4" />
                <SequencePoint vc="0" uspid="1507" ordinal="0" offset="12" sl="95" sc="13" el="95" ec="13" bec="0" bev="0" fileid="4" />
                <SequencePoint vc="0" uspid="1508" ordinal="0" offset="47" sl="96" sc="9" el="96" ec="9" bec="0" bev="0" fileid="4" />
                <SequencePoint vc="3601" uspid="1509" ordinal="0" offset="48" sl="97" sc="5" el="97" ec="5" bec="0" bev="0" fileid="4" />
              </SequencePoints>
              <BranchPoints />
            </Method>
            <Method visited="true" cyclomaticComplexity="1" nPathComplexity="0" sequenceCoverage="100.0" branchCoverage="0" crapScore="1" isConstructor="true" isStatic="false" isGetter="false" isSetter="false">
              <Summary numSequencePoints="9" visitedSequencePoints="9" numBranchPoints="0" visitedBranchPoints="0" sequenceCoverage="100.0" branchCoverage="0" maxCyclomaticComplexity="1" minCyclomaticComplexity="1" maxCrapScore="1" minCrapScore="1" visitedClasses="0" numClasses="0" visitedMethods="1" numMethods="1" />
              <MetadataToken>100663330</MetadataToken>
              <Name>CameraScript::CameraScript()</Name>
              <FileRef uid="4" />
              <SequencePoints>
                <SequencePoint vc="12" uspid="1514" ordinal="0" offset="0" sl="13" sc="5" el="13" ec="5" bec="0" bev="0" fileid="4" />
                <SequencePoint vc="12" uspid="1515" ordinal="0" offset="11" sl="14" sc="5" el="14" ec="5" bec="0" bev="0" fileid="4" />
                <SequencePoint vc="12" uspid="1516" ordinal="0" offset="22" sl="15" sc="5" el="15" ec="5" bec="0" bev="0" fileid="4" />
                <SequencePoint vc="12" uspid="1517" ordinal="0" offset="33" sl="16" sc="5" el="16" ec="5" bec="0" bev="0" fileid="4" />
                <SequencePoint vc="12" uspid="1518" ordinal="0" offset="44" sl="19" sc="5" el="19" ec="5" bec="0" bev="0" fileid="4" />
                <SequencePoint vc="12" uspid="1519" ordinal="0" offset="55" sl="20" sc="5" el="20" ec="5" bec="0" bev="0" fileid="4" />
                <SequencePoint vc="12" uspid="1520" ordinal="0" offset="66" sl="21" sc="5" el="21" ec="5" bec="0" bev="0" fileid="4" />
                <SequencePoint vc="12" uspid="1521" ordinal="0" offset="77" sl="24" sc="5" el="24" ec="5" bec="0" bev="0" fileid="4" />
                <SequencePoint vc="12" uspid="1522" ordinal="0" offset="88" sl="25" sc="5" el="25" ec="5" bec="0" bev="0" fileid="4" />
              </SequencePoints>
              <BranchPoints />
            </Method>
          </Methods>
        </Class>
        <Class>
          <Summary numSequencePoints="12" visitedSequencePoints="12" numBranchPoints="0" visitedBranchPoints="0" sequenceCoverage="100.0" branchCoverage="0.0" maxCyclomaticComplexity="1" minCyclomaticComplexity="1" maxCrapScore="1" minCrapScore="1" visitedClasses="1" numClasses="1" visitedMethods="3" numMethods="3" />
          <FullName>CardStack</FullName>
          <Methods>
            <Method visited="true" cyclomaticComplexity="1" nPathComplexity="0" sequenceCoverage="100.0" branchCoverage="0" crapScore="1" isConstructor="false" isStatic="false" isGetter="false" isSetter="false">
              <Summary numSequencePoints="3" visitedSequencePoints="3" numBranchPoints="0" visitedBranchPoints="0" sequenceCoverage="100.0" branchCoverage="0" maxCyclomaticComplexity="1" minCyclomaticComplexity="1" maxCrapScore="1" minCrapScore="1" visitedClasses="0" numClasses="0" visitedMethods="1" numMethods="1" />
              <MetadataToken>100663337</MetadataToken>
              <Name>Card CardStack::GetCardinStack()</Name>
              <FileRef uid="6" />
              <SequencePoints>
                <SequencePoint vc="4" uspid="1547" ordinal="0" offset="0" sl="18" sc="34" el="18" ec="34" bec="0" bev="0" fileid="6" />
                <SequencePoint vc="4" uspid="1548" ordinal="0" offset="1" sl="19" sc="9" el="19" ec="9" bec="0" bev="0" fileid="6" />
                <SequencePoint vc="4" uspid="1549" ordinal="0" offset="10" sl="20" sc="5" el="20" ec="5" bec="0" bev="0" fileid="6" />
              </SequencePoints>
              <BranchPoints />
            </Method>
            <Method visited="true" cyclomaticComplexity="1" nPathComplexity="0" sequenceCoverage="100.0" branchCoverage="0" crapScore="1" isConstructor="false" isStatic="false" isGetter="false" isSetter="false">
              <Summary numSequencePoints="3" visitedSequencePoints="3" numBranchPoints="0" visitedBranchPoints="0" sequenceCoverage="100.0" branchCoverage="0" maxCyclomaticComplexity="1" minCyclomaticComplexity="1" maxCrapScore="1" minCrapScore="1" visitedClasses="0" numClasses="0" visitedMethods="1" numMethods="1" />
              <MetadataToken>100663343</MetadataToken>
              <Name>System.Int32 CardStack::GetSize()</Name>
              <FileRef uid="6" />
              <SequencePoints>
                <SequencePoint vc="3" uspid="1586" ordinal="0" offset="0" sl="65" sc="5" el="65" ec="5" bec="0" bev="0" fileid="6" />
                <SequencePoint vc="3" uspid="1587" ordinal="0" offset="1" sl="66" sc="9" el="66" ec="9" bec="0" bev="0" fileid="6" />
                <SequencePoint vc="3" uspid="1588" ordinal="0" offset="10" sl="67" sc="5" el="67" ec="5" bec="0" bev="0" fileid="6" />
              </SequencePoints>
              <BranchPoints />
            </Method>
            <Method visited="true" cyclomaticComplexity="1" nPathComplexity="0" sequenceCoverage="100.0" branchCoverage="0" crapScore="1" isConstructor="true" isStatic="false" isGetter="false" isSetter="false">
              <Summary numSequencePoints="6" visitedSequencePoints="6" numBranchPoints="0" visitedBranchPoints="0" sequenceCoverage="100.0" branchCoverage="0" maxCyclomaticComplexity="1" minCyclomaticComplexity="1" maxCrapScore="1" minCrapScore="1" visitedClasses="0" numClasses="0" visitedMethods="1" numMethods="1" />
              <MetadataToken>100663336</MetadataToken>
              <Name>CardStack::CardStack(Card, System.Int32)</Name>
              <FileRef uid="6" />
              <SequencePoints>
                <SequencePoint vc="2" uspid="1589" ordinal="0" offset="0" sl="12" sc="5" el="12" ec="5" bec="0" bev="0" fileid="6" />
                <SequencePoint vc="2" uspid="1590" ordinal="0" offset="7" sl="12" sc="46" el="12" ec="46" bec="0" bev="0" fileid="6" />
                <SequencePoint vc="2" uspid="1591" ordinal="0" offset="8" sl="13" sc="9" el="13" ec="9" bec="0" bev="0" fileid="6" />
                <SequencePoint vc="2" uspid="1592" ordinal="0" offset="15" sl="14" sc="9" el="14" ec="9" bec="0" bev="0" fileid="6" />
                <SequencePoint vc="2" uspid="1593" ordinal="0" offset="22" sl="15" sc="9" el="15" ec="9" bec="0" bev="0" fileid="6" />
                <SequencePoint vc="2" uspid="1594" ordinal="0" offset="29" sl="16" sc="5" el="16" ec="5" bec="0" bev="0" fileid="6" />
              </SequencePoints>
              <BranchPoints />
            </Method>
          </Methods>
        </Class>
        <Class>
          <Summary numSequencePoints="8" visitedSequencePoints="8" numBranchPoints="0" visitedBranchPoints="0" sequenceCoverage="100.0" branchCoverage="0.0" maxCyclomaticComplexity="1" minCyclomaticComplexity="1" maxCrapScore="1" minCrapScore="1" visitedClasses="1" numClasses="1" visitedMethods="2" numMethods="2" />
          <FullName>Card</FullName>
          <Methods>
            <Method visited="true" cyclomaticComplexity="1" nPathComplexity="0" sequenceCoverage="100.0" branchCoverage="0" crapScore="1" isConstructor="false" isStatic="false" isGetter="false" isSetter="false">
              <Summary numSequencePoints="3" visitedSequencePoints="3" numBranchPoints="0" visitedBranchPoints="0" sequenceCoverage="100.0" branchCoverage="0" maxCyclomaticComplexity="1" minCyclomaticComplexity="1" maxCrapScore="1" minCrapScore="1" visitedClasses="0" numClasses="0" visitedMethods="1" numMethods="1" />
              <MetadataToken>100663345</MetadataToken>
              <Name>System.String Card::getName()</Name>
              <FileRef uid="7" />
              <SequencePoints>
                <SequencePoint vc="6" uspid="1595" ordinal="0" offset="0" sl="27" sc="29" el="27" ec="29" bec="0" bev="0" fileid="7" />
                <SequencePoint vc="6" uspid="1596" ordinal="0" offset="1" sl="28" sc="9" el="28" ec="9" bec="0" bev="0" fileid="7" />
                <SequencePoint vc="6" uspid="1597" ordinal="0" offset="10" sl="29" sc="5" el="29" ec="5" bec="0" bev="0" fileid="7" />
              </SequencePoints>
              <BranchPoints />
            </Method>
            <Method visited="true" cyclomaticComplexity="1" nPathComplexity="0" sequenceCoverage="100.0" branchCoverage="0" crapScore="1" isConstructor="true" isStatic="false" isGetter="false" isSetter="false">
              <Summary numSequencePoints="5" visitedSequencePoints="5" numBranchPoints="0" visitedBranchPoints="0" sequenceCoverage="100.0" branchCoverage="0" maxCyclomaticComplexity="1" minCyclomaticComplexity="1" maxCrapScore="1" minCrapScore="1" visitedClasses="0" numClasses="0" visitedMethods="1" numMethods="1" />
              <MetadataToken>100663344</MetadataToken>
              <Name>Card::Card(UnityEngine.Sprite, System.String)</Name>
              <FileRef uid="7" />
              <SequencePoints>
                <SequencePoint vc="25" uspid="1625" ordinal="0" offset="0" sl="22" sc="5" el="22" ec="5" bec="0" bev="0" fileid="7" />
                <SequencePoint vc="25" uspid="1626" ordinal="0" offset="7" sl="22" sc="43" el="22" ec="43" bec="0" bev="0" fileid="7" />
                <SequencePoint vc="25" uspid="1627" ordinal="0" offset="8" sl="23" sc="9" el="23" ec="9" bec="0" bev="0" fileid="7" />
                <SequencePoint vc="25" uspid="1628" ordinal="0" offset="15" sl="24" sc="9" el="24" ec="9" bec="0" bev="0" fileid="7" />
                <SequencePoint vc="25" uspid="1629" ordinal="0" offset="22" sl="25" sc="5" el="25" ec="5" bec="0" bev="0" fileid="7" />
              </SequencePoints>
              <BranchPoints />
            </Method>
          </Methods>
        </Class>
        <Class>
          <Summary numSequencePoints="9" visitedSequencePoints="9" numBranchPoints="0" visitedBranchPoints="0" sequenceCoverage="100.0" branchCoverage="0.0" maxCyclomaticComplexity="1" minCyclomaticComplexity="1" maxCrapScore="1" minCrapScore="1" visitedClasses="1" numClasses="1" visitedMethods="2" numMethods="2" />
          <FullName>EndTurn</FullName>
          <Methods>
            <Method visited="true" cyclomaticComplexity="1" nPathComplexity="0" sequenceCoverage="100.0" branchCoverage="0" crapScore="1" isConstructor="false" isStatic="false" isGetter="false" isSetter="false">
              <Summary numSequencePoints="5" visitedSequencePoints="5" numBranchPoints="0" visitedBranchPoints="0" sequenceCoverage="100.0" branchCoverage="0" maxCyclomaticComplexity="1" minCyclomaticComplexity="1" maxCrapScore="1" minCrapScore="1" visitedClasses="0" numClasses="0" visitedMethods="1" numMethods="1" />
              <MetadataToken>100663352</MetadataToken>
              <Name>System.Void EndTurn::Start()</Name>
              <FileRef uid="8" />
              <SequencePoints>
                <SequencePoint vc="11" uspid="1630" ordinal="0" offset="0" sl="16" sc="5" el="16" ec="5" bec="0" bev="0" fileid="8" />
                <SequencePoint vc="11" uspid="1631" ordinal="0" offset="1" sl="17" sc="9" el="17" ec="9" bec="0" bev="0" fileid="8" />
                <SequencePoint vc="11" uspid="1632" ordinal="0" offset="8" sl="18" sc="9" el="18" ec="9" bec="0" bev="0" fileid="8" />
                <SequencePoint vc="11" uspid="1633" ordinal="0" offset="20" sl="19" sc="9" el="19" ec="9" bec="0" bev="0" fileid="8" />
                <SequencePoint vc="11" uspid="1634" ordinal="0" offset="53" sl="20" sc="5" el="20" ec="5" bec="0" bev="0" fileid="8" />
              </SequencePoints>
              <BranchPoints />
            </Method>
            <Method visited="true" cyclomaticComplexity="1" nPathComplexity="0" sequenceCoverage="100.0" branchCoverage="0" crapScore="1" isConstructor="false" isStatic="false" isGetter="false" isSetter="false">
              <Summary numSequencePoints="4" visitedSequencePoints="4" numBranchPoints="0" visitedBranchPoints="0" sequenceCoverage="100.0" branchCoverage="0" maxCyclomaticComplexity="1" minCyclomaticComplexity="1" maxCrapScore="1" minCrapScore="1" visitedClasses="0" numClasses="0" visitedMethods="1" numMethods="1" />
              <MetadataToken>100663353</MetadataToken>
              <Name>System.Void EndTurn::endPlayerTurn()</Name>
              <FileRef uid="8" />
              <SequencePoints>
                <SequencePoint vc="1" uspid="1635" ordinal="0" offset="0" sl="26" sc="5" el="26" ec="5" bec="0" bev="0" fileid="8" />
                <SequencePoint vc="1" uspid="1636" ordinal="0" offset="1" sl="38" sc="9" el="38" ec="9" bec="0" bev="0" fileid="8" />
                <SequencePoint vc="1" uspid="1637" ordinal="0" offset="15" sl="39" sc="9" el="39" ec="9" bec="0" bev="0" fileid="8" />
                <SequencePoint vc="1" uspid="1638" ordinal="0" offset="48" sl="40" sc="5" el="40" ec="5" bec="0" bev="0" fileid="8" />
              </SequencePoints>
              <BranchPoints />
            </Method>
          </Methods>
        </Class>
        <Class>
          <Summary numSequencePoints="7" visitedSequencePoints="7" numBranchPoints="0" visitedBranchPoints="0" sequenceCoverage="100.0" branchCoverage="0.0" maxCyclomaticComplexity="1" minCyclomaticComplexity="1" maxCrapScore="1" minCrapScore="1" visitedClasses="1" numClasses="1" visitedMethods="3" numMethods="3" />
          <FullName>AttackButtonScript</FullName>
          <Methods>
            <Method visited="true" cyclomaticComplexity="1" nPathComplexity="0" sequenceCoverage="100.0" branchCoverage="0" crapScore="1" isConstructor="false" isStatic="false" isGetter="false" isSetter="false">
              <Summary numSequencePoints="2" visitedSequencePoints="2" numBranchPoints="0" visitedBranchPoints="0" sequenceCoverage="100.0" branchCoverage="0" maxCyclomaticComplexity="1" minCyclomaticComplexity="1" maxCrapScore="1" minCrapScore="1" visitedClasses="0" numClasses="0" visitedMethods="1" numMethods="1" />
              <MetadataToken>100663361</MetadataToken>
              <Name>System.Void AttackButtonScript::Start()</Name>
              <FileRef uid="10" />
              <SequencePoints>
                <SequencePoint vc="12" uspid="1659" ordinal="0" offset="0" sl="10" sc="5" el="10" ec="5" bec="0" bev="0" fileid="10" />
                <SequencePoint vc="12" uspid="1660" ordinal="0" offset="1" sl="12" sc="5" el="12" ec="5" bec="0" bev="0" fileid="10" />
              </SequencePoints>
              <BranchPoints />
            </Method>
            <Method visited="true" cyclomaticComplexity="1" nPathComplexity="0" sequenceCoverage="100.0" branchCoverage="0" crapScore="1" isConstructor="false" isStatic="false" isGetter="false" isSetter="false">
              <Summary numSequencePoints="2" visitedSequencePoints="2" numBranchPoints="0" visitedBranchPoints="0" sequenceCoverage="100.0" branchCoverage="0" maxCyclomaticComplexity="1" minCyclomaticComplexity="1" maxCrapScore="1" minCrapScore="1" visitedClasses="0" numClasses="0" visitedMethods="1" numMethods="1" />
              <MetadataToken>100663362</MetadataToken>
              <Name>System.Void AttackButtonScript::Update()</Name>
              <FileRef uid="10" />
              <SequencePoints>
                <SequencePoint vc="3594" uspid="1661" ordinal="0" offset="0" sl="16" sc="5" el="16" ec="5" bec="0" bev="0" fileid="10" />
                <SequencePoint vc="3594" uspid="1662" ordinal="0" offset="1" sl="18" sc="5" el="18" ec="5" bec="0" bev="0" fileid="10" />
              </SequencePoints>
              <BranchPoints />
            </Method>
            <Method visited="true" cyclomaticComplexity="1" nPathComplexity="0" sequenceCoverage="100.0" branchCoverage="0" crapScore="1" isConstructor="false" isStatic="false" isGetter="false" isSetter="false">
              <Summary numSequencePoints="3" visitedSequencePoints="3" numBranchPoints="0" visitedBranchPoints="0" sequenceCoverage="100.0" branchCoverage="0" maxCyclomaticComplexity="1" minCyclomaticComplexity="1" maxCrapScore="1" minCrapScore="1" visitedClasses="0" numClasses="0" visitedMethods="1" numMethods="1" />
              <MetadataToken>100663363</MetadataToken>
              <Name>System.Void AttackButtonScript::outOfFrame()</Name>
              <FileRef uid="10" />
              <SequencePoints>
                <SequencePoint vc="1" uspid="1663" ordinal="0" offset="0" sl="22" sc="5" el="22" ec="5" bec="0" bev="0" fileid="10" />
                <SequencePoint vc="1" uspid="1664" ordinal="0" offset="1" sl="23" sc="9" el="23" ec="9" bec="0" bev="0" fileid="10" />
                <SequencePoint vc="1" uspid="1665" ordinal="0" offset="33" sl="24" sc="5" el="24" ec="5" bec="0" bev="0" fileid="10" />
              </SequencePoints>
              <BranchPoints />
            </Method>
          </Methods>
        </Class>
        <Class>
          <Summary numSequencePoints="9" visitedSequencePoints="9" numBranchPoints="0" visitedBranchPoints="0" sequenceCoverage="100.0" branchCoverage="0.0" maxCyclomaticComplexity="1" minCyclomaticComplexity="1" maxCrapScore="1" minCrapScore="1" visitedClasses="1" numClasses="1" visitedMethods="2" numMethods="2" />
          <FullName>BuildButtonScript</FullName>
          <Methods>
            <Method visited="true" cyclomaticComplexity="1" nPathComplexity="0" sequenceCoverage="100.0" branchCoverage="0" crapScore="1" isConstructor="false" isStatic="false" isGetter="false" isSetter="false">
              <Summary numSequencePoints="6" visitedSequencePoints="6" numBranchPoints="0" visitedBranchPoints="0" sequenceCoverage="100.0" branchCoverage="0" maxCyclomaticComplexity="1" minCyclomaticComplexity="1" maxCrapScore="1" minCrapScore="1" visitedClasses="0" numClasses="0" visitedMethods="1" numMethods="1" />
              <MetadataToken>100663365</MetadataToken>
              <Name>System.Void BuildButtonScript::Start()</Name>
              <FileRef uid="11" />
              <SequencePoints>
                <SequencePoint vc="11" uspid="1666" ordinal="0" offset="0" sl="18" sc="5" el="18" ec="5" bec="0" bev="0" fileid="11" />
                <SequencePoint vc="11" uspid="1667" ordinal="0" offset="1" sl="19" sc="9" el="19" ec="9" bec="0" bev="0" fileid="11" />
                <SequencePoint vc="11" uspid="1668" ordinal="0" offset="8" sl="23" sc="9" el="23" ec="9" bec="0" bev="0" fileid="11" />
                <SequencePoint vc="11" uspid="1669" ordinal="0" offset="24" sl="24" sc="9" el="24" ec="9" bec="0" bev="0" fileid="11" />
                <SequencePoint vc="11" uspid="1670" ordinal="0" offset="40" sl="25" sc="9" el="25" ec="9" bec="0" bev="0" fileid="11" />
                <SequencePoint vc="11" uspid="1671" ordinal="0" offset="56" sl="26" sc="5" el="26" ec="5" bec="0" bev="0" fileid="11" />
              </SequencePoints>
              <BranchPoints />
            </Method>
            <Method visited="true" cyclomaticComplexity="1" nPathComplexity="0" sequenceCoverage="100.0" branchCoverage="0" crapScore="1" isConstructor="false" isStatic="false" isGetter="false" isSetter="false">
              <Summary numSequencePoints="3" visitedSequencePoints="3" numBranchPoints="0" visitedBranchPoints="0" sequenceCoverage="100.0" branchCoverage="0" maxCyclomaticComplexity="1" minCyclomaticComplexity="1" maxCrapScore="1" minCrapScore="1" visitedClasses="0" numClasses="0" visitedMethods="1" numMethods="1" />
              <MetadataToken>100663366</MetadataToken>
              <Name>System.Void BuildButtonScript::outOfFrame()</Name>
              <FileRef uid="11" />
              <SequencePoints>
                <SequencePoint vc="11" uspid="1672" ordinal="0" offset="0" sl="29" sc="5" el="29" ec="5" bec="0" bev="0" fileid="11" />
                <SequencePoint vc="11" uspid="1673" ordinal="0" offset="1" sl="30" sc="9" el="30" ec="9" bec="0" bev="0" fileid="11" />
                <SequencePoint vc="11" uspid="1674" ordinal="0" offset="33" sl="31" sc="5" el="31" ec="5" bec="0" bev="0" fileid="11" />
              </SequencePoints>
              <BranchPoints />
            </Method>
          </Methods>
        </Class>
        <Class>
          <Summary numSequencePoints="8" visitedSequencePoints="8" numBranchPoints="0" visitedBranchPoints="0" sequenceCoverage="100.0" branchCoverage="0.0" maxCyclomaticComplexity="1" minCyclomaticComplexity="1" maxCrapScore="1" minCrapScore="1" visitedClasses="1" numClasses="1" visitedMethods="3" numMethods="3" />
          <FullName>CancelButton</FullName>
          <Methods>
            <Method visited="true" cyclomaticComplexity="1" nPathComplexity="0" sequenceCoverage="100.0" branchCoverage="0" crapScore="1" isConstructor="false" isStatic="false" isGetter="false" isSetter="false">
              <Summary numSequencePoints="3" visitedSequencePoints="3" numBranchPoints="0" visitedBranchPoints="0" sequenceCoverage="100.0" branchCoverage="0" maxCyclomaticComplexity="1" minCyclomaticComplexity="1" maxCrapScore="1" minCrapScore="1" visitedClasses="0" numClasses="0" visitedMethods="1" numMethods="1" />
              <MetadataToken>100663368</MetadataToken>
              <Name>System.Void CancelButton::Start()</Name>
              <FileRef uid="12" />
              <SequencePoints>
                <SequencePoint vc="11" uspid="1675" ordinal="0" offset="0" sl="9" sc="5" el="9" ec="5" bec="0" bev="0" fileid="12" />
                <SequencePoint vc="11" uspid="1676" ordinal="0" offset="1" sl="10" sc="9" el="10" ec="9" bec="0" bev="0" fileid="12" />
                <SequencePoint vc="11" uspid="1677" ordinal="0" offset="8" sl="11" sc="5" el="11" ec="5" bec="0" bev="0" fileid="12" />
              </SequencePoints>
              <BranchPoints />
            </Method>
            <Method visited="true" cyclomaticComplexity="1" nPathComplexity="0" sequenceCoverage="100.0" branchCoverage="0" crapScore="1" isConstructor="false" isStatic="false" isGetter="false" isSetter="false">
              <Summary numSequencePoints="2" visitedSequencePoints="2" numBranchPoints="0" visitedBranchPoints="0" sequenceCoverage="100.0" branchCoverage="0" maxCyclomaticComplexity="1" minCyclomaticComplexity="1" maxCrapScore="1" minCrapScore="1" visitedClasses="0" numClasses="0" visitedMethods="1" numMethods="1" />
              <MetadataToken>100663369</MetadataToken>
              <Name>System.Void CancelButton::Update()</Name>
              <FileRef uid="12" />
              <SequencePoints>
                <SequencePoint vc="3590" uspid="1678" ordinal="0" offset="0" sl="15" sc="5" el="15" ec="5" bec="0" bev="0" fileid="12" />
                <SequencePoint vc="3590" uspid="1679" ordinal="0" offset="1" sl="17" sc="5" el="17" ec="5" bec="0" bev="0" fileid="12" />
              </SequencePoints>
              <BranchPoints />
            </Method>
            <Method visited="true" cyclomaticComplexity="1" nPathComplexity="0" sequenceCoverage="100.0" branchCoverage="0" crapScore="1" isConstructor="false" isStatic="false" isGetter="false" isSetter="false">
              <Summary numSequencePoints="3" visitedSequencePoints="3" numBranchPoints="0" visitedBranchPoints="0" sequenceCoverage="100.0" branchCoverage="0" maxCyclomaticComplexity="1" minCyclomaticComplexity="1" maxCrapScore="1" minCrapScore="1" visitedClasses="0" numClasses="0" visitedMethods="1" numMethods="1" />
              <MetadataToken>100663370</MetadataToken>
              <Name>System.Void CancelButton::outOfFrame()</Name>
              <FileRef uid="12" />
              <SequencePoints>
                <SequencePoint vc="11" uspid="1680" ordinal="0" offset="0" sl="21" sc="5" el="21" ec="5" bec="0" bev="0" fileid="12" />
                <SequencePoint vc="11" uspid="1681" ordinal="0" offset="1" sl="22" sc="9" el="22" ec="9" bec="0" bev="0" fileid="12" />
                <SequencePoint vc="11" uspid="1682" ordinal="0" offset="33" sl="23" sc="5" el="23" ec="5" bec="0" bev="0" fileid="12" />
              </SequencePoints>
              <BranchPoints />
            </Method>
          </Methods>
        </Class>
        <Class>
          <Summary numSequencePoints="76" visitedSequencePoints="73" numBranchPoints="0" visitedBranchPoints="0" sequenceCoverage="96.05" branchCoverage="0.0" maxCyclomaticComplexity="4" minCyclomaticComplexity="1" maxCrapScore="4" minCrapScore="1" visitedClasses="1" numClasses="1" visitedMethods="6" numMethods="6" />
          <FullName>EscapeMenu</FullName>
          <Methods>
            <Method visited="true" cyclomaticComplexity="4" nPathComplexity="0" sequenceCoverage="100.0" branchCoverage="0" crapScore="4" isConstructor="false" isStatic="false" isGetter="false" isSetter="false">
              <Summary numSequencePoints="35" visitedSequencePoints="35" numBranchPoints="0" visitedBranchPoints="0" sequenceCoverage="100.0" branchCoverage="0" maxCyclomaticComplexity="4" minCyclomaticComplexity="4" maxCrapScore="4" minCrapScore="4" visitedClasses="0" numClasses="0" visitedMethods="1" numMethods="1" />
              <MetadataToken>100663372</MetadataToken>
              <Name>System.Void EscapeMenu::Start()</Name>
              <FileRef uid="13" />
              <SequencePoints>
                <SequencePoint vc="11" uspid="1683" ordinal="0" offset="0" sl="15" sc="5" el="15" ec="5" bec="0" bev="0" fileid="13" />
                <SequencePoint vc="11" uspid="1684" ordinal="0" offset="1" sl="17" sc="9" el="17" ec="9" bec="0" bev="0" fileid="13" />
                <SequencePoint vc="11" uspid="1685" ordinal="0" offset="17" sl="18" sc="9" el="18" ec="9" bec="0" bev="0" fileid="13" />
                <SequencePoint vc="11" uspid="1686" ordinal="0" offset="29" sl="19" sc="9" el="19" ec="9" bec="0" bev="0" fileid="13" />
                <SequencePoint vc="11" uspid="1687" ordinal="0" offset="37" sl="20" sc="9" el="20" ec="9" bec="0" bev="0" fileid="13" />
                <SequencePoint vc="11" uspid="1688" ordinal="0" offset="55" sl="21" sc="9" el="21" ec="9" bec="0" bev="0" fileid="13" />
                <SequencePoint vc="11" uspid="1689" ordinal="0" offset="67" sl="22" sc="9" el="22" ec="9" bec="0" bev="0" fileid="13" />
                <SequencePoint vc="11" uspid="1690" ordinal="0" offset="79" sl="24" sc="9" el="24" ec="9" bec="0" bev="0" fileid="13" />
                <SequencePoint vc="11" uspid="1691" ordinal="0" offset="172" sl="25" sc="9" el="25" ec="9" bec="0" bev="0" fileid="13" />
                <SequencePoint vc="11" uspid="1692" ordinal="0" offset="209" sl="26" sc="9" el="26" ec="9" bec="0" bev="0" fileid="13" />
                <SequencePoint vc="11" uspid="1693" ordinal="0" offset="242" sl="28" sc="9" el="28" ec="9" bec="0" bev="0" fileid="13" />
                <SequencePoint vc="11" uspid="1694" ordinal="0" offset="258" sl="29" sc="9" el="29" ec="9" bec="0" bev="0" fileid="13" />
                <SequencePoint vc="11" uspid="1695" ordinal="0" offset="270" sl="30" sc="9" el="30" ec="9" bec="0" bev="0" fileid="13" />
                <SequencePoint vc="11" uspid="1696" ordinal="0" offset="278" sl="31" sc="9" el="31" ec="9" bec="0" bev="0" fileid="13" />
                <SequencePoint vc="11" uspid="1697" ordinal="0" offset="296" sl="32" sc="9" el="32" ec="9" bec="0" bev="0" fileid="13" />
                <SequencePoint vc="11" uspid="1698" ordinal="0" offset="308" sl="33" sc="9" el="33" ec="9" bec="0" bev="0" fileid="13" />
                <SequencePoint vc="11" uspid="1699" ordinal="0" offset="320" sl="35" sc="9" el="35" ec="9" bec="0" bev="0" fileid="13" />
                <SequencePoint vc="11" uspid="1700" ordinal="0" offset="413" sl="36" sc="9" el="36" ec="9" bec="0" bev="0" fileid="13" />
                <SequencePoint vc="11" uspid="1701" ordinal="0" offset="450" sl="39" sc="9" el="39" ec="9" bec="0" bev="0" fileid="13" />
                <SequencePoint vc="11" uspid="1702" ordinal="0" offset="539" sl="40" sc="9" el="40" ec="9" bec="0" bev="0" fileid="13" />
                <SequencePoint vc="11" uspid="1703" ordinal="0" offset="548" sl="42" sc="9" el="42" ec="9" bec="0" bev="0" fileid="13" />
                <SequencePoint vc="11" uspid="1704" ordinal="0" offset="561" sl="43" sc="9" el="43" ec="9" bec="0" bev="0" fileid="13" />
                <SequencePoint vc="11" uspid="1705" ordinal="0" offset="574" sl="44" sc="9" el="44" ec="9" bec="0" bev="0" fileid="13" />
                <SequencePoint vc="11" uspid="1706" ordinal="0" offset="587" sl="45" sc="9" el="45" ec="9" bec="0" bev="0" fileid="13" />
                <SequencePoint vc="11" uspid="1707" ordinal="0" offset="600" sl="47" sc="9" el="47" ec="9" bec="0" bev="0" fileid="13" />
                <SequencePoint vc="11" uspid="1708" ordinal="0" offset="629" sl="50" sc="9" el="50" ec="9" bec="0" bev="0" fileid="13" />
                <SequencePoint vc="11" uspid="1709" ordinal="0" offset="663" sl="51" sc="9" el="51" ec="9" bec="0" bev="0" fileid="13" />
                <SequencePoint vc="11" uspid="1710" ordinal="0" offset="693" sl="54" sc="9" el="54" ec="9" bec="0" bev="0" fileid="13" />
                <SequencePoint vc="11" uspid="1711" ordinal="0" offset="727" sl="55" sc="9" el="55" ec="9" bec="0" bev="0" fileid="13" />
                <SequencePoint vc="11" uspid="1712" ordinal="0" offset="776" sl="59" sc="9" el="59" ec="9" bec="0" bev="0" fileid="13" />
                <SequencePoint vc="11" uspid="1713" ordinal="0" offset="810" sl="60" sc="9" el="60" ec="9" bec="0" bev="0" fileid="13" />
                <SequencePoint vc="11" uspid="1714" ordinal="0" offset="859" sl="63" sc="9" el="63" ec="9" bec="0" bev="0" fileid="13" />
                <SequencePoint vc="11" uspid="1715" ordinal="0" offset="893" sl="64" sc="9" el="64" ec="9" bec="0" bev="0" fileid="13" />
                <SequencePoint vc="11" uspid="1716" ordinal="0" offset="942" sl="69" sc="9" el="69" ec="9" bec="0" bev="0" fileid="13" />
                <SequencePoint vc="11" uspid="1717" ordinal="0" offset="955" sl="70" sc="5" el="70" ec="5" bec="0" bev="0" fileid="13" />
              </SequencePoints>
              <BranchPoints />
            </Method>
            <Method visited="true" cyclomaticComplexity="2" nPathComplexity="0" sequenceCoverage="75.00" branchCoverage="0" crapScore="2.06" isConstructor="false" isStatic="false" isGetter="false" isSetter="false">
              <Summary numSequencePoints="4" visitedSequencePoints="3" numBranchPoints="0" visitedBranchPoints="0" sequenceCoverage="75.00" branchCoverage="0" maxCyclomaticComplexity="2" minCyclomaticComplexity="2" maxCrapScore="2.06" minCrapScore="2.06" visitedClasses="0" numClasses="0" visitedMethods="1" numMethods="1" />
              <MetadataToken>100663373</MetadataToken>
              <Name>System.Void EscapeMenu::Update()</Name>
              <FileRef uid="13" />
              <SequencePoints>
                <SequencePoint vc="3590" uspid="1718" ordinal="0" offset="0" sl="74" sc="5" el="74" ec="5" bec="0" bev="0" fileid="13" />
                <SequencePoint vc="3590" uspid="1719" ordinal="0" offset="1" sl="76" sc="9" el="76" ec="9" bec="0" bev="0" fileid="13" />
                <SequencePoint vc="0" uspid="1720" ordinal="0" offset="12" sl="77" sc="13" el="77" ec="13" bec="0" bev="0" fileid="13" />
                <SequencePoint vc="3590" uspid="1721" ordinal="0" offset="19" sl="78" sc="5" el="78" ec="5" bec="0" bev="0" fileid="13" />
              </SequencePoints>
              <BranchPoints />
            </Method>
            <Method visited="true" cyclomaticComplexity="1" nPathComplexity="0" sequenceCoverage="100.0" branchCoverage="0" crapScore="1" isConstructor="false" isStatic="false" isGetter="false" isSetter="false">
              <Summary numSequencePoints="21" visitedSequencePoints="21" numBranchPoints="0" visitedBranchPoints="0" sequenceCoverage="100.0" branchCoverage="0" maxCyclomaticComplexity="1" minCyclomaticComplexity="1" maxCrapScore="1" minCrapScore="1" visitedClasses="0" numClasses="0" visitedMethods="1" numMethods="1" />
              <MetadataToken>100663374</MetadataToken>
              <Name>UnityEngine.GameObject EscapeMenu::CreateButton(UnityEngine.Transform, UnityEngine.Vector2, System.String)</Name>
              <FileRef uid="13" />
              <SequencePoints>
                <SequencePoint vc="55" uspid="1722" ordinal="0" offset="0" sl="80" sc="5" el="80" ec="5" bec="0" bev="0" fileid="13" />
                <SequencePoint vc="55" uspid="1723" ordinal="0" offset="1" sl="82" sc="9" el="82" ec="9" bec="0" bev="0" fileid="13" />
                <SequencePoint vc="55" uspid="1724" ordinal="0" offset="18" sl="83" sc="9" el="83" ec="9" bec="0" bev="0" fileid="13" />
                <SequencePoint vc="55" uspid="1725" ordinal="0" offset="32" sl="84" sc="9" el="84" ec="9" bec="0" bev="0" fileid="13" />
                <SequencePoint vc="55" uspid="1726" ordinal="0" offset="39" sl="85" sc="9" el="85" ec="9" bec="0" bev="0" fileid="13" />
                <SequencePoint vc="55" uspid="1727" ordinal="0" offset="61" sl="86" sc="9" el="86" ec="9" bec="0" bev="0" fileid="13" />
                <SequencePoint vc="55" uspid="1728" ordinal="0" offset="69" sl="87" sc="9" el="87" ec="9" bec="0" bev="0" fileid="13" />
                <SequencePoint vc="55" uspid="1729" ordinal="0" offset="106" sl="90" sc="9" el="90" ec="9" bec="0" bev="0" fileid="13" />
                <SequencePoint vc="55" uspid="1730" ordinal="0" offset="113" sl="91" sc="9" el="91" ec="9" bec="0" bev="0" fileid="13" />
                <SequencePoint vc="55" uspid="1731" ordinal="0" offset="132" sl="92" sc="9" el="92" ec="9" bec="0" bev="0" fileid="13" />
                <SequencePoint vc="55" uspid="1732" ordinal="0" offset="139" sl="93" sc="9" el="93" ec="9" bec="0" bev="0" fileid="13" />
                <SequencePoint vc="55" uspid="1733" ordinal="0" offset="151" sl="94" sc="9" el="94" ec="9" bec="0" bev="0" fileid="13" />
                <SequencePoint vc="55" uspid="1734" ordinal="0" offset="163" sl="95" sc="9" el="95" ec="9" bec="0" bev="0" fileid="13" />
                <SequencePoint vc="55" uspid="1735" ordinal="0" offset="175" sl="98" sc="9" el="98" ec="9" bec="0" bev="0" fileid="13" />
                <SequencePoint vc="55" uspid="1736" ordinal="0" offset="183" sl="99" sc="9" el="99" ec="9" bec="0" bev="0" fileid="13" />
                <SequencePoint vc="55" uspid="1737" ordinal="0" offset="192" sl="100" sc="9" el="100" ec="9" bec="0" bev="0" fileid="13" />
                <SequencePoint vc="55" uspid="1738" ordinal="0" offset="205" sl="101" sc="9" el="101" ec="9" bec="0" bev="0" fileid="13" />
                <SequencePoint vc="55" uspid="1739" ordinal="0" offset="218" sl="102" sc="9" el="102" ec="9" bec="0" bev="0" fileid="13" />
                <SequencePoint vc="55" uspid="1740" ordinal="0" offset="231" sl="105" sc="9" el="105" ec="9" bec="0" bev="0" fileid="13" />
                <SequencePoint vc="55" uspid="1741" ordinal="0" offset="238" sl="106" sc="9" el="106" ec="9" bec="0" bev="0" fileid="13" />
                <SequencePoint vc="55" uspid="1742" ordinal="0" offset="243" sl="107" sc="5" el="107" ec="5" bec="0" bev="0" fileid="13" />
              </SequencePoints>
              <BranchPoints />
            </Method>
            <Method visited="true" cyclomaticComplexity="1" nPathComplexity="0" sequenceCoverage="100.0" branchCoverage="0" crapScore="1" isConstructor="false" isStatic="false" isGetter="false" isSetter="false">
              <Summary numSequencePoints="10" visitedSequencePoints="10" numBranchPoints="0" visitedBranchPoints="0" sequenceCoverage="100.0" branchCoverage="0" maxCyclomaticComplexity="1" minCyclomaticComplexity="1" maxCrapScore="1" minCrapScore="1" visitedClasses="0" numClasses="0" visitedMethods="1" numMethods="1" />
              <MetadataToken>100663375</MetadataToken>
              <Name>UnityEngine.GameObject EscapeMenu::CreatePanel(System.String, UnityEngine.Transform, UnityEngine.Vector2, UnityEngine.Vector2, UnityEngine.Vector2, UnityEngine.Color)</Name>
              <FileRef uid="13" />
              <SequencePoints>
                <SequencePoint vc="33" uspid="1743" ordinal="0" offset="0" sl="110" sc="5" el="110" ec="5" bec="0" bev="0" fileid="13" />
                <SequencePoint vc="33" uspid="1744" ordinal="0" offset="1" sl="111" sc="9" el="111" ec="9" bec="0" bev="0" fileid="13" />
                <SequencePoint vc="33" uspid="1745" ordinal="0" offset="8" sl="112" sc="9" el="112" ec="9" bec="0" bev="0" fileid="13" />
                <SequencePoint vc="33" uspid="1746" ordinal="0" offset="22" sl="113" sc="9" el="113" ec="9" bec="0" bev="0" fileid="13" />
                <SequencePoint vc="33" uspid="1747" ordinal="0" offset="29" sl="114" sc="9" el="114" ec="9" bec="0" bev="0" fileid="13" />
                <SequencePoint vc="33" uspid="1748" ordinal="0" offset="41" sl="115" sc="9" el="115" ec="9" bec="0" bev="0" fileid="13" />
                <SequencePoint vc="33" uspid="1749" ordinal="0" offset="50" sl="116" sc="9" el="116" ec="9" bec="0" bev="0" fileid="13" />
                <SequencePoint vc="33" uspid="1750" ordinal="0" offset="59" sl="117" sc="9" el="117" ec="9" bec="0" bev="0" fileid="13" />
                <SequencePoint vc="33" uspid="1751" ordinal="0" offset="67" sl="118" sc="9" el="118" ec="9" bec="0" bev="0" fileid="13" />
                <SequencePoint vc="33" uspid="1752" ordinal="0" offset="71" sl="120" sc="5" el="120" ec="5" bec="0" bev="0" fileid="13" />
              </SequencePoints>
              <BranchPoints />
            </Method>
            <Method visited="true" cyclomaticComplexity="3" nPathComplexity="0" sequenceCoverage="60.00" branchCoverage="0" crapScore="3.58" isConstructor="false" isStatic="false" isGetter="false" isSetter="false">
              <Summary numSequencePoints="5" visitedSequencePoints="3" numBranchPoints="0" visitedBranchPoints="0" sequenceCoverage="60.00" branchCoverage="0" maxCyclomaticComplexity="3" minCyclomaticComplexity="3" maxCrapScore="3.58" minCrapScore="3.58" visitedClasses="0" numClasses="0" visitedMethods="1" numMethods="1" />
              <MetadataToken>100663376</MetadataToken>
              <Name>System.Void EscapeMenu::ToggleMenu()</Name>
              <FileRef uid="13" />
              <SequencePoints>
                <SequencePoint vc="1" uspid="1753" ordinal="0" offset="0" sl="122" sc="5" el="122" ec="5" bec="0" bev="0" fileid="13" />
                <SequencePoint vc="1" uspid="1754" ordinal="0" offset="1" sl="123" sc="9" el="123" ec="9" bec="0" bev="0" fileid="13" />
                <SequencePoint vc="1" uspid="1755" ordinal="0" offset="16" sl="124" sc="9" el="124" ec="9" bec="0" bev="0" fileid="13" />
                <SequencePoint vc="0" uspid="1756" ordinal="0" offset="34" sl="125" sc="9" el="125" ec="9" bec="0" bev="0" fileid="13" />
                <SequencePoint vc="0" uspid="1757" ordinal="0" offset="53" sl="126" sc="5" el="126" ec="5" bec="0" bev="0" fileid="13" />
              </SequencePoints>
              <BranchPoints />
            </Method>
            <Method visited="true" cyclomaticComplexity="1" nPathComplexity="0" sequenceCoverage="100.0" branchCoverage="0" crapScore="1" isConstructor="true" isStatic="false" isGetter="false" isSetter="false">
              <Summary numSequencePoints="1" visitedSequencePoints="1" numBranchPoints="0" visitedBranchPoints="0" sequenceCoverage="100.0" branchCoverage="0" maxCyclomaticComplexity="1" minCyclomaticComplexity="1" maxCrapScore="1" minCrapScore="1" visitedClasses="0" numClasses="0" visitedMethods="1" numMethods="1" />
              <MetadataToken>100663377</MetadataToken>
              <Name>EscapeMenu::EscapeMenu()</Name>
              <FileRef uid="13" />
              <SequencePoints>
                <SequencePoint vc="11" uspid="1760" ordinal="0" offset="0" sl="10" sc="5" el="10" ec="5" bec="0" bev="0" fileid="13" />
              </SequencePoints>
              <BranchPoints />
            </Method>
          </Methods>
        </Class>
        <Class>
          <Summary numSequencePoints="74" visitedSequencePoints="38" numBranchPoints="0" visitedBranchPoints="0" sequenceCoverage="51.35" branchCoverage="0.0" maxCyclomaticComplexity="10" minCyclomaticComplexity="1" maxCrapScore="64.29" minCrapScore="1" visitedClasses="1" numClasses="1" visitedMethods="6" numMethods="6" />
          <FullName>InventoryManager</FullName>
          <Methods>
            <Method visited="true" cyclomaticComplexity="3" nPathComplexity="0" sequenceCoverage="100.0" branchCoverage="0" crapScore="3" isConstructor="false" isStatic="false" isGetter="false" isSetter="false">
              <Summary numSequencePoints="13" visitedSequencePoints="13" numBranchPoints="0" visitedBranchPoints="0" sequenceCoverage="100.0" branchCoverage="0" maxCyclomaticComplexity="3" minCyclomaticComplexity="3" maxCrapScore="3" minCrapScore="3" visitedClasses="0" numClasses="0" visitedMethods="1" numMethods="1" />
              <MetadataToken>100663380</MetadataToken>
              <Name>System.Void InventoryManager::Start()</Name>
              <FileRef uid="14" />
              <SequencePoints>
                <SequencePoint vc="11" uspid="1761" ordinal="0" offset="0" sl="25" sc="5" el="25" ec="5" bec="0" bev="0" fileid="14" />
                <SequencePoint vc="11" uspid="1762" ordinal="0" offset="1" sl="26" sc="9" el="26" ec="9" bec="0" bev="0" fileid="14" />
                <SequencePoint vc="11" uspid="1763" ordinal="0" offset="11" sl="27" sc="14" el="27" ec="14" bec="0" bev="0" fileid="14" />
                <SequencePoint vc="55" uspid="1764" ordinal="0" offset="15" sl="27" sc="37" el="27" ec="37" bec="0" bev="0" fileid="14" />
                <SequencePoint vc="55" uspid="1765" ordinal="0" offset="16" sl="28" sc="13" el="28" ec="13" bec="0" bev="0" fileid="14" />
                <SequencePoint vc="55" uspid="1766" ordinal="0" offset="24" sl="29" sc="13" el="29" ec="13" bec="0" bev="0" fileid="14" />
                <SequencePoint vc="55" uspid="1767" ordinal="0" offset="57" sl="30" sc="9" el="30" ec="9" bec="0" bev="0" fileid="14" />
                <SequencePoint vc="55" uspid="1768" ordinal="0" offset="58" sl="27" sc="32" el="27" ec="32" bec="0" bev="0" fileid="14" />
                <SequencePoint vc="66" uspid="1769" ordinal="0" offset="62" sl="27" sc="25" el="27" ec="25" bec="0" bev="0" fileid="14" />
                <SequencePoint vc="11" uspid="1770" ordinal="0" offset="70" sl="32" sc="9" el="32" ec="9" bec="0" bev="0" fileid="14" />
                <SequencePoint vc="11" uspid="1771" ordinal="0" offset="87" sl="33" sc="9" el="33" ec="9" bec="0" bev="0" fileid="14" />
                <SequencePoint vc="11" uspid="1772" ordinal="0" offset="104" sl="35" sc="9" el="35" ec="9" bec="0" bev="0" fileid="14" />
                <SequencePoint vc="11" uspid="1773" ordinal="0" offset="119" sl="37" sc="5" el="37" ec="5" bec="0" bev="0" fileid="14" />
              </SequencePoints>
              <BranchPoints />
            </Method>
            <Method visited="true" cyclomaticComplexity="10" nPathComplexity="0" sequenceCoverage="18.42" branchCoverage="0" crapScore="64.29" isConstructor="false" isStatic="false" isGetter="false" isSetter="false">
              <Summary numSequencePoints="38" visitedSequencePoints="7" numBranchPoints="0" visitedBranchPoints="0" sequenceCoverage="18.42" branchCoverage="0" maxCyclomaticComplexity="10" minCyclomaticComplexity="10" maxCrapScore="64.29" minCrapScore="64.29" visitedClasses="0" numClasses="0" visitedMethods="1" numMethods="1" />
              <MetadataToken>100663381</MetadataToken>
              <Name>System.Void InventoryManager::Update()</Name>
              <FileRef uid="14" />
              <SequencePoints>
                <SequencePoint vc="3590" uspid="1774" ordinal="0" offset="0" sl="41" sc="5" el="41" ec="5" bec="0" bev="0" fileid="14" />
                <SequencePoint vc="3590" uspid="1775" ordinal="0" offset="1" sl="43" sc="9" el="43" ec="9" bec="0" bev="0" fileid="14" />
                <SequencePoint vc="0" uspid="1776" ordinal="0" offset="12" sl="43" sc="42" el="43" ec="42" bec="0" bev="0" fileid="14" />
                <SequencePoint vc="0" uspid="1777" ordinal="0" offset="13" sl="44" sc="13" el="44" ec="13" bec="0" bev="0" fileid="14" />
                <SequencePoint vc="0" uspid="1778" ordinal="0" offset="30" sl="45" sc="9" el="45" ec="9" bec="0" bev="0" fileid="14" />
                <SequencePoint vc="3590" uspid="1779" ordinal="0" offset="31" sl="46" sc="9" el="46" ec="9" bec="0" bev="0" fileid="14" />
                <SequencePoint vc="0" uspid="1780" ordinal="0" offset="42" sl="47" sc="9" el="47" ec="9" bec="0" bev="0" fileid="14" />
                <SequencePoint vc="0" uspid="1781" ordinal="0" offset="43" sl="48" sc="13" el="48" ec="13" bec="0" bev="0" fileid="14" />
                <SequencePoint vc="0" uspid="1782" ordinal="0" offset="60" sl="49" sc="9" el="49" ec="9" bec="0" bev="0" fileid="14" />
                <SequencePoint vc="3590" uspid="1783" ordinal="0" offset="61" sl="50" sc="9" el="50" ec="9" bec="0" bev="0" fileid="14" />
                <SequencePoint vc="0" uspid="1784" ordinal="0" offset="72" sl="51" sc="9" el="51" ec="9" bec="0" bev="0" fileid="14" />
                <SequencePoint vc="0" uspid="1785" ordinal="0" offset="73" sl="52" sc="13" el="52" ec="13" bec="0" bev="0" fileid="14" />
                <SequencePoint vc="0" uspid="1786" ordinal="0" offset="90" sl="53" sc="9" el="53" ec="9" bec="0" bev="0" fileid="14" />
                <SequencePoint vc="3590" uspid="1787" ordinal="0" offset="91" sl="54" sc="9" el="54" ec="9" bec="0" bev="0" fileid="14" />
                <SequencePoint vc="0" uspid="1788" ordinal="0" offset="102" sl="55" sc="9" el="55" ec="9" bec="0" bev="0" fileid="14" />
                <SequencePoint vc="0" uspid="1789" ordinal="0" offset="103" sl="56" sc="13" el="56" ec="13" bec="0" bev="0" fileid="14" />
                <SequencePoint vc="0" uspid="1790" ordinal="0" offset="120" sl="57" sc="9" el="57" ec="9" bec="0" bev="0" fileid="14" />
                <SequencePoint vc="3590" uspid="1791" ordinal="0" offset="121" sl="59" sc="9" el="59" ec="9" bec="0" bev="0" fileid="14" />
                <SequencePoint vc="0" uspid="1792" ordinal="0" offset="135" sl="59" sc="41" el="59" ec="41" bec="0" bev="0" fileid="14" />
                <SequencePoint vc="0" uspid="1793" ordinal="0" offset="136" sl="60" sc="13" el="60" ec="13" bec="0" bev="0" fileid="14" />
                <SequencePoint vc="0" uspid="1794" ordinal="0" offset="151" sl="62" sc="13" el="62" ec="13" bec="0" bev="0" fileid="14" />
                <SequencePoint vc="0" uspid="1795" ordinal="0" offset="167" sl="65" sc="18" el="65" ec="18" bec="0" bev="0" fileid="14" />
                <SequencePoint vc="0" uspid="1796" ordinal="0" offset="172" sl="65" sc="40" el="65" ec="40" bec="0" bev="0" fileid="14" />
                <SequencePoint vc="0" uspid="1797" ordinal="0" offset="173" sl="66" sc="17" el="66" ec="17" bec="0" bev="0" fileid="14" />
                <SequencePoint vc="0" uspid="1798" ordinal="0" offset="182" sl="67" sc="13" el="67" ec="13" bec="0" bev="0" fileid="14" />
                <SequencePoint vc="0" uspid="1799" ordinal="0" offset="183" sl="65" sc="36" el="65" ec="36" bec="0" bev="0" fileid="14" />
                <SequencePoint vc="0" uspid="1800" ordinal="0" offset="189" sl="65" sc="29" el="65" ec="29" bec="0" bev="0" fileid="14" />
                <SequencePoint vc="0" uspid="1801" ordinal="0" offset="200" sl="68" sc="13" el="68" ec="13" bec="0" bev="0" fileid="14" />
                <SequencePoint vc="0" uspid="1802" ordinal="0" offset="212" sl="69" sc="18" el="69" ec="18" bec="0" bev="0" fileid="14" />
                <SequencePoint vc="0" uspid="1803" ordinal="0" offset="217" sl="69" sc="81" el="69" ec="81" bec="0" bev="0" fileid="14" />
                <SequencePoint vc="0" uspid="1804" ordinal="0" offset="218" sl="70" sc="17" el="70" ec="17" bec="0" bev="0" fileid="14" />
                <SequencePoint vc="0" uspid="1805" ordinal="0" offset="260" sl="71" sc="17" el="71" ec="17" bec="0" bev="0" fileid="14" />
                <SequencePoint vc="0" uspid="1806" ordinal="0" offset="306" sl="72" sc="13" el="72" ec="13" bec="0" bev="0" fileid="14" />
                <SequencePoint vc="0" uspid="1807" ordinal="0" offset="307" sl="69" sc="77" el="69" ec="77" bec="0" bev="0" fileid="14" />
                <SequencePoint vc="0" uspid="1808" ordinal="0" offset="313" sl="69" sc="29" el="69" ec="29" bec="0" bev="0" fileid="14" />
                <SequencePoint vc="0" uspid="1809" ordinal="0" offset="333" sl="73" sc="13" el="73" ec="13" bec="0" bev="0" fileid="14" />
                <SequencePoint vc="0" uspid="1810" ordinal="0" offset="339" sl="74" sc="9" el="74" ec="9" bec="0" bev="0" fileid="14" />
                <SequencePoint vc="3590" uspid="1811" ordinal="0" offset="340" sl="75" sc="5" el="75" ec="5" bec="0" bev="0" fileid="14" />
              </SequencePoints>
              <BranchPoints />
            </Method>
            <Method visited="true" cyclomaticComplexity="2" nPathComplexity="0" sequenceCoverage="100.0" branchCoverage="0" crapScore="2" isConstructor="false" isStatic="false" isGetter="false" isSetter="false">
              <Summary numSequencePoints="4" visitedSequencePoints="4" numBranchPoints="0" visitedBranchPoints="0" sequenceCoverage="100.0" branchCoverage="0" maxCyclomaticComplexity="2" minCyclomaticComplexity="2" maxCrapScore="2" minCrapScore="2" visitedClasses="0" numClasses="0" visitedMethods="1" numMethods="1" />
              <MetadataToken>100663382</MetadataToken>
              <Name>System.Void InventoryManager::SetText(System.String, System.Int32, System.String)</Name>
              <FileRef uid="14" />
              <SequencePoints>
                <SequencePoint vc="118" uspid="1812" ordinal="0" offset="0" sl="78" sc="71" el="78" ec="71" bec="0" bev="0" fileid="14" />
                <SequencePoint vc="118" uspid="1813" ordinal="0" offset="1" sl="79" sc="9" el="79" ec="9" bec="0" bev="0" fileid="14" />
                <SequencePoint vc="118" uspid="1814" ordinal="0" offset="22" sl="80" sc="13" el="80" ec="13" bec="0" bev="0" fileid="14" />
                <SequencePoint vc="118" uspid="1815" ordinal="0" offset="56" sl="81" sc="5" el="81" ec="5" bec="0" bev="0" fileid="14" />
              </SequencePoints>
              <BranchPoints />
            </Method>
            <Method visited="true" cyclomaticComplexity="1" nPathComplexity="0" sequenceCoverage="100.0" branchCoverage="0" crapScore="1" isConstructor="false" isStatic="false" isGetter="false" isSetter="false">
              <Summary numSequencePoints="5" visitedSequencePoints="5" numBranchPoints="0" visitedBranchPoints="0" sequenceCoverage="100.0" branchCoverage="0" maxCyclomaticComplexity="1" minCyclomaticComplexity="1" maxCrapScore="1" minCrapScore="1" visitedClasses="0" numClasses="0" visitedMethods="1" numMethods="1" />
              <MetadataToken>100663383</MetadataToken>
              <Name>System.Void InventoryManager::SetupSlot(System.Int32)</Name>
              <FileRef uid="14" />
              <SequencePoints>
                <SequencePoint vc="55" uspid="1816" ordinal="0" offset="0" sl="84" sc="38" el="84" ec="38" bec="0" bev="0" fileid="14" />
                <SequencePoint vc="55" uspid="1817" ordinal="0" offset="1" sl="85" sc="9" el="85" ec="9" bec="0" bev="0" fileid="14" />
                <SequencePoint vc="55" uspid="1818" ordinal="0" offset="64" sl="86" sc="9" el="86" ec="9" bec="0" bev="0" fileid="14" />
                <SequencePoint vc="55" uspid="1819" ordinal="0" offset="82" sl="87" sc="9" el="87" ec="9" bec="0" bev="0" fileid="14" />
                <SequencePoint vc="55" uspid="1820" ordinal="0" offset="100" sl="88" sc="5" el="88" ec="5" bec="0" bev="0" fileid="14" />
              </SequencePoints>
              <BranchPoints />
            </Method>
            <Method visited="true" cyclomaticComplexity="4" nPathComplexity="0" sequenceCoverage="58.33" branchCoverage="0" crapScore="5.16" isConstructor="false" isStatic="false" isGetter="false" isSetter="false">
              <Summary numSequencePoints="12" visitedSequencePoints="7" numBranchPoints="0" visitedBranchPoints="0" sequenceCoverage="58.33" branchCoverage="0" maxCyclomaticComplexity="4" minCyclomaticComplexity="4" maxCrapScore="5.16" minCrapScore="5.16" visitedClasses="0" numClasses="0" visitedMethods="1" numMethods="1" />
              <MetadataToken>100663384</MetadataToken>
              <Name>System.Void InventoryManager::ReorderSlots()</Name>
              <FileRef uid="14" />
              <SequencePoints>
                <SequencePoint vc="2" uspid="1821" ordinal="0" offset="0" sl="91" sc="32" el="91" ec="32" bec="0" bev="0" fileid="14" />
                <SequencePoint vc="2" uspid="1822" ordinal="0" offset="1" sl="92" sc="9" el="92" ec="9" bec="0" bev="0" fileid="14" />
                <SequencePoint vc="2" uspid="1823" ordinal="0" offset="12" sl="93" sc="14" el="93" ec="14" bec="0" bev="0" fileid="14" />
                <SequencePoint vc="0" uspid="1824" ordinal="0" offset="16" sl="93" sc="50" el="93" ec="50" bec="0" bev="0" fileid="14" />
                <SequencePoint vc="0" uspid="1825" ordinal="0" offset="17" sl="94" sc="13" el="94" ec="13" bec="0" bev="0" fileid="14" />
                <SequencePoint vc="0" uspid="1826" ordinal="0" offset="56" sl="95" sc="13" el="95" ec="13" bec="0" bev="0" fileid="14" />
                <SequencePoint vc="0" uspid="1827" ordinal="0" offset="98" sl="96" sc="9" el="96" ec="9" bec="0" bev="0" fileid="14" />
                <SequencePoint vc="0" uspid="1828" ordinal="0" offset="99" sl="93" sc="45" el="93" ec="45" bec="0" bev="0" fileid="14" />
                <SequencePoint vc="2" uspid="1829" ordinal="0" offset="103" sl="93" sc="25" el="93" ec="25" bec="0" bev="0" fileid="14" />
                <SequencePoint vc="2" uspid="1830" ordinal="0" offset="116" sl="97" sc="9" el="97" ec="9" bec="0" bev="0" fileid="14" />
                <SequencePoint vc="2" uspid="1831" ordinal="0" offset="139" sl="98" sc="9" el="98" ec="9" bec="0" bev="0" fileid="14" />
                <SequencePoint vc="2" uspid="1832" ordinal="0" offset="162" sl="99" sc="5" el="99" ec="5" bec="0" bev="0" fileid="14" />
              </SequencePoints>
              <BranchPoints />
            </Method>
            <Method visited="true" cyclomaticComplexity="1" nPathComplexity="0" sequenceCoverage="100.0" branchCoverage="0" crapScore="1" isConstructor="true" isStatic="true" isGetter="false" isSetter="false">
              <Summary numSequencePoints="2" visitedSequencePoints="2" numBranchPoints="0" visitedBranchPoints="0" sequenceCoverage="100.0" branchCoverage="0" maxCyclomaticComplexity="1" minCyclomaticComplexity="1" maxCrapScore="1" minCrapScore="1" visitedClasses="0" numClasses="0" visitedMethods="1" numMethods="1" />
              <MetadataToken>100663387</MetadataToken>
              <Name>static InventoryManager::InventoryManager()</Name>
              <FileRef uid="14" />
              <SequencePoints>
                <SequencePoint vc="1" uspid="1836" ordinal="0" offset="0" sl="18" sc="5" el="18" ec="5" bec="0" bev="0" fileid="14" />
                <SequencePoint vc="1" uspid="1837" ordinal="0" offset="10" sl="19" sc="5" el="19" ec="5" bec="0" bev="0" fileid="14" />
              </SequencePoints>
              <BranchPoints />
            </Method>
          </Methods>
        </Class>
        <Class>
          <Summary numSequencePoints="25" visitedSequencePoints="22" numBranchPoints="0" visitedBranchPoints="0" sequenceCoverage="88.00" branchCoverage="0.0" maxCyclomaticComplexity="3" minCyclomaticComplexity="1" maxCrapScore="3.24" minCrapScore="1" visitedClasses="1" numClasses="1" visitedMethods="3" numMethods="3" />
          <FullName>InventorySelection</FullName>
          <Methods>
            <Method visited="true" cyclomaticComplexity="1" nPathComplexity="0" sequenceCoverage="100.0" branchCoverage="0" crapScore="1" isConstructor="false" isStatic="false" isGetter="false" isSetter="false">
              <Summary numSequencePoints="13" visitedSequencePoints="13" numBranchPoints="0" visitedBranchPoints="0" sequenceCoverage="100.0" branchCoverage="0" maxCyclomaticComplexity="1" minCyclomaticComplexity="1" maxCrapScore="1" minCrapScore="1" visitedClasses="0" numClasses="0" visitedMethods="1" numMethods="1" />
              <MetadataToken>100663388</MetadataToken>
              <Name>System.Void InventorySelection::Start()</Name>
              <FileRef uid="15" />
              <SequencePoints>
                <SequencePoint vc="55" uspid="1838" ordinal="0" offset="0" sl="23" sc="5" el="23" ec="5" bec="0" bev="0" fileid="15" />
                <SequencePoint vc="55" uspid="1839" ordinal="0" offset="1" sl="25" sc="9" el="25" ec="9" bec="0" bev="0" fileid="15" />
                <SequencePoint vc="55" uspid="1840" ordinal="0" offset="38" sl="26" sc="9" el="26" ec="9" bec="0" bev="0" fileid="15" />
                <SequencePoint vc="55" uspid="1841" ordinal="0" offset="75" sl="27" sc="9" el="27" ec="9" bec="0" bev="0" fileid="15" />
                <SequencePoint vc="55" uspid="1842" ordinal="0" offset="112" sl="30" sc="9" el="30" ec="9" bec="0" bev="0" fileid="15" />
                <SequencePoint vc="55" uspid="1843" ordinal="0" offset="141" sl="31" sc="9" el="31" ec="9" bec="0" bev="0" fileid="15" />
                <SequencePoint vc="55" uspid="1844" ordinal="0" offset="170" sl="32" sc="9" el="32" ec="9" bec="0" bev="0" fileid="15" />
                <SequencePoint vc="55" uspid="1845" ordinal="0" offset="199" sl="35" sc="9" el="35" ec="9" bec="0" bev="0" fileid="15" />
                <SequencePoint vc="55" uspid="1846" ordinal="0" offset="231" sl="38" sc="9" el="38" ec="9" bec="0" bev="0" fileid="15" />
                <SequencePoint vc="55" uspid="1847" ordinal="0" offset="253" sl="39" sc="9" el="39" ec="9" bec="0" bev="0" fileid="15" />
                <SequencePoint vc="55" uspid="1848" ordinal="0" offset="260" sl="42" sc="9" el="42" ec="9" bec="0" bev="0" fileid="15" />
                <SequencePoint vc="55" uspid="1849" ordinal="0" offset="277" sl="43" sc="9" el="43" ec="9" bec="0" bev="0" fileid="15" />
                <SequencePoint vc="55" uspid="1850" ordinal="0" offset="306" sl="45" sc="5" el="45" ec="5" bec="0" bev="0" fileid="15" />
              </SequencePoints>
              <BranchPoints />
            </Method>
            <Method visited="true" cyclomaticComplexity="3" nPathComplexity="0" sequenceCoverage="70.00" branchCoverage="0" crapScore="3.24" isConstructor="false" isStatic="false" isGetter="false" isSetter="false">
              <Summary numSequencePoints="10" visitedSequencePoints="7" numBranchPoints="0" visitedBranchPoints="0" sequenceCoverage="70.00" branchCoverage="0" maxCyclomaticComplexity="3" minCyclomaticComplexity="3" maxCrapScore="3.24" minCrapScore="3.24" visitedClasses="0" numClasses="0" visitedMethods="1" numMethods="1" />
              <MetadataToken>100663391</MetadataToken>
              <Name>System.Void InventorySelection::Update()</Name>
              <FileRef uid="15" />
              <SequencePoints>
                <SequencePoint vc="17950" uspid="1865" ordinal="0" offset="0" sl="65" sc="18" el="65" ec="18" bec="0" bev="0" fileid="15" />
                <SequencePoint vc="17950" uspid="1866" ordinal="0" offset="1" sl="66" sc="9" el="66" ec="9" bec="0" bev="0" fileid="15" />
                <SequencePoint vc="17950" uspid="1867" ordinal="0" offset="18" sl="66" sc="47" el="66" ec="47" bec="0" bev="0" fileid="15" />
                <SequencePoint vc="17950" uspid="1868" ordinal="0" offset="19" sl="67" sc="13" el="67" ec="13" bec="0" bev="0" fileid="15" />
                <SequencePoint vc="17950" uspid="1869" ordinal="0" offset="26" sl="68" sc="9" el="68" ec="9" bec="0" bev="0" fileid="15" />
                <SequencePoint vc="17950" uspid="1870" ordinal="0" offset="27" sl="69" sc="9" el="69" ec="9" bec="0" bev="0" fileid="15" />
                <SequencePoint vc="0" uspid="1871" ordinal="0" offset="41" sl="70" sc="9" el="70" ec="9" bec="0" bev="0" fileid="15" />
                <SequencePoint vc="0" uspid="1872" ordinal="0" offset="42" sl="71" sc="13" el="71" ec="13" bec="0" bev="0" fileid="15" />
                <SequencePoint vc="0" uspid="1873" ordinal="0" offset="49" sl="72" sc="9" el="72" ec="9" bec="0" bev="0" fileid="15" />
                <SequencePoint vc="17950" uspid="1874" ordinal="0" offset="50" sl="73" sc="5" el="73" ec="5" bec="0" bev="0" fileid="15" />
              </SequencePoints>
              <BranchPoints />
            </Method>
            <Method visited="true" cyclomaticComplexity="1" nPathComplexity="0" sequenceCoverage="100.0" branchCoverage="0" crapScore="1" isConstructor="true" isStatic="false" isGetter="false" isSetter="false">
              <Summary numSequencePoints="2" visitedSequencePoints="2" numBranchPoints="0" visitedBranchPoints="0" sequenceCoverage="100.0" branchCoverage="0" maxCyclomaticComplexity="1" minCyclomaticComplexity="1" maxCrapScore="1" minCrapScore="1" visitedClasses="0" numClasses="0" visitedMethods="1" numMethods="1" />
              <MetadataToken>100663394</MetadataToken>
              <Name>InventorySelection::InventorySelection()</Name>
              <FileRef uid="15" />
              <SequencePoints>
                <SequencePoint vc="55" uspid="1908" ordinal="0" offset="0" sl="17" sc="5" el="17" ec="5" bec="0" bev="0" fileid="15" />
                <SequencePoint vc="55" uspid="1909" ordinal="0" offset="8" sl="64" sc="5" el="64" ec="5" bec="0" bev="0" fileid="15" />
              </SequencePoints>
              <BranchPoints />
            </Method>
          </Methods>
        </Class>
        <Class>
          <Summary numSequencePoints="46" visitedSequencePoints="46" numBranchPoints="0" visitedBranchPoints="0" sequenceCoverage="100.0" branchCoverage="0.0" maxCyclomaticComplexity="3" minCyclomaticComplexity="1" maxCrapScore="3" minCrapScore="1" visitedClasses="1" numClasses="1" visitedMethods="8" numMethods="8" />
          <FullName>Stash</FullName>
          <Methods>
            <Method visited="true" cyclomaticComplexity="1" nPathComplexity="0" sequenceCoverage="100.0" branchCoverage="0" crapScore="1" isConstructor="false" isStatic="false" isGetter="false" isSetter="false">
              <Summary numSequencePoints="6" visitedSequencePoints="6" numBranchPoints="0" visitedBranchPoints="0" sequenceCoverage="100.0" branchCoverage="0" maxCyclomaticComplexity="1" minCyclomaticComplexity="1" maxCrapScore="1" minCrapScore="1" visitedClasses="0" numClasses="0" visitedMethods="1" numMethods="1" />
              <MetadataToken>100663413</MetadataToken>
              <Name>System.Void Stash::Start()</Name>
              <FileRef uid="18" />
              <SequencePoints>
                <SequencePoint vc="11" uspid="2022" ordinal="0" offset="0" sl="15" sc="5" el="15" ec="5" bec="0" bev="0" fileid="18" />
                <SequencePoint vc="11" uspid="2023" ordinal="0" offset="1" sl="16" sc="9" el="16" ec="9" bec="0" bev="0" fileid="18" />
                <SequencePoint vc="11" uspid="2024" ordinal="0" offset="12" sl="18" sc="9" el="18" ec="9" bec="0" bev="0" fileid="18" />
[...]
                <SequencePoint vc="1" uspid="2319" ordinal="0" offset="48" sl="148" sc="9" el="148" ec="9" bec="0" bev="0" fileid="21" />
                <SequencePoint vc="1" uspid="2320" ordinal="0" offset="69" sl="149" sc="5" el="149" ec="5" bec="0" bev="0" fileid="21" />
              </SequencePoints>
              <BranchPoints />
            </Method>
            <Method visited="true" cyclomaticComplexity="1" nPathComplexity="0" sequenceCoverage="100.0" branchCoverage="0" crapScore="1" isConstructor="false" isStatic="false" isGetter="false" isSetter="false">
              <Summary numSequencePoints="3" visitedSequencePoints="3" numBranchPoints="0" visitedBranchPoints="0" sequenceCoverage="100.0" branchCoverage="0" maxCyclomaticComplexity="1" minCyclomaticComplexity="1" maxCrapScore="1" minCrapScore="1" visitedClasses="0" numClasses="0" visitedMethods="1" numMethods="1" />
              <MetadataToken>100663448</MetadataToken>
              <Name>System.Int32 PlayerController::GetCurrentPlayerIndex()</Name>
              <FileRef uid="21" />
              <SequencePoints>
                <SequencePoint vc="1" uspid="2328" ordinal="0" offset="0" sl="162" sc="5" el="162" ec="5" bec="0" bev="0" fileid="21" />
                <SequencePoint vc="1" uspid="2329" ordinal="0" offset="1" sl="163" sc="9" el="163" ec="9" bec="0" bev="0" fileid="21" />
                <SequencePoint vc="1" uspid="2330" ordinal="0" offset="9" sl="164" sc="5" el="164" ec="5" bec="0" bev="0" fileid="21" />
              </SequencePoints>
              <BranchPoints />
            </Method>
          </Methods>
        </Class>
        <Class>
          <Summary numSequencePoints="12" visitedSequencePoints="12" numBranchPoints="0" visitedBranchPoints="0" sequenceCoverage="100.0" branchCoverage="0.0" maxCyclomaticComplexity="1" minCyclomaticComplexity="1" maxCrapScore="1" minCrapScore="1" visitedClasses="1" numClasses="1" visitedMethods="2" numMethods="2" />
          <FullName>Player</FullName>
          <Methods>
            <Method visited="true" cyclomaticComplexity="1" nPathComplexity="0" sequenceCoverage="100.0" branchCoverage="0" crapScore="1" isConstructor="false" isStatic="false" isGetter="false" isSetter="false">
              <Summary numSequencePoints="3" visitedSequencePoints="3" numBranchPoints="0" visitedBranchPoints="0" sequenceCoverage="100.0" branchCoverage="0" maxCyclomaticComplexity="1" minCyclomaticComplexity="1" maxCrapScore="1" minCrapScore="1" visitedClasses="0" numClasses="0" visitedMethods="1" numMethods="1" />
              <MetadataToken>100663455</MetadataToken>
              <Name>Inventory Player::GetInventory()</Name>
              <FileRef uid="22" />
              <SequencePoints>
                <SequencePoint vc="22" uspid="2343" ordinal="0" offset="0" sl="56" sc="5" el="56" ec="5" bec="0" bev="0" fileid="22" />
                <SequencePoint vc="22" uspid="2344" ordinal="0" offset="1" sl="57" sc="9" el="57" ec="9" bec="0" bev="0" fileid="22" />
                <SequencePoint vc="22" uspid="2345" ordinal="0" offset="10" sl="58" sc="5" el="58" ec="5" bec="0" bev="0" fileid="22" />
              </SequencePoints>
              <BranchPoints />
            </Method>
            <Method visited="true" cyclomaticComplexity="1" nPathComplexity="0" sequenceCoverage="100.0" branchCoverage="0" crapScore="1" isConstructor="true" isStatic="false" isGetter="false" isSetter="false">
              <Summary numSequencePoints="9" visitedSequencePoints="9" numBranchPoints="0" visitedBranchPoints="0" sequenceCoverage="100.0" branchCoverage="0" maxCyclomaticComplexity="1" minCyclomaticComplexity="1" maxCrapScore="1" minCrapScore="1" visitedClasses="0" numClasses="0" visitedMethods="1" numMethods="1" />
              <MetadataToken>100663454</MetadataToken>
              <Name>Player::Player(System.String, UnityEngine.Material)</Name>
              <FileRef uid="22" />
              <SequencePoints>
                <SequencePoint vc="22" uspid="2416" ordinal="0" offset="0" sl="12" sc="5" el="12" ec="5" bec="0" bev="0" fileid="22" />
                <SequencePoint vc="22" uspid="2417" ordinal="0" offset="11" sl="45" sc="5" el="45" ec="5" bec="0" bev="0" fileid="22" />
                <SequencePoint vc="22" uspid="2418" ordinal="0" offset="18" sl="46" sc="5" el="46" ec="5" bec="0" bev="0" fileid="22" />
                <SequencePoint vc="22" uspid="2419" ordinal="0" offset="19" sl="47" sc="9" el="47" ec="9" bec="0" bev="0" fileid="22" />
                <SequencePoint vc="22" uspid="2420" ordinal="0" offset="26" sl="48" sc="9" el="48" ec="9" bec="0" bev="0" fileid="22" />
                <SequencePoint vc="22" uspid="2421" ordinal="0" offset="33" sl="49" sc="9" el="49" ec="9" bec="0" bev="0" fileid="22" />
                <SequencePoint vc="22" uspid="2422" ordinal="0" offset="40" sl="50" sc="9" el="50" ec="9" bec="0" bev="0" fileid="22" />
                <SequencePoint vc="22" uspid="2423" ordinal="0" offset="55" sl="51" sc="9" el="51" ec="9" bec="0" bev="0" fileid="22" />
                <SequencePoint vc="22" uspid="2424" ordinal="0" offset="66" sl="52" sc="5" el="52" ec="5" bec="0" bev="0" fileid="22" />
              </SequencePoints>
              <BranchPoints />
            </Method>
          </Methods>
        </Class>
        <Class>
          <Summary numSequencePoints="33" visitedSequencePoints="33" numBranchPoints="0" visitedBranchPoints="0" sequenceCoverage="100.0" branchCoverage="0.0" maxCyclomaticComplexity="1" minCyclomaticComplexity="1" maxCrapScore="1" minCrapScore="1" visitedClasses="1" numClasses="1" visitedMethods="12" numMethods="12" />
          <FullName>Tile</FullName>
          <Methods>
            <Method visited="true" cyclomaticComplexity="1" nPathComplexity="0" sequenceCoverage="100.0" branchCoverage="0" crapScore="1" isConstructor="false" isStatic="false" isGetter="true" isSetter="false">
              <Summary numSequencePoints="1" visitedSequencePoints="1" numBranchPoints="0" visitedBranchPoints="0" sequenceCoverage="100.0" branchCoverage="0" maxCyclomaticComplexity="1" minCyclomaticComplexity="1" maxCrapScore="1" minCrapScore="1" visitedClasses="0" numClasses="0" visitedMethods="1" numMethods="1" />
              <MetadataToken>100663470</MetadataToken>
              <Name>System.Int32 Tile::get_BoardXPos()</Name>
              <FileRef uid="23" />
              <SequencePoints>
                <SequencePoint vc="1" uspid="2425" ordinal="0" offset="0" sl="11" sc="28" el="11" ec="28" bec="0" bev="0" fileid="23" />
              </SequencePoints>
              <BranchPoints />
            </Method>
            <Method visited="true" cyclomaticComplexity="1" nPathComplexity="0" sequenceCoverage="100.0" branchCoverage="0" crapScore="1" isConstructor="false" isStatic="false" isGetter="false" isSetter="true">
              <Summary numSequencePoints="1" visitedSequencePoints="1" numBranchPoints="0" visitedBranchPoints="0" sequenceCoverage="100.0" branchCoverage="0" maxCyclomaticComplexity="1" minCyclomaticComplexity="1" maxCrapScore="1" minCrapScore="1" visitedClasses="0" numClasses="0" visitedMethods="1" numMethods="1" />
              <MetadataToken>100663471</MetadataToken>
              <Name>System.Void Tile::set_BoardXPos(System.Int32)</Name>
              <FileRef uid="23" />
              <SequencePoints>
                <SequencePoint vc="1" uspid="2426" ordinal="0" offset="0" sl="11" sc="33" el="11" ec="33" bec="0" bev="0" fileid="23" />
              </SequencePoints>
              <BranchPoints />
            </Method>
            <Method visited="true" cyclomaticComplexity="1" nPathComplexity="0" sequenceCoverage="100.0" branchCoverage="0" crapScore="1" isConstructor="false" isStatic="false" isGetter="true" isSetter="false">
              <Summary numSequencePoints="1" visitedSequencePoints="1" numBranchPoints="0" visitedBranchPoints="0" sequenceCoverage="100.0" branchCoverage="0" maxCyclomaticComplexity="1" minCyclomaticComplexity="1" maxCrapScore="1" minCrapScore="1" visitedClasses="0" numClasses="0" visitedMethods="1" numMethods="1" />
              <MetadataToken>100663472</MetadataToken>
              <Name>System.Int32 Tile::get_BoardYPos()</Name>
              <FileRef uid="23" />
              <SequencePoints>
                <SequencePoint vc="1" uspid="2427" ordinal="0" offset="0" sl="12" sc="28" el="12" ec="28" bec="0" bev="0" fileid="23" />
              </SequencePoints>
              <BranchPoints />
            </Method>
            <Method visited="true" cyclomaticComplexity="1" nPathComplexity="0" sequenceCoverage="100.0" branchCoverage="0" crapScore="1" isConstructor="false" isStatic="false" isGetter="false" isSetter="true">
              <Summary numSequencePoints="1" visitedSequencePoints="1" numBranchPoints="0" visitedBranchPoints="0" sequenceCoverage="100.0" branchCoverage="0" maxCyclomaticComplexity="1" minCyclomaticComplexity="1" maxCrapScore="1" minCrapScore="1" visitedClasses="0" numClasses="0" visitedMethods="1" numMethods="1" />
              <MetadataToken>100663473</MetadataToken>
              <Name>System.Void Tile::set_BoardYPos(System.Int32)</Name>
              <FileRef uid="23" />
              <SequencePoints>
                <SequencePoint vc="1" uspid="2428" ordinal="0" offset="0" sl="12" sc="33" el="12" ec="33" bec="0" bev="0" fileid="23" />
              </SequencePoints>
              <BranchPoints />
            </Method>
            <Method visited="true" cyclomaticComplexity="1" nPathComplexity="0" sequenceCoverage="100.0" branchCoverage="0" crapScore="1" isConstructor="false" isStatic="false" isGetter="false" isSetter="false">
              <Summary numSequencePoints="7" visitedSequencePoints="7" numBranchPoints="0" visitedBranchPoints="0" sequenceCoverage="100.0" branchCoverage="0" maxCyclomaticComplexity="1" minCyclomaticComplexity="1" maxCrapScore="1" minCrapScore="1" visitedClasses="0" numClasses="0" visitedMethods="1" numMethods="1" />
              <MetadataToken>100663474</MetadataToken>
              <Name>System.Void Tile::Start()</Name>
              <FileRef uid="23" />
              <SequencePoints>
                <SequencePoint vc="11" uspid="2429" ordinal="0" offset="0" sl="30" sc="5" el="30" ec="5" bec="0" bev="0" fileid="23" />
                <SequencePoint vc="11" uspid="2430" ordinal="0" offset="1" sl="31" sc="9" el="31" ec="9" bec="0" bev="0" fileid="23" />
                <SequencePoint vc="11" uspid="2431" ordinal="0" offset="13" sl="33" sc="9" el="33" ec="9" bec="0" bev="0" fileid="23" />
                <SequencePoint vc="11" uspid="2432" ordinal="0" offset="29" sl="34" sc="9" el="34" ec="9" bec="0" bev="0" fileid="23" />
                <SequencePoint vc="11" uspid="2433" ordinal="0" offset="45" sl="35" sc="9" el="35" ec="9" bec="0" bev="0" fileid="23" />
                <SequencePoint vc="11" uspid="2434" ordinal="0" offset="52" sl="36" sc="9" el="36" ec="9" bec="0" bev="0" fileid="23" />
                <SequencePoint vc="11" uspid="2435" ordinal="0" offset="70" sl="37" sc="5" el="37" ec="5" bec="0" bev="0" fileid="23" />
              </SequencePoints>
              <BranchPoints />
            </Method>
            <Method visited="true" cyclomaticComplexity="1" nPathComplexity="0" sequenceCoverage="100.0" branchCoverage="0" crapScore="1" isConstructor="false" isStatic="false" isGetter="false" isSetter="false">
              <Summary numSequencePoints="3" visitedSequencePoints="3" numBranchPoints="0" visitedBranchPoints="0" sequenceCoverage="100.0" branchCoverage="0" maxCyclomaticComplexity="1" minCyclomaticComplexity="1" maxCrapScore="1" minCrapScore="1" visitedClasses="0" numClasses="0" visitedMethods="1" numMethods="1" />
              <MetadataToken>100663475</MetadataToken>
              <Name>System.Int32 Tile::GetPlayer()</Name>
              <FileRef uid="23" />
              <SequencePoints>
                <SequencePoint vc="1" uspid="2436" ordinal="0" offset="0" sl="40" sc="5" el="40" ec="5" bec="0" bev="0" fileid="23" />
                <SequencePoint vc="1" uspid="2437" ordinal="0" offset="1" sl="41" sc="9" el="41" ec="9" bec="0" bev="0" fileid="23" />
                <SequencePoint vc="1" uspid="2438" ordinal="0" offset="10" sl="42" sc="5" el="42" ec="5" bec="0" bev="0" fileid="23" />
              </SequencePoints>
              <BranchPoints />
            </Method>
            <Method visited="true" cyclomaticComplexity="1" nPathComplexity="0" sequenceCoverage="100.0" branchCoverage="0" crapScore="1" isConstructor="false" isStatic="false" isGetter="false" isSetter="false">
              <Summary numSequencePoints="3" visitedSequencePoints="3" numBranchPoints="0" visitedBranchPoints="0" sequenceCoverage="100.0" branchCoverage="0" maxCyclomaticComplexity="1" minCyclomaticComplexity="1" maxCrapScore="1" minCrapScore="1" visitedClasses="0" numClasses="0" visitedMethods="1" numMethods="1" />
              <MetadataToken>100663476</MetadataToken>
              <Name>System.Void Tile::SetPlayer(System.Int32)</Name>
              <FileRef uid="23" />
              <SequencePoints>
                <SequencePoint vc="1" uspid="2439" ordinal="0" offset="0" sl="45" sc="5" el="45" ec="5" bec="0" bev="0" fileid="23" />
                <SequencePoint vc="1" uspid="2440" ordinal="0" offset="1" sl="46" sc="9" el="46" ec="9" bec="0" bev="0" fileid="23" />
                <SequencePoint vc="1" uspid="2441" ordinal="0" offset="8" sl="47" sc="5" el="47" ec="5" bec="0" bev="0" fileid="23" />
              </SequencePoints>
              <BranchPoints />
            </Method>
            <Method visited="true" cyclomaticComplexity="1" nPathComplexity="0" sequenceCoverage="100.0" branchCoverage="0" crapScore="1" isConstructor="false" isStatic="false" isGetter="false" isSetter="false">
              <Summary numSequencePoints="3" visitedSequencePoints="3" numBranchPoints="0" visitedBranchPoints="0" sequenceCoverage="100.0" branchCoverage="0" maxCyclomaticComplexity="1" minCyclomaticComplexity="1" maxCrapScore="1" minCrapScore="1" visitedClasses="0" numClasses="0" visitedMethods="1" numMethods="1" />
              <MetadataToken>100663477</MetadataToken>
              <Name>System.Void Tile::SetMaterial(UnityEngine.Material)</Name>
              <FileRef uid="23" />
              <SequencePoints>
                <SequencePoint vc="1" uspid="2442" ordinal="0" offset="0" sl="50" sc="5" el="50" ec="5" bec="0" bev="0" fileid="23" />
                <SequencePoint vc="1" uspid="2443" ordinal="0" offset="1" sl="51" sc="9" el="51" ec="9" bec="0" bev="0" fileid="23" />
                <SequencePoint vc="1" uspid="2444" ordinal="0" offset="14" sl="52" sc="5" el="52" ec="5" bec="0" bev="0" fileid="23" />
              </SequencePoints>
              <BranchPoints />
            </Method>
            <Method visited="true" cyclomaticComplexity="1" nPathComplexity="0" sequenceCoverage="100.0" branchCoverage="0" crapScore="1" isConstructor="false" isStatic="false" isGetter="false" isSetter="false">
              <Summary numSequencePoints="3" visitedSequencePoints="3" numBranchPoints="0" visitedBranchPoints="0" sequenceCoverage="100.0" branchCoverage="0" maxCyclomaticComplexity="1" minCyclomaticComplexity="1" maxCrapScore="1" minCrapScore="1" visitedClasses="0" numClasses="0" visitedMethods="1" numMethods="1" />
              <MetadataToken>100663478</MetadataToken>
              <Name>UnityEngine.Material Tile::GetMaterial()</Name>
              <FileRef uid="23" />
              <SequencePoints>
                <SequencePoint vc="1" uspid="2445" ordinal="0" offset="0" sl="55" sc="5" el="55" ec="5" bec="0" bev="0" fileid="23" />
                <SequencePoint vc="1" uspid="2446" ordinal="0" offset="1" sl="56" sc="9" el="56" ec="9" bec="0" bev="0" fileid="23" />
                <SequencePoint vc="1" uspid="2447" ordinal="0" offset="15" sl="57" sc="5" el="57" ec="5" bec="0" bev="0" fileid="23" />
              </SequencePoints>
              <BranchPoints />
            </Method>
            <Method visited="true" cyclomaticComplexity="1" nPathComplexity="0" sequenceCoverage="100.0" branchCoverage="0" crapScore="1" isConstructor="false" isStatic="false" isGetter="false" isSetter="false">
              <Summary numSequencePoints="3" visitedSequencePoints="3" numBranchPoints="0" visitedBranchPoints="0" sequenceCoverage="100.0" branchCoverage="0" maxCyclomaticComplexity="1" minCyclomaticComplexity="1" maxCrapScore="1" minCrapScore="1" visitedClasses="0" numClasses="0" visitedMethods="1" numMethods="1" />
              <MetadataToken>100663480</MetadataToken>
              <Name>System.Void Tile::SetRender(UnityEngine.MeshRenderer)</Name>
              <FileRef uid="23" />
              <SequencePoints>
                <SequencePoint vc="3" uspid="2451" ordinal="0" offset="0" sl="65" sc="5" el="65" ec="5" bec="0" bev="0" fileid="23" />
                <SequencePoint vc="3" uspid="2452" ordinal="0" offset="1" sl="66" sc="9" el="66" ec="9" bec="0" bev="0" fileid="23" />
                <SequencePoint vc="3" uspid="2453" ordinal="0" offset="8" sl="67" sc="5" el="67" ec="5" bec="0" bev="0" fileid="23" />
              </SequencePoints>
              <BranchPoints />
            </Method>
            <Method visited="true" cyclomaticComplexity="1" nPathComplexity="0" sequenceCoverage="100.0" branchCoverage="0" crapScore="1" isConstructor="false" isStatic="false" isGetter="false" isSetter="false">
              <Summary numSequencePoints="4" visitedSequencePoints="4" numBranchPoints="0" visitedBranchPoints="0" sequenceCoverage="100.0" branchCoverage="0" maxCyclomaticComplexity="1" minCyclomaticComplexity="1" maxCrapScore="1" minCrapScore="1" visitedClasses="0" numClasses="0" visitedMethods="1" numMethods="1" />
              <MetadataToken>100663481</MetadataToken>
              <Name>System.Void Tile::SetTilePosition(System.Int32, System.Int32)</Name>
              <FileRef uid="23" />
              <SequencePoints>
                <SequencePoint vc="1" uspid="2454" ordinal="0" offset="0" sl="70" sc="5" el="70" ec="5" bec="0" bev="0" fileid="23" />
                <SequencePoint vc="1" uspid="2455" ordinal="0" offset="1" sl="71" sc="9" el="71" ec="9" bec="0" bev="0" fileid="23" />
                <SequencePoint vc="1" uspid="2456" ordinal="0" offset="9" sl="72" sc="9" el="72" ec="9" bec="0" bev="0" fileid="23" />
                <SequencePoint vc="1" uspid="2457" ordinal="0" offset="17" sl="73" sc="5" el="73" ec="5" bec="0" bev="0" fileid="23" />
              </SequencePoints>
              <BranchPoints />
            </Method>
            <Method visited="true" cyclomaticComplexity="1" nPathComplexity="0" sequenceCoverage="100.0" branchCoverage="0" crapScore="1" isConstructor="false" isStatic="false" isGetter="false" isSetter="false">
              <Summary numSequencePoints="3" visitedSequencePoints="3" numBranchPoints="0" visitedBranchPoints="0" sequenceCoverage="100.0" branchCoverage="0" maxCyclomaticComplexity="1" minCyclomaticComplexity="1" maxCrapScore="1" minCrapScore="1" visitedClasses="0" numClasses="0" visitedMethods="1" numMethods="1" />
              <MetadataToken>100663482</MetadataToken>
              <Name>UnityEngine.Vector2 Tile::GetTilePosition()</Name>
              <FileRef uid="23" />
              <SequencePoints>
                <SequencePoint vc="1" uspid="2458" ordinal="0" offset="0" sl="76" sc="5" el="76" ec="5" bec="0" bev="0" fileid="23" />
                <SequencePoint vc="1" uspid="2459" ordinal="0" offset="1" sl="77" sc="9" el="77" ec="9" bec="0" bev="0" fileid="23" />
                <SequencePoint vc="1" uspid="2460" ordinal="0" offset="23" sl="78" sc="5" el="78" ec="5" bec="0" bev="0" fileid="23" />
              </SequencePoints>
              <BranchPoints />
            </Method>
          </Methods>
        </Class>
      </Classes>
    </Module>
  </Modules>
</CoverageSession>