<?xml version="1.0" encoding="utf-8"?>
<CoverageSession xmlns:xsd="http://www.w3.org/2001/XMLSchema" xmlns:xsi="http://www.w3.org/2001/XMLSchema-instance" Version="0.0.0.0">
  <Summary numSequencePoints="213" visitedSequencePoints="197" numBranchPoints="0" visitedBranchPoints="0" sequenceCoverage="92.49" branchCoverage="0.0" maxCyclomaticComplexity="12" minCyclomaticComplexity="1" maxCrapScore="12.46" minCrapScore="1" visitedClasses="19" numClasses="19" visitedMethods="47" numMethods="47" />
  <Modules>
    <Module>
      <Summary numSequencePoints="213" visitedSequencePoints="197" numBranchPoints="0" visitedBranchPoints="0" sequenceCoverage="92.49" branchCoverage="0.0" maxCyclomaticComplexity="12" minCyclomaticComplexity="1" maxCrapScore="12.46" minCrapScore="1" visitedClasses="19" numClasses="19" visitedMethods="47" numMethods="47" />
      <ModuleTime>0001-01-01T00:00:00</ModuleTime>
      <ModuleName>Scripts</ModuleName>
      <Files>
        <File uid="1" fullPath="C:/Users/ajbun/Desktop/472/Crypto-Wars/Crypto Wars/Assets/Scripts/Battles.cs" />
        <File uid="2" fullPath="C:/Users/ajbun/Desktop/472/Crypto-Wars/Crypto Wars/Assets/Scripts/Building.cs" />
        <File uid="3" fullPath="C:/Users/ajbun/Desktop/472/Crypto-Wars/Crypto Wars/Assets/Scripts/buildingRegistry.cs" />
        <File uid="4" fullPath="C:/Users/ajbun/Desktop/472/Crypto-Wars/Crypto Wars/Assets/Scripts/CameraScript.cs" />
        <File uid="5" fullPath="C:/Users/ajbun/Desktop/472/Crypto-Wars/Crypto Wars/Assets/Scripts/cardRegistry.cs" />
        <File uid="6" fullPath="C:/Users/ajbun/Desktop/472/Crypto-Wars/Crypto Wars/Assets/Scripts/CardStack.cs" />
        <File uid="7" fullPath="C:/Users/ajbun/Desktop/472/Crypto-Wars/Crypto Wars/Assets/Scripts/Card_Abstract.cs" />
        <File uid="8" fullPath="C:/Users/ajbun/Desktop/472/Crypto-Wars/Crypto Wars/Assets/Scripts/CreateDefenseSystem.cs" />
        <File uid="9" fullPath="C:/Users/ajbun/Desktop/472/Crypto-Wars/Crypto Wars/Assets/Scripts/EndTurn.cs" />
        <File uid="10" fullPath="C:/Users/ajbun/Desktop/472/Crypto-Wars/Crypto Wars/Assets/Scripts/GameManager.cs" />
        <File uid="11" fullPath="C:/Users/ajbun/Desktop/472/Crypto-Wars/Crypto Wars/Assets/Scripts/GUI/AttackButtonScript.cs" />
        <File uid="12" fullPath="C:/Users/ajbun/Desktop/472/Crypto-Wars/Crypto Wars/Assets/Scripts/GUI/BuildButtonScript.cs" />
        <File uid="13" fullPath="C:/Users/ajbun/Desktop/472/Crypto-Wars/Crypto Wars/Assets/Scripts/GUI/CancelButton.cs" />
        <File uid="14" fullPath="C:/Users/ajbun/Desktop/472/Crypto-Wars/Crypto Wars/Assets/Scripts/GUI/EscapeMenu.cs" />
        <File uid="15" fullPath="C:/Users/ajbun/Desktop/472/Crypto-Wars/Crypto Wars/Assets/Scripts/GUI/HandManager.cs" />
        <File uid="16" fullPath="C:/Users/ajbun/Desktop/472/Crypto-Wars/Crypto Wars/Assets/Scripts/GUI/InventoryManager.cs" />
        <File uid="17" fullPath="C:/Users/ajbun/Desktop/472/Crypto-Wars/Crypto Wars/Assets/Scripts/GUI/InventorySelection.cs" />
        <File uid="18" fullPath="C:/Users/ajbun/Desktop/472/Crypto-Wars/Crypto Wars/Assets/Scripts/GUI/MainMenu.cs" />
        <File uid="19" fullPath="C:/Users/ajbun/Desktop/472/Crypto-Wars/Crypto Wars/Assets/Scripts/GUI/PlayerList.cs" />
        <File uid="20" fullPath="C:/Users/ajbun/Desktop/472/Crypto-Wars/Crypto Wars/Assets/Scripts/GUI/SettingsMenu.cs" />
        <File uid="21" fullPath="C:/Users/ajbun/Desktop/472/Crypto-Wars/Crypto Wars/Assets/Scripts/GUI/Stash.cs" />
        <File uid="22" fullPath="C:/Users/ajbun/Desktop/472/Crypto-Wars/Crypto Wars/Assets/Scripts/GUI/VictoryScreen.cs" />
        <File uid="23" fullPath="C:/Users/ajbun/Desktop/472/Crypto-Wars/Crypto Wars/Assets/Scripts/Hand.cs" />
        <File uid="24" fullPath="C:/Users/ajbun/Desktop/472/Crypto-Wars/Crypto Wars/Assets/Scripts/Inventory.cs" />
        <File uid="25" fullPath="C:/Users/ajbun/Desktop/472/Crypto-Wars/Crypto Wars/Assets/Scripts/MapGenerator.cs" />
        <File uid="26" fullPath="C:/Users/ajbun/Desktop/472/Crypto-Wars/Crypto Wars/Assets/Scripts/PlayerController.cs" />
        <File uid="27" fullPath="C:/Users/ajbun/Desktop/472/Crypto-Wars/Crypto Wars/Assets/Scripts/PlayerScript.cs" />
        <File uid="28" fullPath="C:/Users/ajbun/Desktop/472/Crypto-Wars/Crypto Wars/Assets/Scripts/TileScript.cs" />
        <File uid="29" fullPath="C:/Users/ajbun/Desktop/472/Crypto-Wars/Crypto Wars/Assets/Scripts/TurnMaster.cs" />
        <File uid="30" fullPath="C:/Users/ajbun/Desktop/472/Crypto-Wars/Crypto Wars/Assets/Scripts/WinConditions.cs" />
      </Files>
      <Classes>
        <Class>
          <Summary numSequencePoints="5" visitedSequencePoints="5" numBranchPoints="0" visitedBranchPoints="0" sequenceCoverage="100.0" branchCoverage="0.0" maxCyclomaticComplexity="1" minCyclomaticComplexity="1" maxCrapScore="1" minCrapScore="1" visitedClasses="1" numClasses="1" visitedMethods="1" numMethods="1" />
          <FullName>Battles</FullName>
          <Methods>
            <Method visited="true" cyclomaticComplexity="1" nPathComplexity="0" sequenceCoverage="100.0" branchCoverage="0" crapScore="1" isConstructor="true" isStatic="false" isGetter="false" isSetter="false">
              <Summary numSequencePoints="5" visitedSequencePoints="5" numBranchPoints="0" visitedBranchPoints="0" sequenceCoverage="100.0" branchCoverage="0" maxCyclomaticComplexity="1" minCyclomaticComplexity="1" maxCrapScore="1" minCrapScore="1" visitedClasses="0" numClasses="0" visitedMethods="1" numMethods="1" />
              <MetadataToken>100663297</MetadataToken>
              <Name>Battles::Battles()</Name>
              <FileRef uid="1" />
              <SequencePoints>
                <SequencePoint vc="1" uspid="7439" ordinal="0" offset="0" sl="10" sc="5" el="10" ec="5" bec="0" bev="0" fileid="1" />
                <SequencePoint vc="1" uspid="7440" ordinal="0" offset="11" sl="11" sc="5" el="11" ec="5" bec="0" bev="0" fileid="1" />
                <SequencePoint vc="1" uspid="7441" ordinal="0" offset="22" sl="37" sc="5" el="37" ec="5" bec="0" bev="0" fileid="1" />
                <SequencePoint vc="1" uspid="7442" ordinal="0" offset="29" sl="37" sc="21" el="37" ec="21" bec="0" bev="0" fileid="1" />
                <SequencePoint vc="1" uspid="7443" ordinal="0" offset="30" sl="40" sc="5" el="40" ec="5" bec="0" bev="0" fileid="1" />
              </SequencePoints>
              <BranchPoints />
            </Method>
          </Methods>
        </Class>
        <Class>
          <Summary numSequencePoints="70" visitedSequencePoints="70" numBranchPoints="0" visitedBranchPoints="0" sequenceCoverage="100.0" branchCoverage="0.0" maxCyclomaticComplexity="3" minCyclomaticComplexity="1" maxCrapScore="3" minCrapScore="1" visitedClasses="1" numClasses="1" visitedMethods="18" numMethods="18" />
          <FullName>Building</FullName>
          <Methods>
            <Method visited="true" cyclomaticComplexity="1" nPathComplexity="0" sequenceCoverage="100.0" branchCoverage="0" crapScore="1" isConstructor="false" isStatic="false" isGetter="false" isSetter="false">
              <Summary numSequencePoints="3" visitedSequencePoints="3" numBranchPoints="0" visitedBranchPoints="0" sequenceCoverage="100.0" branchCoverage="0" maxCyclomaticComplexity="1" minCyclomaticComplexity="1" maxCrapScore="1" minCrapScore="1" visitedClasses="0" numClasses="0" visitedMethods="1" numMethods="1" />
              <MetadataToken>100663306</MetadataToken>
              <Name>Player Building::GetOwner()</Name>
              <FileRef uid="2" />
              <SequencePoints>
                <SequencePoint vc="1" uspid="7444" ordinal="0" offset="0" sl="27" sc="5" el="27" ec="5" bec="0" bev="0" fileid="2" />
                <SequencePoint vc="1" uspid="7445" ordinal="0" offset="1" sl="28" sc="9" el="28" ec="9" bec="0" bev="0" fileid="2" />
                <SequencePoint vc="1" uspid="7446" ordinal="0" offset="10" sl="29" sc="5" el="29" ec="5" bec="0" bev="0" fileid="2" />
              </SequencePoints>
              <BranchPoints />
            </Method>
            <Method visited="true" cyclomaticComplexity="1" nPathComplexity="0" sequenceCoverage="100.0" branchCoverage="0" crapScore="1" isConstructor="false" isStatic="false" isGetter="false" isSetter="false">
              <Summary numSequencePoints="3" visitedSequencePoints="3" numBranchPoints="0" visitedBranchPoints="0" sequenceCoverage="100.0" branchCoverage="0" maxCyclomaticComplexity="1" minCyclomaticComplexity="1" maxCrapScore="1" minCrapScore="1" visitedClasses="0" numClasses="0" visitedMethods="1" numMethods="1" />
              <MetadataToken>100663307</MetadataToken>
              <Name>System.Void Building::SetOwner(Player)</Name>
              <FileRef uid="2" />
              <SequencePoints>
                <SequencePoint vc="1" uspid="7447" ordinal="0" offset="0" sl="32" sc="5" el="32" ec="5" bec="0" bev="0" fileid="2" />
                <SequencePoint vc="1" uspid="7448" ordinal="0" offset="1" sl="33" sc="9" el="33" ec="9" bec="0" bev="0" fileid="2" />
                <SequencePoint vc="1" uspid="7449" ordinal="0" offset="8" sl="34" sc="5" el="34" ec="5" bec="0" bev="0" fileid="2" />
              </SequencePoints>
              <BranchPoints />
            </Method>
            <Method visited="true" cyclomaticComplexity="1" nPathComplexity="0" sequenceCoverage="100.0" branchCoverage="0" crapScore="1" isConstructor="false" isStatic="false" isGetter="false" isSetter="false">
              <Summary numSequencePoints="3" visitedSequencePoints="3" numBranchPoints="0" visitedBranchPoints="0" sequenceCoverage="100.0" branchCoverage="0" maxCyclomaticComplexity="1" minCyclomaticComplexity="1" maxCrapScore="1" minCrapScore="1" visitedClasses="0" numClasses="0" visitedMethods="1" numMethods="1" />
              <MetadataToken>100663308</MetadataToken>
              <Name>Tile Building::GetTile()</Name>
              <FileRef uid="2" />
              <SequencePoints>
                <SequencePoint vc="1" uspid="7450" ordinal="0" offset="0" sl="37" sc="5" el="37" ec="5" bec="0" bev="0" fileid="2" />
                <SequencePoint vc="1" uspid="7451" ordinal="0" offset="1" sl="38" sc="9" el="38" ec="9" bec="0" bev="0" fileid="2" />
                <SequencePoint vc="1" uspid="7452" ordinal="0" offset="10" sl="39" sc="5" el="39" ec="5" bec="0" bev="0" fileid="2" />
              </SequencePoints>
              <BranchPoints />
            </Method>
            <Method visited="true" cyclomaticComplexity="1" nPathComplexity="0" sequenceCoverage="100.0" branchCoverage="0" crapScore="1" isConstructor="false" isStatic="false" isGetter="false" isSetter="false">
              <Summary numSequencePoints="3" visitedSequencePoints="3" numBranchPoints="0" visitedBranchPoints="0" sequenceCoverage="100.0" branchCoverage="0" maxCyclomaticComplexity="1" minCyclomaticComplexity="1" maxCrapScore="1" minCrapScore="1" visitedClasses="0" numClasses="0" visitedMethods="1" numMethods="1" />
              <MetadataToken>100663309</MetadataToken>
              <Name>System.Void Building::SetTile(Tile)</Name>
              <FileRef uid="2" />
              <SequencePoints>
                <SequencePoint vc="1" uspid="7453" ordinal="0" offset="0" sl="42" sc="5" el="42" ec="5" bec="0" bev="0" fileid="2" />
                <SequencePoint vc="1" uspid="7454" ordinal="0" offset="1" sl="43" sc="9" el="43" ec="9" bec="0" bev="0" fileid="2" />
                <SequencePoint vc="1" uspid="7455" ordinal="0" offset="8" sl="44" sc="5" el="44" ec="5" bec="0" bev="0" fileid="2" />
              </SequencePoints>
              <BranchPoints />
            </Method>
            <Method visited="true" cyclomaticComplexity="1" nPathComplexity="0" sequenceCoverage="100.0" branchCoverage="0" crapScore="1" isConstructor="false" isStatic="false" isGetter="false" isSetter="false">
              <Summary numSequencePoints="3" visitedSequencePoints="3" numBranchPoints="0" visitedBranchPoints="0" sequenceCoverage="100.0" branchCoverage="0" maxCyclomaticComplexity="1" minCyclomaticComplexity="1" maxCrapScore="1" minCrapScore="1" visitedClasses="0" numClasses="0" visitedMethods="1" numMethods="1" />
              <MetadataToken>100663310</MetadataToken>
              <Name>System.Int32 Building::GetTurnsSinceLast()</Name>
              <FileRef uid="2" />
              <SequencePoints>
                <SequencePoint vc="3" uspid="7456" ordinal="0" offset="0" sl="47" sc="5" el="47" ec="5" bec="0" bev="0" fileid="2" />
                <SequencePoint vc="3" uspid="7457" ordinal="0" offset="1" sl="48" sc="9" el="48" ec="9" bec="0" bev="0" fileid="2" />
                <SequencePoint vc="3" uspid="7458" ordinal="0" offset="10" sl="49" sc="5" el="49" ec="5" bec="0" bev="0" fileid="2" />
              </SequencePoints>
              <BranchPoints />
            </Method>
            <Method visited="true" cyclomaticComplexity="1" nPathComplexity="0" sequenceCoverage="100.0" branchCoverage="0" crapScore="1" isConstructor="false" isStatic="false" isGetter="false" isSetter="false">
              <Summary numSequencePoints="3" visitedSequencePoints="3" numBranchPoints="0" visitedBranchPoints="0" sequenceCoverage="100.0" branchCoverage="0" maxCyclomaticComplexity="1" minCyclomaticComplexity="1" maxCrapScore="1" minCrapScore="1" visitedClasses="0" numClasses="0" visitedMethods="1" numMethods="1" />
              <MetadataToken>100663311</MetadataToken>
              <Name>System.Single Building::GetPercentageFilled()</Name>
              <FileRef uid="2" />
              <SequencePoints>
                <SequencePoint vc="1" uspid="7459" ordinal="0" offset="0" sl="52" sc="5" el="52" ec="5" bec="0" bev="0" fileid="2" />
                <SequencePoint vc="1" uspid="7460" ordinal="0" offset="1" sl="53" sc="9" el="53" ec="9" bec="0" bev="0" fileid="2" />
                <SequencePoint vc="1" uspid="7461" ordinal="0" offset="19" sl="54" sc="5" el="54" ec="5" bec="0" bev="0" fileid="2" />
              </SequencePoints>
              <BranchPoints />
            </Method>
            <Method visited="true" cyclomaticComplexity="1" nPathComplexity="0" sequenceCoverage="100.0" branchCoverage="0" crapScore="1" isConstructor="false" isStatic="false" isGetter="false" isSetter="false">
              <Summary numSequencePoints="3" visitedSequencePoints="3" numBranchPoints="0" visitedBranchPoints="0" sequenceCoverage="100.0" branchCoverage="0" maxCyclomaticComplexity="1" minCyclomaticComplexity="1" maxCrapScore="1" minCrapScore="1" visitedClasses="0" numClasses="0" visitedMethods="1" numMethods="1" />
              <MetadataToken>100663312</MetadataToken>
              <Name>System.Int32 Building::GetTimeToProduce()</Name>
              <FileRef uid="2" />
              <SequencePoints>
                <SequencePoint vc="1" uspid="7462" ordinal="0" offset="0" sl="57" sc="5" el="57" ec="5" bec="0" bev="0" fileid="2" />
                <SequencePoint vc="1" uspid="7463" ordinal="0" offset="1" sl="58" sc="9" el="58" ec="9" bec="0" bev="0" fileid="2" />
                <SequencePoint vc="1" uspid="7464" ordinal="0" offset="10" sl="59" sc="5" el="59" ec="5" bec="0" bev="0" fileid="2" />
              </SequencePoints>
              <BranchPoints />
            </Method>
            <Method visited="true" cyclomaticComplexity="1" nPathComplexity="0" sequenceCoverage="100.0" branchCoverage="0" crapScore="1" isConstructor="false" isStatic="false" isGetter="false" isSetter="false">
              <Summary numSequencePoints="3" visitedSequencePoints="3" numBranchPoints="0" visitedBranchPoints="0" sequenceCoverage="100.0" branchCoverage="0" maxCyclomaticComplexity="1" minCyclomaticComplexity="1" maxCrapScore="1" minCrapScore="1" visitedClasses="0" numClasses="0" visitedMethods="1" numMethods="1" />
              <MetadataToken>100663313</MetadataToken>
              <Name>System.Int32 Building::GetAmount()</Name>
              <FileRef uid="2" />
              <SequencePoints>
                <SequencePoint vc="1" uspid="7465" ordinal="0" offset="0" sl="62" sc="5" el="62" ec="5" bec="0" bev="0" fileid="2" />
                <SequencePoint vc="1" uspid="7466" ordinal="0" offset="1" sl="63" sc="9" el="63" ec="9" bec="0" bev="0" fileid="2" />
                <SequencePoint vc="1" uspid="7467" ordinal="0" offset="10" sl="64" sc="5" el="64" ec="5" bec="0" bev="0" fileid="2" />
              </SequencePoints>
              <BranchPoints />
            </Method>
            <Method visited="true" cyclomaticComplexity="1" nPathComplexity="0" sequenceCoverage="100.0" branchCoverage="0" crapScore="1" isConstructor="false" isStatic="false" isGetter="false" isSetter="false">
              <Summary numSequencePoints="3" visitedSequencePoints="3" numBranchPoints="0" visitedBranchPoints="0" sequenceCoverage="100.0" branchCoverage="0" maxCyclomaticComplexity="1" minCyclomaticComplexity="1" maxCrapScore="1" minCrapScore="1" visitedClasses="0" numClasses="0" visitedMethods="1" numMethods="1" />
              <MetadataToken>100663314</MetadataToken>
              <Name>System.Void Building::SetAmount(System.Int32)</Name>
              <FileRef uid="2" />
              <SequencePoints>
                <SequencePoint vc="1" uspid="7468" ordinal="0" offset="0" sl="67" sc="5" el="67" ec="5" bec="0" bev="0" fileid="2" />
                <SequencePoint vc="1" uspid="7469" ordinal="0" offset="1" sl="68" sc="9" el="68" ec="9" bec="0" bev="0" fileid="2" />
                <SequencePoint vc="1" uspid="7470" ordinal="0" offset="8" sl="69" sc="5" el="69" ec="5" bec="0" bev="0" fileid="2" />
              </SequencePoints>
              <BranchPoints />
            </Method>
            <Method visited="true" cyclomaticComplexity="1" nPathComplexity="0" sequenceCoverage="100.0" branchCoverage="0" crapScore="1" isConstructor="false" isStatic="false" isGetter="false" isSetter="false">
              <Summary numSequencePoints="3" visitedSequencePoints="3" numBranchPoints="0" visitedBranchPoints="0" sequenceCoverage="100.0" branchCoverage="0" maxCyclomaticComplexity="1" minCyclomaticComplexity="1" maxCrapScore="1" minCrapScore="1" visitedClasses="0" numClasses="0" visitedMethods="1" numMethods="1" />
              <MetadataToken>100663315</MetadataToken>
              <Name>System.Void Building::SetCard(Card)</Name>
              <FileRef uid="2" />
              <SequencePoints>
                <SequencePoint vc="3" uspid="7471" ordinal="0" offset="0" sl="72" sc="5" el="72" ec="5" bec="0" bev="0" fileid="2" />
                <SequencePoint vc="3" uspid="7472" ordinal="0" offset="1" sl="73" sc="9" el="73" ec="9" bec="0" bev="0" fileid="2" />
                <SequencePoint vc="3" uspid="7473" ordinal="0" offset="8" sl="74" sc="5" el="74" ec="5" bec="0" bev="0" fileid="2" />
              </SequencePoints>
              <BranchPoints />
            </Method>
            <Method visited="true" cyclomaticComplexity="1" nPathComplexity="0" sequenceCoverage="100.0" branchCoverage="0" crapScore="1" isConstructor="false" isStatic="false" isGetter="false" isSetter="false">
              <Summary numSequencePoints="3" visitedSequencePoints="3" numBranchPoints="0" visitedBranchPoints="0" sequenceCoverage="100.0" branchCoverage="0" maxCyclomaticComplexity="1" minCyclomaticComplexity="1" maxCrapScore="1" minCrapScore="1" visitedClasses="0" numClasses="0" visitedMethods="1" numMethods="1" />
              <MetadataToken>100663316</MetadataToken>
              <Name>Card Building::GetCard()</Name>
              <FileRef uid="2" />
              <SequencePoints>
                <SequencePoint vc="1" uspid="7474" ordinal="0" offset="0" sl="77" sc="5" el="77" ec="5" bec="0" bev="0" fileid="2" />
                <SequencePoint vc="1" uspid="7475" ordinal="0" offset="1" sl="78" sc="9" el="78" ec="9" bec="0" bev="0" fileid="2" />
                <SequencePoint vc="1" uspid="7476" ordinal="0" offset="10" sl="79" sc="5" el="79" ec="5" bec="0" bev="0" fileid="2" />
              </SequencePoints>
              <BranchPoints />
            </Method>
            <Method visited="true" cyclomaticComplexity="1" nPathComplexity="0" sequenceCoverage="100.0" branchCoverage="0" crapScore="1" isConstructor="false" isStatic="false" isGetter="false" isSetter="false">
              <Summary numSequencePoints="3" visitedSequencePoints="3" numBranchPoints="0" visitedBranchPoints="0" sequenceCoverage="100.0" branchCoverage="0" maxCyclomaticComplexity="1" minCyclomaticComplexity="1" maxCrapScore="1" minCrapScore="1" visitedClasses="0" numClasses="0" visitedMethods="1" numMethods="1" />
              <MetadataToken>100663317</MetadataToken>
              <Name>System.String Building::GetName()</Name>
              <FileRef uid="2" />
              <SequencePoints>
                <SequencePoint vc="1" uspid="7477" ordinal="0" offset="0" sl="82" sc="5" el="82" ec="5" bec="0" bev="0" fileid="2" />
                <SequencePoint vc="1" uspid="7478" ordinal="0" offset="1" sl="83" sc="9" el="83" ec="9" bec="0" bev="0" fileid="2" />
                <SequencePoint vc="1" uspid="7479" ordinal="0" offset="10" sl="84" sc="5" el="84" ec="5" bec="0" bev="0" fileid="2" />
              </SequencePoints>
              <BranchPoints />
            </Method>
            <Method visited="true" cyclomaticComplexity="1" nPathComplexity="0" sequenceCoverage="100.0" branchCoverage="0" crapScore="1" isConstructor="false" isStatic="false" isGetter="false" isSetter="false">
              <Summary numSequencePoints="3" visitedSequencePoints="3" numBranchPoints="0" visitedBranchPoints="0" sequenceCoverage="100.0" branchCoverage="0" maxCyclomaticComplexity="1" minCyclomaticComplexity="1" maxCrapScore="1" minCrapScore="1" visitedClasses="0" numClasses="0" visitedMethods="1" numMethods="1" />
              <MetadataToken>100663318</MetadataToken>
              <Name>System.Void Building::SetPosition(UnityEngine.Vector2)</Name>
              <FileRef uid="2" />
              <SequencePoints>
                <SequencePoint vc="1" uspid="7480" ordinal="0" offset="0" sl="87" sc="5" el="87" ec="5" bec="0" bev="0" fileid="2" />
                <SequencePoint vc="1" uspid="7481" ordinal="0" offset="1" sl="88" sc="9" el="88" ec="9" bec="0" bev="0" fileid="2" />
                <SequencePoint vc="1" uspid="7482" ordinal="0" offset="8" sl="89" sc="5" el="89" ec="5" bec="0" bev="0" fileid="2" />
              </SequencePoints>
              <BranchPoints />
            </Method>
            <Method visited="true" cyclomaticComplexity="1" nPathComplexity="0" sequenceCoverage="100.0" branchCoverage="0" crapScore="1" isConstructor="false" isStatic="false" isGetter="false" isSetter="false">
              <Summary numSequencePoints="3" visitedSequencePoints="3" numBranchPoints="0" visitedBranchPoints="0" sequenceCoverage="100.0" branchCoverage="0" maxCyclomaticComplexity="1" minCyclomaticComplexity="1" maxCrapScore="1" minCrapScore="1" visitedClasses="0" numClasses="0" visitedMethods="1" numMethods="1" />
              <MetadataToken>100663319</MetadataToken>
              <Name>UnityEngine.Vector2 Building::GetPosition()</Name>
              <FileRef uid="2" />
              <SequencePoints>
                <SequencePoint vc="1" uspid="7483" ordinal="0" offset="0" sl="92" sc="5" el="92" ec="5" bec="0" bev="0" fileid="2" />
                <SequencePoint vc="1" uspid="7484" ordinal="0" offset="1" sl="93" sc="9" el="93" ec="9" bec="0" bev="0" fileid="2" />
                <SequencePoint vc="1" uspid="7485" ordinal="0" offset="10" sl="94" sc="5" el="94" ec="5" bec="0" bev="0" fileid="2" />
              </SequencePoints>
              <BranchPoints />
            </Method>
            <Method visited="true" cyclomaticComplexity="1" nPathComplexity="0" sequenceCoverage="100.0" branchCoverage="0" crapScore="1" isConstructor="false" isStatic="false" isGetter="false" isSetter="false">
              <Summary numSequencePoints="3" visitedSequencePoints="3" numBranchPoints="0" visitedBranchPoints="0" sequenceCoverage="100.0" branchCoverage="0" maxCyclomaticComplexity="1" minCyclomaticComplexity="1" maxCrapScore="1" minCrapScore="1" visitedClasses="0" numClasses="0" visitedMethods="1" numMethods="1" />
              <MetadataToken>100663320</MetadataToken>
              <Name>System.Void Building::SetName(System.String)</Name>
              <FileRef uid="2" />
              <SequencePoints>
                <SequencePoint vc="1" uspid="7486" ordinal="0" offset="0" sl="98" sc="5" el="98" ec="5" bec="0" bev="0" fileid="2" />
                <SequencePoint vc="1" uspid="7487" ordinal="0" offset="1" sl="99" sc="9" el="99" ec="9" bec="0" bev="0" fileid="2" />
                <SequencePoint vc="1" uspid="7488" ordinal="0" offset="8" sl="100" sc="5" el="100" ec="5" bec="0" bev="0" fileid="2" />
              </SequencePoints>
              <BranchPoints />
            </Method>
            <Method visited="true" cyclomaticComplexity="3" nPathComplexity="0" sequenceCoverage="100.0" branchCoverage="0" crapScore="3" isConstructor="false" isStatic="false" isGetter="false" isSetter="false">
              <Summary numSequencePoints="15" visitedSequencePoints="15" numBranchPoints="0" visitedBranchPoints="0" sequenceCoverage="100.0" branchCoverage="0" maxCyclomaticComplexity="3" minCyclomaticComplexity="3" maxCrapScore="3" minCrapScore="3" visitedClasses="0" numClasses="0" visitedMethods="1" numMethods="1" />
              <MetadataToken>100663321</MetadataToken>
              <Name>System.Void Building::AddCardsToInventory(Inventory)</Name>
              <FileRef uid="2" />
              <SequencePoints>
                <SequencePoint vc="2" uspid="7489" ordinal="0" offset="0" sl="103" sc="5" el="103" ec="5" bec="0" bev="0" fileid="2" />
                <SequencePoint vc="2" uspid="7490" ordinal="0" offset="1" sl="104" sc="9" el="104" ec="9" bec="0" bev="0" fileid="2" />
                <SequencePoint vc="1" uspid="7491" ordinal="0" offset="22" sl="105" sc="9" el="105" ec="9" bec="0" bev="0" fileid="2" />
                <SequencePoint vc="1" uspid="7492" ordinal="0" offset="23" sl="106" sc="18" el="106" ec="18" bec="0" bev="0" fileid="2" />
                <SequencePoint vc="2" uspid="7493" ordinal="0" offset="27" sl="107" sc="13" el="107" ec="13" bec="0" bev="0" fileid="2" />
                <SequencePoint vc="2" uspid="7494" ordinal="0" offset="28" sl="108" sc="17" el="108" ec="17" bec="0" bev="0" fileid="2" />
                <SequencePoint vc="2" uspid="7495" ordinal="0" offset="41" sl="109" sc="13" el="109" ec="13" bec="0" bev="0" fileid="2" />
                <SequencePoint vc="2" uspid="7496" ordinal="0" offset="42" sl="106" sc="41" el="106" ec="41" bec="0" bev="0" fileid="2" />
                <SequencePoint vc="3" uspid="7497" ordinal="0" offset="46" sl="106" sc="29" el="106" ec="29" bec="0" bev="0" fileid="2" />
                <SequencePoint vc="1" uspid="7498" ordinal="0" offset="59" sl="110" sc="13" el="110" ec="13" bec="0" bev="0" fileid="2" />
                <SequencePoint vc="1" uspid="7499" ordinal="0" offset="66" sl="111" sc="9" el="111" ec="9" bec="0" bev="0" fileid="2" />
                <SequencePoint vc="1" uspid="7500" ordinal="0" offset="69" sl="112" sc="14" el="112" ec="14" bec="0" bev="0" fileid="2" />
                <SequencePoint vc="1" uspid="7501" ordinal="0" offset="70" sl="113" sc="13" el="113" ec="13" bec="0" bev="0" fileid="2" />
                <SequencePoint vc="1" uspid="7502" ordinal="0" offset="77" sl="114" sc="9" el="114" ec="9" bec="0" bev="0" fileid="2" />
                <SequencePoint vc="2" uspid="7503" ordinal="0" offset="78" sl="116" sc="5" el="116" ec="5" bec="0" bev="0" fileid="2" />
              </SequencePoints>
              <BranchPoints />
            </Method>
            <Method visited="true" cyclomaticComplexity="1" nPathComplexity="0" sequenceCoverage="100.0" branchCoverage="0" crapScore="1" isConstructor="false" isStatic="false" isGetter="false" isSetter="false">
              <Summary numSequencePoints="3" visitedSequencePoints="3" numBranchPoints="0" visitedBranchPoints="0" sequenceCoverage="100.0" branchCoverage="0" maxCyclomaticComplexity="1" minCyclomaticComplexity="1" maxCrapScore="1" minCrapScore="1" visitedClasses="0" numClasses="0" visitedMethods="1" numMethods="1" />
              <MetadataToken>100663322</MetadataToken>
              <Name>System.Void Building::DidNotProduce()</Name>
              <FileRef uid="2" />
              <SequencePoints>
                <SequencePoint vc="5" uspid="7504" ordinal="0" offset="0" sl="119" sc="5" el="119" ec="5" bec="0" bev="0" fileid="2" />
                <SequencePoint vc="5" uspid="7505" ordinal="0" offset="1" sl="120" sc="9" el="120" ec="9" bec="0" bev="0" fileid="2" />
                <SequencePoint vc="5" uspid="7506" ordinal="0" offset="15" sl="121" sc="5" el="121" ec="5" bec="0" bev="0" fileid="2" />
              </SequencePoints>
              <BranchPoints />
            </Method>
            <Method visited="true" cyclomaticComplexity="1" nPathComplexity="0" sequenceCoverage="100.0" branchCoverage="0" crapScore="1" isConstructor="true" isStatic="false" isGetter="false" isSetter="false">
              <Summary numSequencePoints="7" visitedSequencePoints="7" numBranchPoints="0" visitedBranchPoints="0" sequenceCoverage="100.0" branchCoverage="0" maxCyclomaticComplexity="1" minCyclomaticComplexity="1" maxCrapScore="1" minCrapScore="1" visitedClasses="0" numClasses="0" visitedMethods="1" numMethods="1" />
              <MetadataToken>100663305</MetadataToken>
              <Name>Building::Building(System.String, System.Int32, System.Int32)</Name>
              <FileRef uid="2" />
              <SequencePoints>
                <SequencePoint vc="13" uspid="7507" ordinal="0" offset="0" sl="17" sc="5" el="17" ec="5" bec="0" bev="0" fileid="2" />
                <SequencePoint vc="13" uspid="7508" ordinal="0" offset="7" sl="18" sc="5" el="18" ec="5" bec="0" bev="0" fileid="2" />
                <SequencePoint vc="13" uspid="7509" ordinal="0" offset="8" sl="19" sc="9" el="19" ec="9" bec="0" bev="0" fileid="2" />
                <SequencePoint vc="13" uspid="7510" ordinal="0" offset="15" sl="20" sc="9" el="20" ec="9" bec="0" bev="0" fileid="2" />
                <SequencePoint vc="13" uspid="7511" ordinal="0" offset="22" sl="21" sc="9" el="21" ec="9" bec="0" bev="0" fileid="2" />
                <SequencePoint vc="13" uspid="7512" ordinal="0" offset="29" sl="22" sc="9" el="22" ec="9" bec="0" bev="0" fileid="2" />
                <SequencePoint vc="13" uspid="7513" ordinal="0" offset="36" sl="24" sc="5" el="24" ec="5" bec="0" bev="0" fileid="2" />
              </SequencePoints>
              <BranchPoints />
            </Method>
          </Methods>
        </Class>
        <Class>
          <Summary numSequencePoints="9" visitedSequencePoints="9" numBranchPoints="0" visitedBranchPoints="0" sequenceCoverage="100.0" branchCoverage="0.0" maxCyclomaticComplexity="1" minCyclomaticComplexity="1" maxCrapScore="1" minCrapScore="1" visitedClasses="1" numClasses="1" visitedMethods="1" numMethods="1" />
          <FullName>CameraScript</FullName>
          <Methods>
            <Method visited="true" cyclomaticComplexity="1" nPathComplexity="0" sequenceCoverage="100.0" branchCoverage="0" crapScore="1" isConstructor="true" isStatic="false" isGetter="false" isSetter="false">
              <Summary numSequencePoints="9" visitedSequencePoints="9" numBranchPoints="0" visitedBranchPoints="0" sequenceCoverage="100.0" branchCoverage="0" maxCyclomaticComplexity="1" minCyclomaticComplexity="1" maxCrapScore="1" minCrapScore="1" visitedClasses="0" numClasses="0" visitedMethods="1" numMethods="1" />
              <MetadataToken>100663335</MetadataToken>
              <Name>CameraScript::CameraScript()</Name>
              <FileRef uid="4" />
              <SequencePoints>
                <SequencePoint vc="1" uspid="7585" ordinal="0" offset="0" sl="13" sc="5" el="13" ec="5" bec="0" bev="0" fileid="4" />
                <SequencePoint vc="1" uspid="7586" ordinal="0" offset="11" sl="14" sc="5" el="14" ec="5" bec="0" bev="0" fileid="4" />
                <SequencePoint vc="1" uspid="7587" ordinal="0" offset="22" sl="15" sc="5" el="15" ec="5" bec="0" bev="0" fileid="4" />
                <SequencePoint vc="1" uspid="7588" ordinal="0" offset="33" sl="16" sc="5" el="16" ec="5" bec="0" bev="0" fileid="4" />
                <SequencePoint vc="1" uspid="7589" ordinal="0" offset="44" sl="19" sc="5" el="19" ec="5" bec="0" bev="0" fileid="4" />
                <SequencePoint vc="1" uspid="7590" ordinal="0" offset="55" sl="20" sc="5" el="20" ec="5" bec="0" bev="0" fileid="4" />
                <SequencePoint vc="1" uspid="7591" ordinal="0" offset="66" sl="21" sc="5" el="21" ec="5" bec="0" bev="0" fileid="4" />
                <SequencePoint vc="1" uspid="7592" ordinal="0" offset="77" sl="24" sc="5" el="24" ec="5" bec="0" bev="0" fileid="4" />
                <SequencePoint vc="1" uspid="7593" ordinal="0" offset="88" sl="25" sc="5" el="25" ec="5" bec="0" bev="0" fileid="4" />
              </SequencePoints>
              <BranchPoints />
            </Method>
          </Methods>
        </Class>
        <Class>
          <Summary numSequencePoints="39" visitedSequencePoints="33" numBranchPoints="0" visitedBranchPoints="0" sequenceCoverage="84.62" branchCoverage="0.0" maxCyclomaticComplexity="3" minCyclomaticComplexity="1" maxCrapScore="3.10" minCrapScore="1" visitedClasses="1" numClasses="1" visitedMethods="7" numMethods="7" />
          <FullName>CardStack</FullName>
          <Methods>
            <Method visited="true" cyclomaticComplexity="1" nPathComplexity="0" sequenceCoverage="100.0" branchCoverage="0" crapScore="1" isConstructor="false" isStatic="false" isGetter="false" isSetter="false">
              <Summary numSequencePoints="3" visitedSequencePoints="3" numBranchPoints="0" visitedBranchPoints="0" sequenceCoverage="100.0" branchCoverage="0" maxCyclomaticComplexity="1" minCyclomaticComplexity="1" maxCrapScore="1" minCrapScore="1" visitedClasses="0" numClasses="0" visitedMethods="1" numMethods="1" />
              <MetadataToken>100663343</MetadataToken>
              <Name>Card CardStack::GetCardinStack()</Name>
              <FileRef uid="6" />
              <SequencePoints>
                <SequencePoint vc="2" uspid="7631" ordinal="0" offset="0" sl="18" sc="34" el="18" ec="34" bec="0" bev="0" fileid="6" />
                <SequencePoint vc="2" uspid="7632" ordinal="0" offset="1" sl="19" sc="9" el="19" ec="9" bec="0" bev="0" fileid="6" />
                <SequencePoint vc="2" uspid="7633" ordinal="0" offset="10" sl="20" sc="5" el="20" ec="5" bec="0" bev="0" fileid="6" />
              </SequencePoints>
              <BranchPoints />
            </Method>
            <Method visited="true" cyclomaticComplexity="2" nPathComplexity="0" sequenceCoverage="83.33" branchCoverage="0" crapScore="2.02" isConstructor="false" isStatic="false" isGetter="false" isSetter="false">
              <Summary numSequencePoints="6" visitedSequencePoints="5" numBranchPoints="0" visitedBranchPoints="0" sequenceCoverage="83.33" branchCoverage="0" maxCyclomaticComplexity="2" minCyclomaticComplexity="2" maxCrapScore="2.02" minCrapScore="2.02" visitedClasses="0" numClasses="0" visitedMethods="1" numMethods="1" />
              <MetadataToken>100663344</MetadataToken>
              <Name>System.Boolean CardStack::CanAddtoStack(Card)</Name>
              <FileRef uid="6" />
              <SequencePoints>
                <SequencePoint vc="1" uspid="7634" ordinal="0" offset="0" sl="22" sc="42" el="22" ec="42" bec="0" bev="0" fileid="6" />
                <SequencePoint vc="1" uspid="7635" ordinal="0" offset="1" sl="23" sc="9" el="23" ec="9" bec="0" bev="0" fileid="6" />
                <SequencePoint vc="1" uspid="7636" ordinal="0" offset="27" sl="24" sc="9" el="24" ec="9" bec="0" bev="0" fileid="6" />
                <SequencePoint vc="1" uspid="7637" ordinal="0" offset="28" sl="25" sc="13" el="25" ec="13" bec="0" bev="0" fileid="6" />
                <SequencePoint vc="0" uspid="7638" ordinal="0" offset="32" sl="27" sc="9" el="27" ec="9" bec="0" bev="0" fileid="6" />
                <SequencePoint vc="1" uspid="7639" ordinal="0" offset="36" sl="28" sc="5" el="28" ec="5" bec="0" bev="0" fileid="6" />
              </SequencePoints>
              <BranchPoints />
            </Method>
            <Method visited="true" cyclomaticComplexity="3" nPathComplexity="0" sequenceCoverage="77.78" branchCoverage="0" crapScore="3.10" isConstructor="false" isStatic="false" isGetter="false" isSetter="false">
              <Summary numSequencePoints="9" visitedSequencePoints="7" numBranchPoints="0" visitedBranchPoints="0" sequenceCoverage="77.78" branchCoverage="0" maxCyclomaticComplexity="3" minCyclomaticComplexity="3" maxCrapScore="3.10" minCrapScore="3.10" visitedClasses="0" numClasses="0" visitedMethods="1" numMethods="1" />
              <MetadataToken>100663345</MetadataToken>
              <Name>System.Boolean CardStack::AddCardtoStack(Card)</Name>
              <FileRef uid="6" />
              <SequencePoints>
                <SequencePoint vc="1" uspid="7640" ordinal="0" offset="0" sl="30" sc="43" el="30" ec="43" bec="0" bev="0" fileid="6" />
                <SequencePoint vc="1" uspid="7641" ordinal="0" offset="1" sl="31" sc="9" el="31" ec="9" bec="0" bev="0" fileid="6" />
                <SequencePoint vc="0" uspid="7642" ordinal="0" offset="15" sl="31" sc="33" el="31" ec="33" bec="0" bev="0" fileid="6" />
                <SequencePoint vc="0" uspid="7643" ordinal="0" offset="16" sl="32" sc="13" el="32" ec="13" bec="0" bev="0" fileid="6" />
                <SequencePoint vc="1" uspid="7644" ordinal="0" offset="20" sl="34" sc="9" el="34" ec="9" bec="0" bev="0" fileid="6" />
                <SequencePoint vc="1" uspid="7645" ordinal="0" offset="38" sl="35" sc="13" el="35" ec="13" bec="0" bev="0" fileid="6" />
                <SequencePoint vc="1" uspid="7646" ordinal="0" offset="52" sl="36" sc="9" el="36" ec="9" bec="0" bev="0" fileid="6" />
                <SequencePoint vc="1" uspid="7647" ordinal="0" offset="59" sl="37" sc="9" el="37" ec="9" bec="0" bev="0" fileid="6" />
                <SequencePoint vc="1" uspid="7648" ordinal="0" offset="63" sl="38" sc="5" el="38" ec="5" bec="0" bev="0" fileid="6" />
              </SequencePoints>
              <BranchPoints />
            </Method>
            <Method visited="true" cyclomaticComplexity="2" nPathComplexity="0" sequenceCoverage="66.67" branchCoverage="0" crapScore="2.15" isConstructor="false" isStatic="false" isGetter="false" isSetter="false">
              <Summary numSequencePoints="9" visitedSequencePoints="6" numBranchPoints="0" visitedBranchPoints="0" sequenceCoverage="66.67" branchCoverage="0" maxCyclomaticComplexity="2" minCyclomaticComplexity="2" maxCrapScore="2.15" minCrapScore="2.15" visitedClasses="0" numClasses="0" visitedMethods="1" numMethods="1" />
              <MetadataToken>100663347</MetadataToken>
              <Name>System.Void CardStack::CheckFullness()</Name>
              <FileRef uid="6" />
              <SequencePoints>
                <SequencePoint vc="1" uspid="7658" ordinal="0" offset="0" sl="50" sc="33" el="50" ec="33" bec="0" bev="0" fileid="6" />
                <SequencePoint vc="1" uspid="7659" ordinal="0" offset="1" sl="51" sc="9" el="51" ec="9" bec="0" bev="0" fileid="6" />
                <SequencePoint vc="0" uspid="7660" ordinal="0" offset="21" sl="52" sc="9" el="52" ec="9" bec="0" bev="0" fileid="6" />
                <SequencePoint vc="0" uspid="7661" ordinal="0" offset="22" sl="53" sc="13" el="53" ec="13" bec="0" bev="0" fileid="6" />
                <SequencePoint vc="0" uspid="7662" ordinal="0" offset="29" sl="54" sc="9" el="54" ec="9" bec="0" bev="0" fileid="6" />
                <SequencePoint vc="1" uspid="7663" ordinal="0" offset="32" sl="55" sc="14" el="55" ec="14" bec="0" bev="0" fileid="6" />
                <SequencePoint vc="1" uspid="7664" ordinal="0" offset="33" sl="56" sc="13" el="56" ec="13" bec="0" bev="0" fileid="6" />
                <SequencePoint vc="1" uspid="7665" ordinal="0" offset="40" sl="57" sc="9" el="57" ec="9" bec="0" bev="0" fileid="6" />
                <SequencePoint vc="1" uspid="7666" ordinal="0" offset="41" sl="58" sc="5" el="58" ec="5" bec="0" bev="0" fileid="6" />
              </SequencePoints>
              <BranchPoints />
            </Method>
            <Method visited="true" cyclomaticComplexity="1" nPathComplexity="0" sequenceCoverage="100.0" branchCoverage="0" crapScore="1" isConstructor="false" isStatic="false" isGetter="false" isSetter="false">
              <Summary numSequencePoints="3" visitedSequencePoints="3" numBranchPoints="0" visitedBranchPoints="0" sequenceCoverage="100.0" branchCoverage="0" maxCyclomaticComplexity="1" minCyclomaticComplexity="1" maxCrapScore="1" minCrapScore="1" visitedClasses="0" numClasses="0" visitedMethods="1" numMethods="1" />
              <MetadataToken>100663348</MetadataToken>
              <Name>System.Boolean CardStack::IsFull()</Name>
              <FileRef uid="6" />
              <SequencePoints>
                <SequencePoint vc="1" uspid="7667" ordinal="0" offset="0" sl="60" sc="26" el="60" ec="26" bec="0" bev="0" fileid="6" />
                <SequencePoint vc="1" uspid="7668" ordinal="0" offset="1" sl="61" sc="9" el="61" ec="9" bec="0" bev="0" fileid="6" />
                <SequencePoint vc="1" uspid="7669" ordinal="0" offset="10" sl="62" sc="5" el="62" ec="5" bec="0" bev="0" fileid="6" />
              </SequencePoints>
              <BranchPoints />
            </Method>
            <Method visited="true" cyclomaticComplexity="1" nPathComplexity="0" sequenceCoverage="100.0" branchCoverage="0" crapScore="1" isConstructor="false" isStatic="false" isGetter="false" isSetter="false">
              <Summary numSequencePoints="3" visitedSequencePoints="3" numBranchPoints="0" visitedBranchPoints="0" sequenceCoverage="100.0" branchCoverage="0" maxCyclomaticComplexity="1" minCyclomaticComplexity="1" maxCrapScore="1" minCrapScore="1" visitedClasses="0" numClasses="0" visitedMethods="1" numMethods="1" />
              <MetadataToken>100663349</MetadataToken>
              <Name>System.Int32 CardStack::GetSize()</Name>
              <FileRef uid="6" />
              <SequencePoints>
                <SequencePoint vc="1" uspid="7670" ordinal="0" offset="0" sl="65" sc="5" el="65" ec="5" bec="0" bev="0" fileid="6" />
                <SequencePoint vc="1" uspid="7671" ordinal="0" offset="1" sl="66" sc="9" el="66" ec="9" bec="0" bev="0" fileid="6" />
                <SequencePoint vc="1" uspid="7672" ordinal="0" offset="10" sl="67" sc="5" el="67" ec="5" bec="0" bev="0" fileid="6" />
              </SequencePoints>
              <BranchPoints />
            </Method>
            <Method visited="true" cyclomaticComplexity="1" nPathComplexity="0" sequenceCoverage="100.0" branchCoverage="0" crapScore="1" isConstructor="true" isStatic="false" isGetter="false" isSetter="false">
              <Summary numSequencePoints="6" visitedSequencePoints="6" numBranchPoints="0" visitedBranchPoints="0" sequenceCoverage="100.0" branchCoverage="0" maxCyclomaticComplexity="1" minCyclomaticComplexity="1" maxCrapScore="1" minCrapScore="1" visitedClasses="0" numClasses="0" visitedMethods="1" numMethods="1" />
              <MetadataToken>100663342</MetadataToken>
              <Name>CardStack::CardStack(Card, System.Int32)</Name>
              <FileRef uid="6" />
              <SequencePoints>
                <SequencePoint vc="1" uspid="7673" ordinal="0" offset="0" sl="12" sc="5" el="12" ec="5" bec="0" bev="0" fileid="6" />
                <SequencePoint vc="1" uspid="7674" ordinal="0" offset="7" sl="12" sc="46" el="12" ec="46" bec="0" bev="0" fileid="6" />
                <SequencePoint vc="1" uspid="7675" ordinal="0" offset="8" sl="13" sc="9" el="13" ec="9" bec="0" bev="0" fileid="6" />
                <SequencePoint vc="1" uspid="7676" ordinal="0" offset="15" sl="14" sc="9" el="14" ec="9" bec="0" bev="0" fileid="6" />
                <SequencePoint vc="1" uspid="7677" ordinal="0" offset="22" sl="15" sc="9" el="15" ec="9" bec="0" bev="0" fileid="6" />
                <SequencePoint vc="1" uspid="7678" ordinal="0" offset="29" sl="16" sc="5" el="16" ec="5" bec="0" bev="0" fileid="6" />
              </SequencePoints>
              <BranchPoints />
            </Method>
          </Methods>
        </Class>
        <Class>
          <Summary numSequencePoints="8" visitedSequencePoints="8" numBranchPoints="0" visitedBranchPoints="0" sequenceCoverage="100.0" branchCoverage="0.0" maxCyclomaticComplexity="1" minCyclomaticComplexity="1" maxCrapScore="1" minCrapScore="1" visitedClasses="1" numClasses="1" visitedMethods="2" numMethods="2" />
          <FullName>Card</FullName>
          <Methods>
            <Method visited="true" cyclomaticComplexity="1" nPathComplexity="0" sequenceCoverage="100.0" branchCoverage="0" crapScore="1" isConstructor="false" isStatic="false" isGetter="false" isSetter="false">
              <Summary numSequencePoints="3" visitedSequencePoints="3" numBranchPoints="0" visitedBranchPoints="0" sequenceCoverage="100.0" branchCoverage="0" maxCyclomaticComplexity="1" minCyclomaticComplexity="1" maxCrapScore="1" minCrapScore="1" visitedClasses="0" numClasses="0" visitedMethods="1" numMethods="1" />
              <MetadataToken>100663351</MetadataToken>
              <Name>System.String Card::GetName()</Name>
              <FileRef uid="7" />
              <SequencePoints>
                <SequencePoint vc="4" uspid="7679" ordinal="0" offset="0" sl="27" sc="29" el="27" ec="29" bec="0" bev="0" fileid="7" />
                <SequencePoint vc="4" uspid="7680" ordinal="0" offset="1" sl="28" sc="9" el="28" ec="9" bec="0" bev="0" fileid="7" />
                <SequencePoint vc="4" uspid="7681" ordinal="0" offset="10" sl="29" sc="5" el="29" ec="5" bec="0" bev="0" fileid="7" />
              </SequencePoints>
              <BranchPoints />
            </Method>
            <Method visited="true" cyclomaticComplexity="1" nPathComplexity="0" sequenceCoverage="100.0" branchCoverage="0" crapScore="1" isConstructor="true" isStatic="false" isGetter="false" isSetter="false">
              <Summary numSequencePoints="5" visitedSequencePoints="5" numBranchPoints="0" visitedBranchPoints="0" sequenceCoverage="100.0" branchCoverage="0" maxCyclomaticComplexity="1" minCyclomaticComplexity="1" maxCrapScore="1" minCrapScore="1" visitedClasses="0" numClasses="0" visitedMethods="1" numMethods="1" />
              <MetadataToken>100663350</MetadataToken>
              <Name>Card::Card(UnityEngine.Sprite, System.String)</Name>
              <FileRef uid="7" />
              <SequencePoints>
                <SequencePoint vc="6" uspid="7730" ordinal="0" offset="0" sl="22" sc="5" el="22" ec="5" bec="0" bev="0" fileid="7" />
                <SequencePoint vc="6" uspid="7731" ordinal="0" offset="7" sl="22" sc="43" el="22" ec="43" bec="0" bev="0" fileid="7" />
                <SequencePoint vc="6" uspid="7732" ordinal="0" offset="8" sl="23" sc="9" el="23" ec="9" bec="0" bev="0" fileid="7" />
                <SequencePoint vc="6" uspid="7733" ordinal="0" offset="15" sl="24" sc="9" el="24" ec="9" bec="0" bev="0" fileid="7" />
                <SequencePoint vc="6" uspid="7734" ordinal="0" offset="22" sl="25" sc="5" el="25" ec="5" bec="0" bev="0" fileid="7" />
              </SequencePoints>
              <BranchPoints />
            </Method>
          </Methods>
        </Class>
        <Class>
          <Summary numSequencePoints="1" visitedSequencePoints="1" numBranchPoints="0" visitedBranchPoints="0" sequenceCoverage="100.0" branchCoverage="0.0" maxCyclomaticComplexity="1" minCyclomaticComplexity="1" maxCrapScore="1" minCrapScore="1" visitedClasses="1" numClasses="1" visitedMethods="1" numMethods="1" />
          <FullName>GameManager</FullName>
          <Methods>
            <Method visited="true" cyclomaticComplexity="1" nPathComplexity="0" sequenceCoverage="100.0" branchCoverage="0" crapScore="1" isConstructor="true" isStatic="false" isGetter="false" isSetter="false">
              <Summary numSequencePoints="1" visitedSequencePoints="1" numBranchPoints="0" visitedBranchPoints="0" sequenceCoverage="100.0" branchCoverage="0" maxCyclomaticComplexity="1" minCyclomaticComplexity="1" maxCrapScore="1" minCrapScore="1" visitedClasses="0" numClasses="0" visitedMethods="1" numMethods="1" />
              <MetadataToken>100663383</MetadataToken>
              <Name>GameManager::GameManager()</Name>
              <FileRef uid="10" />
              <SequencePoints>
                <SequencePoint vc="1" uspid="7990" ordinal="0" offset="0" sl="30" sc="5" el="30" ec="5" bec="0" bev="0" fileid="10" />
              </SequencePoints>
              <BranchPoints />
            </Method>
          </Methods>
        </Class>
        <Class>
          <Summary numSequencePoints="1" visitedSequencePoints="1" numBranchPoints="0" visitedBranchPoints="0" sequenceCoverage="100.0" branchCoverage="0.0" maxCyclomaticComplexity="1" minCyclomaticComplexity="1" maxCrapScore="1" minCrapScore="1" visitedClasses="1" numClasses="1" visitedMethods="1" numMethods="1" />
          <FullName>AttackButtonScript</FullName>
          <Methods>
            <Method visited="true" cyclomaticComplexity="1" nPathComplexity="0" sequenceCoverage="100.0" branchCoverage="0" crapScore="1" isConstructor="true" isStatic="false" isGetter="false" isSetter="false">
              <Summary numSequencePoints="1" visitedSequencePoints="1" numBranchPoints="0" visitedBranchPoints="0" sequenceCoverage="100.0" branchCoverage="0" maxCyclomaticComplexity="1" minCyclomaticComplexity="1" maxCrapScore="1" minCrapScore="1" visitedClasses="0" numClasses="0" visitedMethods="1" numMethods="1" />
              <MetadataToken>100663389</MetadataToken>
              <Name>AttackButtonScript::AttackButtonScript()</Name>
              <FileRef uid="11" />
              <SequencePoints>
                <SequencePoint vc="1" uspid="8017" ordinal="0" offset="0" sl="16" sc="5" el="16" ec="5" bec="0" bev="0" fileid="11" />
              </SequencePoints>
              <BranchPoints />
            </Method>
          </Methods>
        </Class>
        <Class>
          <Summary numSequencePoints="1" visitedSequencePoints="1" numBranchPoints="0" visitedBranchPoints="0" sequenceCoverage="100.0" branchCoverage="0.0" maxCyclomaticComplexity="1" minCyclomaticComplexity="1" maxCrapScore="1" minCrapScore="1" visitedClasses="1" numClasses="1" visitedMethods="1" numMethods="1" />
          <FullName>EscapeMenu</FullName>
          <Methods>
            <Method visited="true" cyclomaticComplexity="1" nPathComplexity="0" sequenceCoverage="100.0" branchCoverage="0" crapScore="1" isConstructor="true" isStatic="false" isGetter="false" isSetter="false">
              <Summary numSequencePoints="1" visitedSequencePoints="1" numBranchPoints="0" visitedBranchPoints="0" sequenceCoverage="100.0" branchCoverage="0" maxCyclomaticComplexity="1" minCyclomaticComplexity="1" maxCrapScore="1" minCrapScore="1" visitedClasses="0" numClasses="0" visitedMethods="1" numMethods="1" />
              <MetadataToken>100663411</MetadataToken>
              <Name>EscapeMenu::EscapeMenu()</Name>
              <FileRef uid="14" />
              <SequencePoints>
                <SequencePoint vc="1" uspid="8194" ordinal="0" offset="0" sl="10" sc="5" el="10" ec="5" bec="0" bev="0" fileid="14" />
              </SequencePoints>
              <BranchPoints />
            </Method>
          </Methods>
        </Class>
        <Class>
          <Summary numSequencePoints="16" visitedSequencePoints="11" numBranchPoints="0" visitedBranchPoints="0" sequenceCoverage="68.75" branchCoverage="0.0" maxCyclomaticComplexity="3" minCyclomaticComplexity="1" maxCrapScore="5.20" minCrapScore="1" visitedClasses="1" numClasses="1" visitedMethods="3" numMethods="3" />
          <FullName>InventoryManager</FullName>
          <Methods>
            <Method visited="true" cyclomaticComplexity="1" nPathComplexity="0" sequenceCoverage="100.0" branchCoverage="0" crapScore="1" isConstructor="false" isStatic="true" isGetter="false" isSetter="false">
              <Summary numSequencePoints="3" visitedSequencePoints="3" numBranchPoints="0" visitedBranchPoints="0" sequenceCoverage="100.0" branchCoverage="0" maxCyclomaticComplexity="1" minCyclomaticComplexity="1" maxCrapScore="1" minCrapScore="1" visitedClasses="0" numClasses="0" visitedMethods="1" numMethods="1" />
              <MetadataToken>100663425</MetadataToken>
              <Name>static InventoryManager InventoryManager::GetManager()</Name>
              <FileRef uid="16" />
              <SequencePoints>
                <SequencePoint vc="4" uspid="8436" ordinal="0" offset="0" sl="15" sc="49" el="15" ec="49" bec="0" bev="0" fileid="16" />
                <SequencePoint vc="4" uspid="8437" ordinal="0" offset="1" sl="16" sc="9" el="16" ec="9" bec="0" bev="0" fileid="16" />
                <SequencePoint vc="4" uspid="8438" ordinal="0" offset="9" sl="17" sc="5" el="17" ec="5" bec="0" bev="0" fileid="16" />
              </SequencePoints>
              <BranchPoints />
            </Method>
            <Method visited="true" cyclomaticComplexity="3" nPathComplexity="0" sequenceCoverage="37.50" branchCoverage="0" crapScore="5.20" isConstructor="false" isStatic="false" isGetter="false" isSetter="false">
              <Summary numSequencePoints="8" visitedSequencePoints="3" numBranchPoints="0" visitedBranchPoints="0" sequenceCoverage="37.50" branchCoverage="0" maxCyclomaticComplexity="3" minCyclomaticComplexity="3" maxCrapScore="5.20" minCrapScore="5.20" visitedClasses="0" numClasses="0" visitedMethods="1" numMethods="1" />
              <MetadataToken>100663428</MetadataToken>
              <Name>System.Void InventoryManager::SetText(System.String, System.Int32, System.String, System.String)</Name>
              <FileRef uid="16" />
              <SequencePoints>
                <SequencePoint vc="7" uspid="8492" ordinal="0" offset="0" sl="76" sc="88" el="76" ec="88" bec="0" bev="0" fileid="16" />
                <SequencePoint vc="7" uspid="8493" ordinal="0" offset="1" sl="77" sc="9" el="77" ec="9" bec="0" bev="0" fileid="16" />
                <SequencePoint vc="0" uspid="8494" ordinal="0" offset="22" sl="77" sc="35" el="77" ec="35" bec="0" bev="0" fileid="16" />
                <SequencePoint vc="0" uspid="8495" ordinal="0" offset="23" sl="78" sc="13" el="78" ec="13" bec="0" bev="0" fileid="16" />
                <SequencePoint vc="0" uspid="8496" ordinal="0" offset="39" sl="79" sc="17" el="79" ec="17" bec="0" bev="0" fileid="16" />
                <SequencePoint vc="0" uspid="8497" ordinal="0" offset="75" sl="81" sc="17" el="81" ec="17" bec="0" bev="0" fileid="16" />
                <SequencePoint vc="0" uspid="8498" ordinal="0" offset="116" sl="82" sc="9" el="82" ec="9" bec="0" bev="0" fileid="16" />
                <SequencePoint vc="7" uspid="8499" ordinal="0" offset="117" sl="83" sc="5" el="83" ec="5" bec="0" bev="0" fileid="16" />
              </SequencePoints>
              <BranchPoints />
            </Method>
            <Method visited="true" cyclomaticComplexity="1" nPathComplexity="0" sequenceCoverage="100.0" branchCoverage="0" crapScore="1" isConstructor="false" isStatic="false" isGetter="false" isSetter="false">
              <Summary numSequencePoints="5" visitedSequencePoints="5" numBranchPoints="0" visitedBranchPoints="0" sequenceCoverage="100.0" branchCoverage="0" maxCyclomaticComplexity="1" minCyclomaticComplexity="1" maxCrapScore="1" minCrapScore="1" visitedClasses="0" numClasses="0" visitedMethods="1" numMethods="1" />
              <MetadataToken>100663429</MetadataToken>
              <Name>System.Void InventoryManager::SetupSlot(System.Int32)</Name>
              <FileRef uid="16" />
              <SequencePoints>
                <SequencePoint vc="2" uspid="8500" ordinal="0" offset="0" sl="86" sc="38" el="86" ec="38" bec="0" bev="0" fileid="16" />
                <SequencePoint vc="2" uspid="8501" ordinal="0" offset="1" sl="87" sc="9" el="87" ec="9" bec="0" bev="0" fileid="16" />
                <SequencePoint vc="2" uspid="8502" ordinal="0" offset="64" sl="88" sc="9" el="88" ec="9" bec="0" bev="0" fileid="16" />
                <SequencePoint vc="2" uspid="8503" ordinal="0" offset="87" sl="89" sc="9" el="89" ec="9" bec="0" bev="0" fileid="16" />
                <SequencePoint vc="2" uspid="8504" ordinal="0" offset="110" sl="90" sc="5" el="90" ec="5" bec="0" bev="0" fileid="16" />
              </SequencePoints>
              <BranchPoints />
            </Method>
          </Methods>
        </Class>
        <Class>
          <Summary numSequencePoints="2" visitedSequencePoints="2" numBranchPoints="0" visitedBranchPoints="0" sequenceCoverage="100.0" branchCoverage="0.0" maxCyclomaticComplexity="1" minCyclomaticComplexity="1" maxCrapScore="1" minCrapScore="1" visitedClasses="1" numClasses="1" visitedMethods="1" numMethods="1" />
          <FullName>InventorySelection</FullName>
          <Methods>
            <Method visited="true" cyclomaticComplexity="1" nPathComplexity="0" sequenceCoverage="100.0" branchCoverage="0" crapScore="1" isConstructor="true" isStatic="false" isGetter="false" isSetter="false">
              <Summary numSequencePoints="2" visitedSequencePoints="2" numBranchPoints="0" visitedBranchPoints="0" sequenceCoverage="100.0" branchCoverage="0" maxCyclomaticComplexity="1" minCyclomaticComplexity="1" maxCrapScore="1" minCrapScore="1" visitedClasses="0" numClasses="0" visitedMethods="1" numMethods="1" />
              <MetadataToken>100663440</MetadataToken>
              <Name>InventorySelection::InventorySelection()</Name>
              <FileRef uid="17" />
              <SequencePoints>
                <SequencePoint vc="5" uspid="8595" ordinal="0" offset="0" sl="17" sc="5" el="17" ec="5" bec="0" bev="0" fileid="17" />
                <SequencePoint vc="5" uspid="8596" ordinal="0" offset="8" sl="64" sc="5" el="64" ec="5" bec="0" bev="0" fileid="17" />
              </SequencePoints>
              <BranchPoints />
            </Method>
          </Methods>
        </Class>
        <Class>
          <Summary numSequencePoints="1" visitedSequencePoints="1" numBranchPoints="0" visitedBranchPoints="0" sequenceCoverage="100.0" branchCoverage="0.0" maxCyclomaticComplexity="1" minCyclomaticComplexity="1" maxCrapScore="1" minCrapScore="1" visitedClasses="1" numClasses="1" visitedMethods="1" numMethods="1" />
          <FullName>PlayerList</FullName>
          <Methods>
            <Method visited="true" cyclomaticComplexity="1" nPathComplexity="0" sequenceCoverage="100.0" branchCoverage="0" crapScore="1" isConstructor="true" isStatic="false" isGetter="false" isSetter="false">
              <Summary numSequencePoints="1" visitedSequencePoints="1" numBranchPoints="0" visitedBranchPoints="0" sequenceCoverage="100.0" branchCoverage="0" maxCyclomaticComplexity="1" minCyclomaticComplexity="1" maxCrapScore="1" minCrapScore="1" visitedClasses="0" numClasses="0" visitedMethods="1" numMethods="1" />
              <MetadataToken>100663457</MetadataToken>
              <Name>PlayerList::PlayerList()</Name>
              <FileRef uid="19" />
              <SequencePoints>
                <SequencePoint vc="1" uspid="8708" ordinal="0" offset="0" sl="12" sc="5" el="12" ec="5" bec="0" bev="0" fileid="19" />
              </SequencePoints>
              <BranchPoints />
            </Method>
          </Methods>
        </Class>
        <Class>
          <Summary numSequencePoints="1" visitedSequencePoints="1" numBranchPoints="0" visitedBranchPoints="0" sequenceCoverage="100.0" branchCoverage="0.0" maxCyclomaticComplexity="1" minCyclomaticComplexity="1" maxCrapScore="1" minCrapScore="1" visitedClasses="1" numClasses="1" visitedMethods="1" numMethods="1" />
          <FullName>Stash</FullName>
          <Methods>
            <Method visited="true" cyclomaticComplexity="1" nPathComplexity="0" sequenceCoverage="100.0" branchCoverage="0" crapScore="1" isConstructor="true" isStatic="false" isGetter="false" isSetter="false">
              <Summary numSequencePoints="1" visitedSequencePoints="1" numBranchPoints="0" visitedBranchPoints="0" sequenceCoverage="100.0" branchCoverage="0" maxCyclomaticComplexity="1" minCyclomaticComplexity="1" maxCrapScore="1" minCrapScore="1" visitedClasses="0" numClasses="0" visitedMethods="1" numMethods="1" />
              <MetadataToken>100663481</MetadataToken>
              <Name>Stash::Stash()</Name>
              <FileRef uid="21" />
              <SequencePoints>
                <SequencePoint vc="1" uspid="8884" ordinal="0" offset="0" sl="29" sc="5" el="29" ec="5" bec="0" bev="0" fileid="21" />
              </SequencePoints>
              <BranchPoints />
            </Method>
          </Methods>
        </Class>
        <Class>
          <Summary numSequencePoints="4" visitedSequencePoints="4" numBranchPoints="0" visitedBranchPoints="0" sequenceCoverage="100.0" branchCoverage="0.0" maxCyclomaticComplexity="1" minCyclomaticComplexity="1" maxCrapScore="1" minCrapScore="1" visitedClasses="1" numClasses="1" visitedMethods="1" numMethods="1" />
          <FullName>Hand</FullName>
          <Methods>
            <Method visited="true" cyclomaticComplexity="1" nPathComplexity="0" sequenceCoverage="100.0" branchCoverage="0" crapScore="1" isConstructor="true" isStatic="false" isGetter="false" isSetter="false">
              <Summary numSequencePoints="4" visitedSequencePoints="4" numBranchPoints="0" visitedBranchPoints="0" sequenceCoverage="100.0" branchCoverage="0" maxCyclomaticComplexity="1" minCyclomaticComplexity="1" maxCrapScore="1" minCrapScore="1" visitedClasses="0" numClasses="0" visitedMethods="1" numMethods="1" />
              <MetadataToken>100663486</MetadataToken>
              <Name>Hand::Hand()</Name>
              <FileRef uid="23" />
              <SequencePoints>
                <SequencePoint vc="6" uspid="8953" ordinal="0" offset="0" sl="12" sc="5" el="12" ec="5" bec="0" bev="0" fileid="23" />
                <SequencePoint vc="6" uspid="8954" ordinal="0" offset="7" sl="12" sc="19" el="12" ec="19" bec="0" bev="0" fileid="23" />
                <SequencePoint vc="6" uspid="8955" ordinal="0" offset="8" sl="13" sc="9" el="13" ec="9" bec="0" bev="0" fileid="23" />
                <SequencePoint vc="6" uspid="8956" ordinal="0" offset="19" sl="14" sc="5" el="14" ec="5" bec="0" bev="0" fileid="23" />
              </SequencePoints>
              <BranchPoints />
            </Method>
          </Methods>
        </Class>
        <Class>
          <Summary numSequencePoints="36" visitedSequencePoints="31" numBranchPoints="0" visitedBranchPoints="0" sequenceCoverage="86.11" branchCoverage="0.0" maxCyclomaticComplexity="12" minCyclomaticComplexity="1" maxCrapScore="12.46" minCrapScore="1" visitedClasses="1" numClasses="1" visitedMethods="2" numMethods="2" />
          <FullName>Inventory</FullName>
          <Methods>
            <Method visited="true" cyclomaticComplexity="12" nPathComplexity="0" sequenceCoverage="85.29" branchCoverage="0" crapScore="12.46" isConstructor="false" isStatic="false" isGetter="false" isSetter="false">
              <Summary numSequencePoints="34" visitedSequencePoints="29" numBranchPoints="0" visitedBranchPoints="0" sequenceCoverage="85.29" branchCoverage="0" maxCyclomaticComplexity="12" minCyclomaticComplexity="12" maxCrapScore="12.46" minCrapScore="12.46" visitedClasses="0" numClasses="0" visitedMethods="1" numMethods="1" />
              <MetadataToken>100663492</MetadataToken>
              <Name>System.Void Inventory::AddToCardToStack(Card)</Name>
              <FileRef uid="24" />
              <SequencePoints>
                <SequencePoint vc="2" uspid="8957" ordinal="0" offset="0" sl="15" sc="5" el="15" ec="5" bec="0" bev="0" fileid="24" />
                <SequencePoint vc="2" uspid="8958" ordinal="0" offset="1" sl="17" sc="9" el="17" ec="9" bec="0" bev="0" fileid="24" />
                <SequencePoint vc="2" uspid="8959" ordinal="0" offset="7" sl="20" sc="9" el="20" ec="9" bec="0" bev="0" fileid="24" />
                <SequencePoint vc="1" uspid="8960" ordinal="0" offset="28" sl="21" sc="9" el="21" ec="9" bec="0" bev="0" fileid="24" />
                <SequencePoint vc="1" uspid="8961" ordinal="0" offset="29" sl="22" sc="13" el="22" ec="13" bec="0" bev="0" fileid="24" />
                <SequencePoint vc="1" uspid="8962" ordinal="0" offset="49" sl="23" sc="13" el="23" ec="13" bec="0" bev="0" fileid="24" />
                <SequencePoint vc="1" uspid="8963" ordinal="0" offset="92" sl="24" sc="13" el="24" ec="13" bec="0" bev="0" fileid="24" />
                <SequencePoint vc="1" uspid="8964" ordinal="0" offset="141" sl="25" sc="13" el="25" ec="13" bec="0" bev="0" fileid="24" />
                <SequencePoint vc="1" uspid="8965" ordinal="0" offset="177" sl="26" sc="9" el="26" ec="9" bec="0" bev="0" fileid="24" />
                <SequencePoint vc="1" uspid="8966" ordinal="0" offset="183" sl="29" sc="9" el="29" ec="9" bec="0" bev="0" fileid="24" />
                <SequencePoint vc="1" uspid="8967" ordinal="0" offset="184" sl="31" sc="13" el="31" ec="13" bec="0" bev="0" fileid="24" />
                <SequencePoint vc="1" uspid="8968" ordinal="0" offset="186" sl="32" sc="18" el="32" ec="18" bec="0" bev="0" fileid="24" />
                <SequencePoint vc="1" uspid="8969" ordinal="0" offset="191" sl="33" sc="13" el="33" ec="13" bec="0" bev="0" fileid="24" />
                <SequencePoint vc="1" uspid="8970" ordinal="0" offset="192" sl="34" sc="17" el="34" ec="17" bec="0" bev="0" fileid="24" />
                <SequencePoint vc="1" uspid="8971" ordinal="0" offset="219" sl="35" sc="17" el="35" ec="17" bec="0" bev="0" fileid="24" />
                <SequencePoint vc="1" uspid="8972" ordinal="0" offset="220" sl="36" sc="21" el="36" ec="21" bec="0" bev="0" fileid="24" />
                <SequencePoint vc="1" uspid="8973" ordinal="0" offset="245" sl="37" sc="21" el="37" ec="21" bec="0" bev="0" fileid="24" />
                <SequencePoint vc="1" uspid="8974" ordinal="0" offset="246" sl="38" sc="25" el="38" ec="25" bec="0" bev="0" fileid="24" />
                <SequencePoint vc="1" uspid="8975" ordinal="0" offset="248" sl="39" sc="25" el="39" ec="25" bec="0" bev="0" fileid="24" />
                <SequencePoint vc="1" uspid="8976" ordinal="0" offset="302" sl="40" sc="21" el="40" ec="21" bec="0" bev="0" fileid="24" />
                <SequencePoint vc="1" uspid="8977" ordinal="0" offset="303" sl="41" sc="17" el="41" ec="17" bec="0" bev="0" fileid="24" />
                <SequencePoint vc="1" uspid="8978" ordinal="0" offset="304" sl="42" sc="13" el="42" ec="13" bec="0" bev="0" fileid="24" />
                <SequencePoint vc="1" uspid="8979" ordinal="0" offset="305" sl="32" sc="51" el="32" ec="51" bec="0" bev="0" fileid="24" />
                <SequencePoint vc="2" uspid="8980" ordinal="0" offset="311" sl="32" sc="29" el="32" ec="29" bec="0" bev="0" fileid="24" />
                <SequencePoint vc="1" uspid="8981" ordinal="0" offset="335" sl="45" sc="13" el="45" ec="13" bec="0" bev="0" fileid="24" />
                <SequencePoint vc="0" uspid="8982" ordinal="0" offset="364" sl="46" sc="13" el="46" ec="13" bec="0" bev="0" fileid="24" />
                <SequencePoint vc="0" uspid="8983" ordinal="0" offset="365" sl="47" sc="17" el="47" ec="17" bec="0" bev="0" fileid="24" />
                <SequencePoint vc="0" uspid="8984" ordinal="0" offset="385" sl="48" sc="17" el="48" ec="17" bec="0" bev="0" fileid="24" />
                <SequencePoint vc="0" uspid="8985" ordinal="0" offset="458" sl="49" sc="17" el="49" ec="17" bec="0" bev="0" fileid="24" />
                <SequencePoint vc="0" uspid="8986" ordinal="0" offset="534" sl="50" sc="13" el="50" ec="13" bec="0" bev="0" fileid="24" />
                <SequencePoint vc="1" uspid="8987" ordinal="0" offset="537" sl="52" sc="13" el="52" ec="13" bec="0" bev="0" fileid="24" />
                <SequencePoint vc="1" uspid="8988" ordinal="0" offset="538" sl="54" sc="13" el="54" ec="13" bec="0" bev="0" fileid="24" />
                <SequencePoint vc="1" uspid="8989" ordinal="0" offset="539" sl="55" sc="9" el="55" ec="9" bec="0" bev="0" fileid="24" />
                <SequencePoint vc="2" uspid="8990" ordinal="0" offset="540" sl="56" sc="5" el="56" ec="5" bec="0" bev="0" fileid="24" />
              </SequencePoints>
              <BranchPoints />
            </Method>
            <Method visited="true" cyclomaticComplexity="1" nPathComplexity="0" sequenceCoverage="100.0" branchCoverage="0" crapScore="1" isConstructor="true" isStatic="false" isGetter="false" isSetter="false">
              <Summary numSequencePoints="2" visitedSequencePoints="2" numBranchPoints="0" visitedBranchPoints="0" sequenceCoverage="100.0" branchCoverage="0" maxCyclomaticComplexity="1" minCyclomaticComplexity="1" maxCrapScore="1" minCrapScore="1" visitedClasses="0" numClasses="0" visitedMethods="1" numMethods="1" />
              <MetadataToken>100663502</MetadataToken>
              <Name>Inventory::Inventory()</Name>
              <FileRef uid="24" />
              <SequencePoints>
                <SequencePoint vc="6" uspid="9087" ordinal="0" offset="0" sl="8" sc="5" el="8" ec="5" bec="0" bev="0" fileid="24" />
                <SequencePoint vc="6" uspid="9088" ordinal="0" offset="11" sl="11" sc="5" el="11" ec="5" bec="0" bev="0" fileid="24" />
              </SequencePoints>
              <BranchPoints />
            </Method>
          </Methods>
        </Class>
        <Class>
          <Summary numSequencePoints="2" visitedSequencePoints="2" numBranchPoints="0" visitedBranchPoints="0" sequenceCoverage="100.0" branchCoverage="0.0" maxCyclomaticComplexity="1" minCyclomaticComplexity="1" maxCrapScore="1" minCrapScore="1" visitedClasses="1" numClasses="1" visitedMethods="1" numMethods="1" />
          <FullName>PlayerController</FullName>
          <Methods>
            <Method visited="true" cyclomaticComplexity="1" nPathComplexity="0" sequenceCoverage="100.0" branchCoverage="0" crapScore="1" isConstructor="true" isStatic="false" isGetter="false" isSetter="false">
              <Summary numSequencePoints="2" visitedSequencePoints="2" numBranchPoints="0" visitedBranchPoints="0" sequenceCoverage="100.0" branchCoverage="0" maxCyclomaticComplexity="1" minCyclomaticComplexity="1" maxCrapScore="1" minCrapScore="1" visitedClasses="0" numClasses="0" visitedMethods="1" numMethods="1" />
              <MetadataToken>100663533</MetadataToken>
              <Name>PlayerController::PlayerController()</Name>
              <FileRef uid="26" />
              <SequencePoints>
                <SequencePoint vc="1" uspid="9394" ordinal="0" offset="0" sl="29" sc="5" el="29" ec="5" bec="0" bev="0" fileid="26" />
                <SequencePoint vc="1" uspid="9395" ordinal="0" offset="7" sl="30" sc="5" el="30" ec="5" bec="0" bev="0" fileid="26" />
              </SequencePoints>
              <BranchPoints />
            </Method>
          </Methods>
        </Class>
        <Class>
          <Summary numSequencePoints="12" visitedSequencePoints="12" numBranchPoints="0" visitedBranchPoints="0" sequenceCoverage="100.0" branchCoverage="0.0" maxCyclomaticComplexity="1" minCyclomaticComplexity="1" maxCrapScore="1" minCrapScore="1" visitedClasses="1" numClasses="1" visitedMethods="2" numMethods="2" />
          <FullName>Player</FullName>
          <Methods>
            <Method visited="true" cyclomaticComplexity="1" nPathComplexity="0" sequenceCoverage="100.0" branchCoverage="0" crapScore="1" isConstructor="false" isStatic="false" isGetter="false" isSetter="false">
              <Summary numSequencePoints="3" visitedSequencePoints="3" numBranchPoints="0" visitedBranchPoints="0" sequenceCoverage="100.0" branchCoverage="0" maxCyclomaticComplexity="1" minCyclomaticComplexity="1" maxCrapScore="1" minCrapScore="1" visitedClasses="0" numClasses="0" visitedMethods="1" numMethods="1" />
              <MetadataToken>100663539</MetadataToken>
              <Name>Inventory Player::GetInventory()</Name>
              <FileRef uid="27" />
              <SequencePoints>
                <SequencePoint vc="2" uspid="9408" ordinal="0" offset="0" sl="64" sc="5" el="64" ec="5" bec="0" bev="0" fileid="27" />
                <SequencePoint vc="2" uspid="9409" ordinal="0" offset="1" sl="65" sc="9" el="65" ec="9" bec="0" bev="0" fileid="27" />
                <SequencePoint vc="2" uspid="9410" ordinal="0" offset="10" sl="66" sc="5" el="66" ec="5" bec="0" bev="0" fileid="27" />
              </SequencePoints>
              <BranchPoints />
            </Method>
            <Method visited="true" cyclomaticComplexity="1" nPathComplexity="0" sequenceCoverage="100.0" branchCoverage="0" crapScore="1" isConstructor="true" isStatic="false" isGetter="false" isSetter="false">
              <Summary numSequencePoints="9" visitedSequencePoints="9" numBranchPoints="0" visitedBranchPoints="0" sequenceCoverage="100.0" branchCoverage="0" maxCyclomaticComplexity="1" minCyclomaticComplexity="1" maxCrapScore="1" minCrapScore="1" visitedClasses="0" numClasses="0" visitedMethods="1" numMethods="1" />
              <MetadataToken>100663538</MetadataToken>
              <Name>Player::Player(System.String, UnityEngine.Material)</Name>
              <FileRef uid="27" />
              <SequencePoints>
                <SequencePoint vc="6" uspid="9485" ordinal="0" offset="0" sl="52" sc="5" el="52" ec="5" bec="0" bev="0" fileid="27" />
                <SequencePoint vc="6" uspid="9486" ordinal="0" offset="7" sl="53" sc="5" el="53" ec="5" bec="0" bev="0" fileid="27" />
                <SequencePoint vc="6" uspid="9487" ordinal="0" offset="8" sl="54" sc="9" el="54" ec="9" bec="0" bev="0" fileid="27" />
                <SequencePoint vc="6" uspid="9488" ordinal="0" offset="15" sl="55" sc="9" el="55" ec="9" bec="0" bev="0" fileid="27" />
                <SequencePoint vc="6" uspid="9489" ordinal="0" offset="22" sl="56" sc="9" el="56" ec="9" bec="0" bev="0" fileid="27" />
                <SequencePoint vc="6" uspid="9490" ordinal="0" offset="29" sl="57" sc="9" el="57" ec="9" bec="0" bev="0" fileid="27" />
                <SequencePoint vc="6" uspid="9491" ordinal="0" offset="44" sl="58" sc="9" el="58" ec="9" bec="0" bev="0" fileid="27" />
                <SequencePoint vc="6" uspid="9492" ordinal="0" offset="55" sl="59" sc="9" el="59" ec="9" bec="0" bev="0" fileid="27" />
                <SequencePoint vc="6" uspid="9493" ordinal="0" offset="66" sl="60" sc="5" el="60" ec="5" bec="0" bev="0" fileid="27" />
              </SequencePoints>
              <BranchPoints />
            </Method>
          </Methods>
        </Class>
        <Class>
          <Summary numSequencePoints="1" visitedSequencePoints="1" numBranchPoints="0" visitedBranchPoints="0" sequenceCoverage="100.0" branchCoverage="0.0" maxCyclomaticComplexity="1" minCyclomaticComplexity="1" maxCrapScore="1" minCrapScore="1" visitedClasses="1" numClasses="1" visitedMethods="1" numMethods="1" />
          <FullName>Tile</FullName>
          <Methods>
            <Method visited="true" cyclomaticComplexity="1" nPathComplexity="0" sequenceCoverage="100.0" branchCoverage="0" crapScore="1" isConstructor="true" isStatic="false" isGetter="false" isSetter="false">
              <Summary numSequencePoints="1" visitedSequencePoints="1" numBranchPoints="0" visitedBranchPoints="0" sequenceCoverage="100.0" branchCoverage="0" maxCyclomaticComplexity="1" minCyclomaticComplexity="1" maxCrapScore="1" minCrapScore="1" visitedClasses="0" numClasses="0" visitedMethods="1" numMethods="1" />
              <MetadataToken>100663568</MetadataToken>
              <Name>Tile::Tile()</Name>
              <FileRef uid="28" />
              <SequencePoints>
                <SequencePoint vc="1" uspid="9587" ordinal="0" offset="0" sl="22" sc="5" el="22" ec="5" bec="0" bev="0" fileid="28" />
              </SequencePoints>
              <BranchPoints />
            </Method>
          </Methods>
        </Class>
        <Class>
          <Summary numSequencePoints="1" visitedSequencePoints="1" numBranchPoints="0" visitedBranchPoints="0" sequenceCoverage="100.0" branchCoverage="0.0" maxCyclomaticComplexity="1" minCyclomaticComplexity="1" maxCrapScore="1" minCrapScore="1" visitedClasses="1" numClasses="1" visitedMethods="1" numMethods="1" />
          <FullName>TurnMaster</FullName>
          <Methods>
            <Method visited="true" cyclomaticComplexity="1" nPathComplexity="0" sequenceCoverage="100.0" branchCoverage="0" crapScore="1" isConstructor="true" isStatic="false" isGetter="false" isSetter="false">
              <Summary numSequencePoints="1" visitedSequencePoints="1" numBranchPoints="0" visitedBranchPoints="0" sequenceCoverage="100.0" branchCoverage="0" maxCyclomaticComplexity="1" minCyclomaticComplexity="1" maxCrapScore="1" minCrapScore="1" visitedClasses="0" numClasses="0" visitedMethods="1" numMethods="1" />
              <MetadataToken>100663576</MetadataToken>
              <Name>TurnMaster::TurnMaster()</Name>
              <FileRef uid="29" />
              <SequencePoints>
                <SequencePoint vc="1" uspid="9665" ordinal="0" offset="0" sl="10" sc="5" el="10" ec="5" bec="0" bev="0" fileid="29" />
              </SequencePoints>
              <BranchPoints />
            </Method>
          </Methods>
        </Class>
        <Class>
          <Summary numSequencePoints="3" visitedSequencePoints="3" numBranchPoints="0" visitedBranchPoints="0" sequenceCoverage="100.0" branchCoverage="0.0" maxCyclomaticComplexity="1" minCyclomaticComplexity="1" maxCrapScore="1" minCrapScore="1" visitedClasses="1" numClasses="1" visitedMethods="1" numMethods="1" />
          <FullName>Tile/TileReference</FullName>
          <Methods>
            <Method visited="true" cyclomaticComplexity="1" nPathComplexity="0" sequenceCoverage="100.0" branchCoverage="0" crapScore="1" isConstructor="true" isStatic="false" isGetter="false" isSetter="false">
              <Summary numSequencePoints="3" visitedSequencePoints="3" numBranchPoints="0" visitedBranchPoints="0" sequenceCoverage="100.0" branchCoverage="0" maxCyclomaticComplexity="1" minCyclomaticComplexity="1" maxCrapScore="1" minCrapScore="1" visitedClasses="0" numClasses="0" visitedMethods="1" numMethods="1" />
              <MetadataToken>100663616</MetadataToken>
              <Name>Tile/TileReference::TileReference()</Name>
              <FileRef uid="28" />
              <SequencePoints>
                <SequencePoint vc="1" uspid="9766" ordinal="0" offset="0" sl="15" sc="9" el="15" ec="9" bec="0" bev="0" fileid="28" />
                <SequencePoint vc="1" uspid="9767" ordinal="0" offset="21" sl="16" sc="9" el="16" ec="9" bec="0" bev="0" fileid="28" />
                <SequencePoint vc="1" uspid="9768" ordinal="0" offset="32" sl="17" sc="9" el="17" ec="9" bec="0" bev="0" fileid="28" />
              </SequencePoints>
              <BranchPoints />
            </Method>
          </Methods>
        </Class>
      </Classes>
    </Module>
  </Modules>
</CoverageSession>